#
# There is insufficient memory for the Java Runtime Environment to continue.
# Native memory allocation (mmap) failed to map 65536 bytes for Failed to commit metaspace.
# Possible reasons:
#   The system is out of physical RAM or swap space
#   The process is running with CompressedOops enabled, and the Java Heap may be blocking the growth of the native heap
# Possible solutions:
#   Reduce memory load on the system
#   Increase physical memory or swap space
#   Check if swap backing store is full
#   Decrease Java heap size (-Xmx/-Xms)
#   Decrease number of Java threads
#   Decrease Java thread stack sizes (-Xss)
#   Set larger code cache with -XX:ReservedCodeCacheSize=
#   JVM is running with Unscaled Compressed Oops mode in which the Java heap is
#     placed in the first 4GB address space. The Java Heap base address is the
#     maximum limit for the native heap growth. Please use -XX:HeapBaseMinAddress
#     to set the Java Heap base and to place the Java Heap above 4GB virtual address.
# This output file may be truncated or incomplete.
#
#  Out of Memory Error (virtualSpaceNode.cpp:110), pid=5608, tid=4224
#
# JRE version: Java(TM) SE Runtime Environment (17.0.8+9) (build 17.0.8+9-LTS-211)
# Java VM: Java HotSpot(TM) 64-Bit Server VM (17.0.8+9-LTS-211, mixed mode, sharing, tiered, compressed oops, compressed class ptrs, g1 gc, windows-amd64)
# No core dump will be written. Minidumps are not enabled by default on client versions of Windows
#

---------------  S U M M A R Y ------------

Command Line: -Xmx64m -Xms64m -Dorg.gradle.appname=gradlew org.gradle.wrapper.GradleWrapperMain app:installDebug -PreactNativeDevServerPort=8081

Host: AMD Ryzen 7 5700G with Radeon Graphics         , 16 cores, 15G,  Windows 11 , 64 bit Build 22621 (10.0.22621.2506)
Time: Mon Nov 20 14:41:14 2023  Windows 11 , 64 bit Build 22621 (10.0.22621.2506) elapsed time: 0.431653 seconds (0d 0h 0m 0s)

---------------  T H R E A D  ---------------

Current thread (0x0000023b7a214200):  JavaThread "main" [_thread_in_vm, id=4224, stack(0x0000008a6ca00000,0x0000008a6cb00000)]

Stack: [0x0000008a6ca00000,0x0000008a6cb00000]
Native frames: (J=compiled Java code, j=interpreted, Vv=VM code, C=native code)
V  [jvm.dll+0x677d0a]
V  [jvm.dll+0x7d8c54]
V  [jvm.dll+0x7da3fe]
V  [jvm.dll+0x7daa63]
V  [jvm.dll+0x245c5f]
V  [jvm.dll+0x7d4d5b]
V  [jvm.dll+0x61dcf6]
V  [jvm.dll+0x1c0127]
V  [jvm.dll+0x620650]
V  [jvm.dll+0x61e6b6]
V  [jvm.dll+0x24362c]
V  [jvm.dll+0x6ce69d]
V  [jvm.dll+0x6cf09f]
V  [jvm.dll+0x36ea05]
V  [jvm.dll+0x36dab4]
V  [jvm.dll+0x36da58]
V  [jvm.dll+0x37d88a]
C  0x0000023b0ec3b7f7

Java frames: (J=compiled Java code, j=interpreted, Vv=VM code)
j  org.slf4j.impl.StaticLoggerBinder.<init>()V+5
j  org.slf4j.impl.StaticLoggerBinder.<clinit>()V+4
v  ~StubRoutines::call_stub
j  org.slf4j.LoggerFactory.bind()V+16
j  org.slf4j.LoggerFactory.performInitialization()V+0
j  org.slf4j.LoggerFactory.getILoggerFactory()Lorg/slf4j/ILoggerFactory;+21
j  org.slf4j.LoggerFactory.getLogger(Ljava/lang/String;)Lorg/slf4j/Logger;+0
j  org.slf4j.LoggerFactory.getLogger(Ljava/lang/Class;)Lorg/slf4j/Logger;+4
j  org.gradle.internal.concurrent.CompositeStoppable.<clinit>()V+2
v  ~StubRoutines::call_stub
j  org.gradle.internal.service.DefaultServiceRegistry$OwnServices.<init>(Lorg/gradle/internal/service/DefaultServiceRegistry;)V+29
j  org.gradle.internal.service.DefaultServiceRegistry.<init>(Ljava/lang/String;[Lorg/gradle/internal/service/ServiceRegistry;)V+29
j  org.gradle.internal.service.DefaultServiceRegistry.<init>()V+5
j  org.gradle.internal.logging.services.LoggingServiceRegistry.<init>()V+1
j  org.gradle.internal.logging.services.LoggingServiceRegistry$CommandLineLogging.<init>()V+1
j  org.gradle.internal.logging.services.LoggingServiceRegistry$CommandLineLogging.<init>(Lorg/gradle/internal/logging/services/LoggingServiceRegistry$1;)V+1
j  org.gradle.internal.logging.services.LoggingServiceRegistry.newCommandLineProcessLogging()Lorg/gradle/internal/logging/services/LoggingServiceRegistry;+5
j  org.gradle.launcher.cli.DefaultCommandLineActionFactory.createLoggingServices()Lorg/gradle/internal/service/ServiceRegistry;+0
j  org.gradle.launcher.cli.DefaultCommandLineActionFactory.convert(Ljava/util/List;)Lorg/gradle/launcher/bootstrap/CommandLineActionFactory$CommandLineExecution;+1
j  org.gradle.launcher.Main.doAction([Ljava/lang/String;Lorg/gradle/launcher/bootstrap/ExecutionListener;)V+8
j  org.gradle.launcher.bootstrap.EntryPoint.run([Ljava/lang/String;)V+12
v  ~StubRoutines::call_stub
j  jdk.internal.reflect.NativeMethodAccessorImpl.invoke0(Ljava/lang/reflect/Method;Ljava/lang/Object;[Ljava/lang/Object;)Ljava/lang/Object;+0 java.base@17.0.8
j  jdk.internal.reflect.NativeMethodAccessorImpl.invoke(Ljava/lang/Object;[Ljava/lang/Object;)Ljava/lang/Object;+133 java.base@17.0.8
j  jdk.internal.reflect.DelegatingMethodAccessorImpl.invoke(Ljava/lang/Object;[Ljava/lang/Object;)Ljava/lang/Object;+6 java.base@17.0.8
j  java.lang.reflect.Method.invoke(Ljava/lang/Object;[Ljava/lang/Object;)Ljava/lang/Object;+59 java.base@17.0.8
j  org.gradle.launcher.bootstrap.ProcessBootstrap.runNoExit(Ljava/lang/String;[Ljava/lang/String;)V+159
j  org.gradle.launcher.bootstrap.ProcessBootstrap.run(Ljava/lang/String;[Ljava/lang/String;)V+2
v  ~StubRoutines::call_stub
j  jdk.internal.reflect.NativeMethodAccessorImpl.invoke0(Ljava/lang/reflect/Method;Ljava/lang/Object;[Ljava/lang/Object;)Ljava/lang/Object;+0 java.base@17.0.8
j  jdk.internal.reflect.NativeMethodAccessorImpl.invoke(Ljava/lang/Object;[Ljava/lang/Object;)Ljava/lang/Object;+133 java.base@17.0.8
j  jdk.internal.reflect.DelegatingMethodAccessorImpl.invoke(Ljava/lang/Object;[Ljava/lang/Object;)Ljava/lang/Object;+6 java.base@17.0.8
j  java.lang.reflect.Method.invoke(Ljava/lang/Object;[Ljava/lang/Object;)Ljava/lang/Object;+59 java.base@17.0.8
j  org.gradle.launcher.GradleMain.main([Ljava/lang/String;)V+100
v  ~StubRoutines::call_stub
j  jdk.internal.reflect.NativeMethodAccessorImpl.invoke0(Ljava/lang/reflect/Method;Ljava/lang/Object;[Ljava/lang/Object;)Ljava/lang/Object;+0 java.base@17.0.8
j  jdk.internal.reflect.NativeMethodAccessorImpl.invoke(Ljava/lang/Object;[Ljava/lang/Object;)Ljava/lang/Object;+133 java.base@17.0.8
j  jdk.internal.reflect.DelegatingMethodAccessorImpl.invoke(Ljava/lang/Object;[Ljava/lang/Object;)Ljava/lang/Object;+6 java.base@17.0.8
j  java.lang.reflect.Method.invoke(Ljava/lang/Object;[Ljava/lang/Object;)Ljava/lang/Object;+59 java.base@17.0.8
j  org.gradle.wrapper.BootstrapMainStarter.start([Ljava/lang/String;Ljava/io/File;)V+105
j  org.gradle.wrapper.WrapperExecutor.execute([Ljava/lang/String;Lorg/gradle/wrapper/Install;Lorg/gradle/wrapper/BootstrapMainStarter;)V+14
j  org.gradle.wrapper.GradleWrapperMain.main([Ljava/lang/String;)V+206
v  ~StubRoutines::call_stub

---------------  P R O C E S S  ---------------

Threads class SMR info:
_java_thread_list=0x0000023b16cb3df0, length=14, elements={
0x0000023b7a214200, 0x0000023b7a2d5e30, 0x0000023b7a2d7fb0, 0x0000023b16932610,
0x0000023b169350d0, 0x0000023b16935a80, 0x0000023b16940450, 0x0000023b169446e0,
0x0000023b16945180, 0x0000023b1694e340, 0x0000023b16ad25f0, 0x0000023b16ae0380,
0x0000023b16ae2100, 0x0000023b16ca8160
}

Java Threads: ( => current thread )
=>0x0000023b7a214200 JavaThread "main" [_thread_in_vm, id=4224, stack(0x0000008a6ca00000,0x0000008a6cb00000)]
  0x0000023b7a2d5e30 JavaThread "Reference Handler" daemon [_thread_blocked, id=12760, stack(0x0000008a6d100000,0x0000008a6d200000)]
  0x0000023b7a2d7fb0 JavaThread "Finalizer" daemon [_thread_blocked, id=2528, stack(0x0000008a6d200000,0x0000008a6d300000)]
  0x0000023b16932610 JavaThread "Signal Dispatcher" daemon [_thread_blocked, id=15284, stack(0x0000008a6d300000,0x0000008a6d400000)]
  0x0000023b169350d0 JavaThread "Attach Listener" daemon [_thread_blocked, id=18380, stack(0x0000008a6d400000,0x0000008a6d500000)]
  0x0000023b16935a80 JavaThread "Service Thread" daemon [_thread_blocked, id=12900, stack(0x0000008a6d500000,0x0000008a6d600000)]
  0x0000023b16940450 JavaThread "Monitor Deflation Thread" daemon [_thread_blocked, id=9500, stack(0x0000008a6d600000,0x0000008a6d700000)]
  0x0000023b169446e0 JavaThread "C2 CompilerThread0" daemon [_thread_blocked, id=20752, stack(0x0000008a6d700000,0x0000008a6d800000)]
  0x0000023b16945180 JavaThread "C1 CompilerThread0" daemon [_thread_blocked, id=20484, stack(0x0000008a6d800000,0x0000008a6d900000)]
  0x0000023b1694e340 JavaThread "Sweeper thread" daemon [_thread_blocked, id=3808, stack(0x0000008a6d900000,0x0000008a6da00000)]
  0x0000023b16ad25f0 JavaThread "C1 CompilerThread1" daemon [_thread_blocked, id=20500, stack(0x0000008a6da00000,0x0000008a6db00000)]
  0x0000023b16ae0380 JavaThread "Notification Thread" daemon [_thread_blocked, id=14184, stack(0x0000008a6db00000,0x0000008a6dc00000)]
  0x0000023b16ae2100 JavaThread "Common-Cleaner" daemon [_thread_blocked, id=9528, stack(0x0000008a6dd00000,0x0000008a6de00000)]
  0x0000023b16ca8160 JavaThread "C2 CompilerThread1" daemon [_thread_blocked, id=9408, stack(0x0000008a6de00000,0x0000008a6df00000)]

Other Threads:
  0x0000023b7a2d7a30 VMThread "VM Thread" [stack: 0x0000008a6d000000,0x0000008a6d100000] [id=324]
  0x0000023b16ae0e60 WatcherThread [stack: 0x0000008a6dc00000,0x0000008a6dd00000] [id=20780]
  0x0000023b7a235250 GCTaskThread "GC Thread#0" [stack: 0x0000008a6cb00000,0x0000008a6cc00000] [id=16616]
  0x0000023b7a236990 ConcurrentGCThread "G1 Main Marker" [stack: 0x0000008a6cc00000,0x0000008a6cd00000] [id=6860]
  0x0000023b7a2373a0 ConcurrentGCThread "G1 Conc#0" [stack: 0x0000008a6cd00000,0x0000008a6ce00000] [id=14032]
  0x0000023b7a2aef60 ConcurrentGCThread "G1 Refine#0" [stack: 0x0000008a6ce00000,0x0000008a6cf00000] [id=15384]
  0x0000023b7a2b0830 ConcurrentGCThread "G1 Service" [stack: 0x0000008a6cf00000,0x0000008a6d000000] [id=8008]

Threads with active compile tasks:

VM state: not at safepoint (normal execution)

VM Mutex/Monitor currently owned by a thread:  ([mutex/lock_event])
[0x0000023b7a210860] Metaspace_lock - owner thread: 0x0000023b7a214200

Heap address: 0x00000000fc000000, size: 64 MB, Compressed Oops mode: 32-bit

CDS archive(s) mapped at: [0x0000023b17000000-0x0000023b17bd0000-0x0000023b17bd0000), size 12386304, SharedBaseAddress: 0x0000023b17000000, ArchiveRelocationMode: 1.
Compressed class space mapped at: 0x0000023b18000000-0x0000023b58000000, reserved size: 1073741824
Narrow klass base: 0x0000023b17000000, Narrow klass shift: 0, Narrow klass range: 0x100000000

GC Precious Log:
 CPUs: 16 total, 16 available
 Memory: 15763M
 Large Page Support: Disabled
 NUMA Support: Disabled
 Compressed Oops: Enabled (32-bit)
 Heap Region Size: 1M
 Heap Min Capacity: 64M
 Heap Initial Capacity: 64M
 Heap Max Capacity: 64M
 Pre-touch: Disabled
 Parallel Workers: 13
 Concurrent Workers: 3
 Concurrent Refinement Workers: 13
 Periodic GC: Disabled

Heap:
 garbage-first heap   total 65536K, used 20480K [0x00000000fc000000, 0x0000000100000000)
  region size 1024K, 18 young (18432K), 0 survivors (0K)
 Metaspace       used 2170K, committed 2240K, reserved 1114112K
  class space    used 204K, committed 256K, reserved 1048576K

Heap Regions: E=young(eden), S=young(survivor), O=old, HS=humongous(starts), HC=humongous(continues), CS=collection set, F=free, OA=open archive, CA=closed archive, TAMS=top-at-mark-start (previous, next)
|   0|0x00000000fc000000, 0x00000000fc100000, 0x00000000fc100000|100%|HS|  |TAMS 0x00000000fc000000, 0x00000000fc000000| Complete 
|   1|0x00000000fc100000, 0x00000000fc200000, 0x00000000fc200000|100%|HC|  |TAMS 0x00000000fc100000, 0x00000000fc100000| Complete 
|   2|0x00000000fc200000, 0x00000000fc300000, 0x00000000fc300000|100%|HC|  |TAMS 0x00000000fc200000, 0x00000000fc200000| Complete 
|   3|0x00000000fc300000, 0x00000000fc400000, 0x00000000fc400000|100%|HC|  |TAMS 0x00000000fc300000, 0x00000000fc300000| Complete 
|   4|0x00000000fc400000, 0x00000000fc400000, 0x00000000fc500000|  0%| F|  |TAMS 0x00000000fc400000, 0x00000000fc400000| Untracked 
|   5|0x00000000fc500000, 0x00000000fc500000, 0x00000000fc600000|  0%| F|  |TAMS 0x00000000fc500000, 0x00000000fc500000| Untracked 
|   6|0x00000000fc600000, 0x00000000fc600000, 0x00000000fc700000|  0%| F|  |TAMS 0x00000000fc600000, 0x00000000fc600000| Untracked 
|   7|0x00000000fc700000, 0x00000000fc700000, 0x00000000fc800000|  0%| F|  |TAMS 0x00000000fc700000, 0x00000000fc700000| Untracked 
|   8|0x00000000fc800000, 0x00000000fc800000, 0x00000000fc900000|  0%| F|  |TAMS 0x00000000fc800000, 0x00000000fc800000| Untracked 
|   9|0x00000000fc900000, 0x00000000fc900000, 0x00000000fca00000|  0%| F|  |TAMS 0x00000000fc900000, 0x00000000fc900000| Untracked 
|  10|0x00000000fca00000, 0x00000000fca00000, 0x00000000fcb00000|  0%| F|  |TAMS 0x00000000fca00000, 0x00000000fca00000| Untracked 
|  11|0x00000000fcb00000, 0x00000000fcb00000, 0x00000000fcc00000|  0%| F|  |TAMS 0x00000000fcb00000, 0x00000000fcb00000| Untracked 
|  12|0x00000000fcc00000, 0x00000000fcc00000, 0x00000000fcd00000|  0%| F|  |TAMS 0x00000000fcc00000, 0x00000000fcc00000| Untracked 
|  13|0x00000000fcd00000, 0x00000000fcd00000, 0x00000000fce00000|  0%| F|  |TAMS 0x00000000fcd00000, 0x00000000fcd00000| Untracked 
|  14|0x00000000fce00000, 0x00000000fce00000, 0x00000000fcf00000|  0%| F|  |TAMS 0x00000000fce00000, 0x00000000fce00000| Untracked 
|  15|0x00000000fcf00000, 0x00000000fcf00000, 0x00000000fd000000|  0%| F|  |TAMS 0x00000000fcf00000, 0x00000000fcf00000| Untracked 
|  16|0x00000000fd000000, 0x00000000fd000000, 0x00000000fd100000|  0%| F|  |TAMS 0x00000000fd000000, 0x00000000fd000000| Untracked 
|  17|0x00000000fd100000, 0x00000000fd100000, 0x00000000fd200000|  0%| F|  |TAMS 0x00000000fd100000, 0x00000000fd100000| Untracked 
|  18|0x00000000fd200000, 0x00000000fd200000, 0x00000000fd300000|  0%| F|  |TAMS 0x00000000fd200000, 0x00000000fd200000| Untracked 
|  19|0x00000000fd300000, 0x00000000fd300000, 0x00000000fd400000|  0%| F|  |TAMS 0x00000000fd300000, 0x00000000fd300000| Untracked 
|  20|0x00000000fd400000, 0x00000000fd400000, 0x00000000fd500000|  0%| F|  |TAMS 0x00000000fd400000, 0x00000000fd400000| Untracked 
|  21|0x00000000fd500000, 0x00000000fd500000, 0x00000000fd600000|  0%| F|  |TAMS 0x00000000fd500000, 0x00000000fd500000| Untracked 
|  22|0x00000000fd600000, 0x00000000fd600000, 0x00000000fd700000|  0%| F|  |TAMS 0x00000000fd600000, 0x00000000fd600000| Untracked 
|  23|0x00000000fd700000, 0x00000000fd700000, 0x00000000fd800000|  0%| F|  |TAMS 0x00000000fd700000, 0x00000000fd700000| Untracked 
|  24|0x00000000fd800000, 0x00000000fd800000, 0x00000000fd900000|  0%| F|  |TAMS 0x00000000fd800000, 0x00000000fd800000| Untracked 
|  25|0x00000000fd900000, 0x00000000fd900000, 0x00000000fda00000|  0%| F|  |TAMS 0x00000000fd900000, 0x00000000fd900000| Untracked 
|  26|0x00000000fda00000, 0x00000000fda00000, 0x00000000fdb00000|  0%| F|  |TAMS 0x00000000fda00000, 0x00000000fda00000| Untracked 
|  27|0x00000000fdb00000, 0x00000000fdb00000, 0x00000000fdc00000|  0%| F|  |TAMS 0x00000000fdb00000, 0x00000000fdb00000| Untracked 
|  28|0x00000000fdc00000, 0x00000000fdc00000, 0x00000000fdd00000|  0%| F|  |TAMS 0x00000000fdc00000, 0x00000000fdc00000| Untracked 
|  29|0x00000000fdd00000, 0x00000000fdd00000, 0x00000000fde00000|  0%| F|  |TAMS 0x00000000fdd00000, 0x00000000fdd00000| Untracked 
|  30|0x00000000fde00000, 0x00000000fde00000, 0x00000000fdf00000|  0%| F|  |TAMS 0x00000000fde00000, 0x00000000fde00000| Untracked 
|  31|0x00000000fdf00000, 0x00000000fdf00000, 0x00000000fe000000|  0%| F|  |TAMS 0x00000000fdf00000, 0x00000000fdf00000| Untracked 
|  32|0x00000000fe000000, 0x00000000fe000000, 0x00000000fe100000|  0%| F|  |TAMS 0x00000000fe000000, 0x00000000fe000000| Untracked 
|  33|0x00000000fe100000, 0x00000000fe100000, 0x00000000fe200000|  0%| F|  |TAMS 0x00000000fe100000, 0x00000000fe100000| Untracked 
|  34|0x00000000fe200000, 0x00000000fe200000, 0x00000000fe300000|  0%| F|  |TAMS 0x00000000fe200000, 0x00000000fe200000| Untracked 
|  35|0x00000000fe300000, 0x00000000fe300000, 0x00000000fe400000|  0%| F|  |TAMS 0x00000000fe300000, 0x00000000fe300000| Untracked 
|  36|0x00000000fe400000, 0x00000000fe400000, 0x00000000fe500000|  0%| F|  |TAMS 0x00000000fe400000, 0x00000000fe400000| Untracked 
|  37|0x00000000fe500000, 0x00000000fe500000, 0x00000000fe600000|  0%| F|  |TAMS 0x00000000fe500000, 0x00000000fe500000| Untracked 
|  38|0x00000000fe600000, 0x00000000fe600000, 0x00000000fe700000|  0%| F|  |TAMS 0x00000000fe600000, 0x00000000fe600000| Untracked 
|  39|0x00000000fe700000, 0x00000000fe700000, 0x00000000fe800000|  0%| F|  |TAMS 0x00000000fe700000, 0x00000000fe700000| Untracked 
|  40|0x00000000fe800000, 0x00000000fe800000, 0x00000000fe900000|  0%| F|  |TAMS 0x00000000fe800000, 0x00000000fe800000| Untracked 
|  41|0x00000000fe900000, 0x00000000fe900000, 0x00000000fea00000|  0%| F|  |TAMS 0x00000000fe900000, 0x00000000fe900000| Untracked 
|  42|0x00000000fea00000, 0x00000000fea00000, 0x00000000feb00000|  0%| F|  |TAMS 0x00000000fea00000, 0x00000000fea00000| Untracked 
|  43|0x00000000feb00000, 0x00000000feb00000, 0x00000000fec00000|  0%| F|  |TAMS 0x00000000feb00000, 0x00000000feb00000| Untracked 
|  44|0x00000000fec00000, 0x00000000fec00000, 0x00000000fed00000|  0%| F|  |TAMS 0x00000000fec00000, 0x00000000fec00000| Untracked 
|  45|0x00000000fed00000, 0x00000000fed00000, 0x00000000fee00000|  0%| F|  |TAMS 0x00000000fed00000, 0x00000000fed00000| Untracked 
|  46|0x00000000fee00000, 0x00000000fef00000, 0x00000000fef00000|100%| E|  |TAMS 0x00000000fee00000, 0x00000000fee00000| Complete 
|  47|0x00000000fef00000, 0x00000000ff000000, 0x00000000ff000000|100%| E|  |TAMS 0x00000000fef00000, 0x00000000fef00000| Complete 
|  48|0x00000000ff000000, 0x00000000ff100000, 0x00000000ff100000|100%| E|CS|TAMS 0x00000000ff000000, 0x00000000ff000000| Complete 
|  49|0x00000000ff100000, 0x00000000ff200000, 0x00000000ff200000|100%| E|CS|TAMS 0x00000000ff100000, 0x00000000ff100000| Complete 
|  50|0x00000000ff200000, 0x00000000ff300000, 0x00000000ff300000|100%| E|CS|TAMS 0x00000000ff200000, 0x00000000ff200000| Complete 
|  51|0x00000000ff300000, 0x00000000ff400000, 0x00000000ff400000|100%| E|CS|TAMS 0x00000000ff300000, 0x00000000ff300000| Complete 
|  52|0x00000000ff400000, 0x00000000ff500000, 0x00000000ff500000|100%| E|CS|TAMS 0x00000000ff400000, 0x00000000ff400000| Complete 
|  53|0x00000000ff500000, 0x00000000ff600000, 0x00000000ff600000|100%| E|CS|TAMS 0x00000000ff500000, 0x00000000ff500000| Complete 
|  54|0x00000000ff600000, 0x00000000ff700000, 0x00000000ff700000|100%| E|CS|TAMS 0x00000000ff600000, 0x00000000ff600000| Complete 
|  55|0x00000000ff700000, 0x00000000ff800000, 0x00000000ff800000|100%| E|CS|TAMS 0x00000000ff700000, 0x00000000ff700000| Complete 
|  56|0x00000000ff800000, 0x00000000ff900000, 0x00000000ff900000|100%| E|CS|TAMS 0x00000000ff800000, 0x00000000ff800000| Complete 
|  57|0x00000000ff900000, 0x00000000ffa00000, 0x00000000ffa00000|100%| E|CS|TAMS 0x00000000ff900000, 0x00000000ff900000| Complete 
|  58|0x00000000ffa00000, 0x00000000ffb00000, 0x00000000ffb00000|100%| E|CS|TAMS 0x00000000ffa00000, 0x00000000ffa00000| Complete 
|  59|0x00000000ffb00000, 0x00000000ffc00000, 0x00000000ffc00000|100%| E|CS|TAMS 0x00000000ffb00000, 0x00000000ffb00000| Complete 
|  60|0x00000000ffc00000, 0x00000000ffd00000, 0x00000000ffd00000|100%| E|CS|TAMS 0x00000000ffc00000, 0x00000000ffc00000| Complete 
|  61|0x00000000ffd00000, 0x00000000ffe00000, 0x00000000ffe00000|100%| E|CS|TAMS 0x00000000ffd00000, 0x00000000ffd00000| Complete 
|  62|0x00000000ffe00000, 0x00000000fff00000, 0x00000000fff00000|100%| E|CS|TAMS 0x00000000ffe00000, 0x00000000ffe00000| Complete 
|  63|0x00000000fff00000, 0x0000000100000000, 0x0000000100000000|100%| E|CS|TAMS 0x00000000fff00000, 0x00000000fff00000| Complete 

Card table byte_map: [0x0000023b7a160000,0x0000023b7a180000] _byte_map_base: 0x0000023b79980000

Marking Bits (Prev, Next): (CMBitMap*) 0x0000023b7a235860, (CMBitMap*) 0x0000023b7a2358a0
 Prev Bits: [0x0000023b7ab60000, 0x0000023b7ac60000)
 Next Bits: [0x0000023b7ac60000, 0x0000023b7ad60000)

Polling page: 0x0000023b799e0000

Metaspace:

Usage:
  Non-class:      1.92 MB used.
      Class:    204.80 KB used.
       Both:      2.12 MB used.

Virtual space:
  Non-class space:       64.00 MB reserved,       1.94 MB (  3%) committed,  1 nodes.
      Class space:        1.00 GB reserved,     256.00 KB ( <1%) committed,  1 nodes.
             Both:        1.06 GB reserved,       2.19 MB ( <1%) committed. 

Chunk freelists:
   Non-Class:  11.55 MB
       Class:  15.66 MB
        Both:  27.20 MB

MaxMetaspaceSize: unlimited
CompressedClassSpaceSize: 1.00 GB
Initial GC threshold: 21.00 MB
Current GC threshold: 21.00 MB
CDS: on
MetaspaceReclaimPolicy: balanced
 - commit_granule_bytes: 65536.
 - commit_granule_words: 8192.
 - virtual_space_node_default_size: 8388608.
 - enlarge_chunks_in_place: 1.
 - new_chunks_are_fully_committed: 0.
 - uncommit_free_chunks: 1.
 - use_allocation_guard: 0.
 - handle_deallocations: 1.


Internal statistics:

num_allocs_failed_limit: 0.
num_arena_births: 14.
num_arena_deaths: 0.
num_vsnodes_births: 2.
num_vsnodes_deaths: 0.
num_space_committed: 35.
num_space_uncommitted: 0.
num_chunks_returned_to_freelist: 0.
num_chunks_taken_from_freelist: 53.
num_chunk_merges: 0.
num_chunk_splits: 30.
num_chunks_enlarged: 27.
num_purges: 0.
num_inconsistent_stats: 0.

CodeHeap 'non-profiled nmethods': size=119168Kb used=243Kb max_used=243Kb free=118924Kb
 bounds [0x0000023b0f370000, 0x0000023b0f5e0000, 0x0000023b167d0000]
CodeHeap 'profiled nmethods': size=119104Kb used=1326Kb max_used=1326Kb free=117777Kb
 bounds [0x0000023b077d0000, 0x0000023b07a40000, 0x0000023b0ec20000]
CodeHeap 'non-nmethods': size=7488Kb used=1688Kb max_used=1718Kb free=5799Kb
 bounds [0x0000023b0ec20000, 0x0000023b0ee90000, 0x0000023b0f370000]
 total_blobs=1130 nmethods=721 adapters=321
 compilation: enabled
              stopped_count=0, restarted_count=0
 full_count=0

Compilation events (20 events):
Event: 0.412 Thread 0x0000023b16ca8160  712       4       java.util.zip.ZipFile$Source::isMetaName (141 bytes)
Event: 0.414 Thread 0x0000023b16ca8160 nmethod 712 0x0000023b0f3a9c10 code [0x0000023b0f3a9da0, 0x0000023b0f3a9fd8]
Event: 0.414 Thread 0x0000023b16ca8160  713   !   4       java.util.zip.ZipFile$Source::checkAndAddEntry (262 bytes)
Event: 0.417 Thread 0x0000023b16ad25f0  714       3       jdk.internal.loader.FileURLMapper::getPath (139 bytes)
Event: 0.418 Thread 0x0000023b16ad25f0 nmethod 714 0x0000023b0790e610 code [0x0000023b0790e920, 0x0000023b0790f788]
Event: 0.418 Thread 0x0000023b16ad25f0  715       3       sun.net.util.URLUtil::urlNoFragString (114 bytes)
Event: 0.418 Thread 0x0000023b169446e0 nmethod 696 0x0000023b0f3aa190 code [0x0000023b0f3aa3a0, 0x0000023b0f3ab6a0]
Event: 0.419 Thread 0x0000023b16ad25f0 nmethod 715 0x0000023b0790fc90 code [0x0000023b0790ffc0, 0x0000023b07911008]
Event: 0.420 Thread 0x0000023b16ad25f0  716       3       java.lang.String::hashCode (60 bytes)
Event: 0.420 Thread 0x0000023b16ad25f0 nmethod 716 0x0000023b07911590 code [0x0000023b07911760, 0x0000023b07911ad8]
Event: 0.420 Thread 0x0000023b16ad25f0  717       3       java.lang.String::<init> (815 bytes)
Event: 0.421 Thread 0x0000023b16945180  718       3       java.net.URL::toLowerCase (38 bytes)
Event: 0.421 Thread 0x0000023b16945180 nmethod 718 0x0000023b07911b90 code [0x0000023b07911da0, 0x0000023b07912268]
Event: 0.421 Thread 0x0000023b16945180  719   !   3       java.net.URL::getURLStreamHandler (191 bytes)
Event: 0.422 Thread 0x0000023b16ad25f0 nmethod 717 0x0000023b07912410 code [0x0000023b079128c0, 0x0000023b07915478]
Event: 0.422 Thread 0x0000023b16945180 nmethod 719 0x0000023b07916090 code [0x0000023b07916340, 0x0000023b07917158]
Event: 0.422 Thread 0x0000023b16ca8160 nmethod 713 0x0000023b0f3abd90 code [0x0000023b0f3abf60, 0x0000023b0f3ac7d0]
Event: 0.422 Thread 0x0000023b16945180  720       3       jdk.internal.util.jar.JarIndex::get (49 bytes)
Event: 0.423 Thread 0x0000023b16945180 nmethod 720 0x0000023b07917610 code [0x0000023b07917840, 0x0000023b07918128]
Event: 0.423 Thread 0x0000023b16945180  721   !   3       jdk.internal.loader.URLClassPath$JarLoader::getResource (354 bytes)

GC Heap History (0 events):
No events

Deoptimization events (20 events):
Event: 0.365 Thread 0x0000023b7a214200 DEOPT PACKING pc=0x0000023b0f39c778 sp=0x0000008a6caf9590
Event: 0.365 Thread 0x0000023b7a214200 DEOPT UNPACKING pc=0x0000023b0ec723a3 sp=0x0000008a6caf94c8 mode 2
Event: 0.371 Thread 0x0000023b7a214200 DEOPT PACKING pc=0x0000023b07815777 sp=0x0000008a6caf8820
Event: 0.371 Thread 0x0000023b7a214200 DEOPT UNPACKING pc=0x0000023b0ec72b43 sp=0x0000008a6caf7ce0 mode 0
Event: 0.391 Thread 0x0000023b7a214200 Uncommon trap: trap_request=0xffffffde fr.pc=0x0000023b0f39a94c relative=0x0000000000000ecc
Event: 0.391 Thread 0x0000023b7a214200 Uncommon trap: reason=class_check action=maybe_recompile pc=0x0000023b0f39a94c method=java.util.HashMap.putVal(ILjava/lang/Object;Ljava/lang/Object;ZZ)Ljava/lang/Object; @ 203 c2
Event: 0.391 Thread 0x0000023b7a214200 DEOPT PACKING pc=0x0000023b0f39a94c sp=0x0000008a6cafbb00
Event: 0.391 Thread 0x0000023b7a214200 DEOPT UNPACKING pc=0x0000023b0ec723a3 sp=0x0000008a6cafba90 mode 2
Event: 0.410 Thread 0x0000023b7a214200 Uncommon trap: trap_request=0xffffff45 fr.pc=0x0000023b0f3a1b58 relative=0x0000000000000418
Event: 0.410 Thread 0x0000023b7a214200 Uncommon trap: reason=unstable_if action=reinterpret pc=0x0000023b0f3a1b58 method=java.util.zip.ZipCoder$UTF8ZipCoder.checkedHash([BII)I @ 27 c2
Event: 0.410 Thread 0x0000023b7a214200 DEOPT PACKING pc=0x0000023b0f3a1b58 sp=0x0000008a6cafb1a0
Event: 0.410 Thread 0x0000023b7a214200 DEOPT UNPACKING pc=0x0000023b0ec723a3 sp=0x0000008a6cafb068 mode 2
Event: 0.410 Thread 0x0000023b7a214200 Uncommon trap: trap_request=0xffffff45 fr.pc=0x0000023b0f37892c relative=0x00000000000001ac
Event: 0.410 Thread 0x0000023b7a214200 Uncommon trap: reason=unstable_if action=reinterpret pc=0x0000023b0f37892c method=java.lang.String.isLatin1()Z @ 10 c2
Event: 0.410 Thread 0x0000023b7a214200 DEOPT PACKING pc=0x0000023b0f37892c sp=0x0000008a6cafafa0
Event: 0.410 Thread 0x0000023b7a214200 DEOPT UNPACKING pc=0x0000023b0ec723a3 sp=0x0000008a6cafaed0 mode 2
Event: 0.411 Thread 0x0000023b7a214200 Uncommon trap: trap_request=0xffffff45 fr.pc=0x0000023b0f3a0c98 relative=0x0000000000000178
Event: 0.411 Thread 0x0000023b7a214200 Uncommon trap: reason=unstable_if action=reinterpret pc=0x0000023b0f3a0c98 method=java.util.zip.ZipFile$Source.isMetaName([BII)Z @ 57 c2
Event: 0.411 Thread 0x0000023b7a214200 DEOPT PACKING pc=0x0000023b0f3a0c98 sp=0x0000008a6cafb1b0
Event: 0.411 Thread 0x0000023b7a214200 DEOPT UNPACKING pc=0x0000023b0ec723a3 sp=0x0000008a6cafb140 mode 2

Classes unloaded (0 events):
No events

Classes redefined (0 events):
No events

Internal exceptions (1 events):
Event: 0.151 Thread 0x0000023b7a214200 Exception <a 'java/lang/NoSuchMethodError'{0x00000000ffb764f0}: 'int java.lang.invoke.DirectMethodHandle$Holder.invokeStaticInit(java.lang.Object, java.lang.Object)'> (0x00000000ffb764f0) 
thrown [s\open\src\hotspot\share\interpreter\linkResolver.cpp, line 759]

VM Operations (2 events):
Event: 0.077 Executing VM operation: HandshakeAllThreads
Event: 0.078 Executing VM operation: HandshakeAllThreads done

Events (20 events):
Event: 0.380 loading class java/lang/NoSuchFieldError
Event: 0.380 loading class java/lang/NoSuchFieldError done
Event: 0.380 loading class java/util/concurrent/LinkedBlockingQueue
Event: 0.381 loading class java/util/concurrent/BlockingQueue
Event: 0.381 loading class java/util/concurrent/BlockingQueue done
Event: 0.381 loading class java/util/AbstractQueue
Event: 0.381 loading class java/util/AbstractQueue done
Event: 0.381 loading class java/util/concurrent/LinkedBlockingQueue done
Event: 0.381 loading class java/util/concurrent/locks/AbstractQueuedSynchronizer$ConditionObject
Event: 0.381 loading class java/util/concurrent/locks/Condition
Event: 0.381 loading class java/util/concurrent/locks/Condition done
Event: 0.381 loading class java/util/concurrent/locks/AbstractQueuedSynchronizer$ConditionObject done
Event: 0.381 loading class java/util/concurrent/LinkedBlockingQueue$Node
Event: 0.381 loading class java/util/concurrent/LinkedBlockingQueue$Node done
Event: 0.382 loading class java/lang/SecurityException
Event: 0.382 loading class java/lang/SecurityException done
Event: 0.382 loading class java/net/URLClassLoader$3
Event: 0.382 loading class java/net/URLClassLoader$3 done
Event: 0.382 loading class java/net/URLClassLoader$3$1
Event: 0.382 loading class java/net/URLClassLoader$3$1 done


Dynamic libraries:
0x00007ff793d40000 - 0x00007ff793d50000 	D:\java sdk\jdk-17.0.8\bin\java.exe
0x00007ffd239b0000 - 0x00007ffd23bc7000 	C:\Windows\SYSTEM32\ntdll.dll
0x00007ffd233f0000 - 0x00007ffd234b4000 	C:\Windows\System32\KERNEL32.DLL
0x00007ffd21020000 - 0x00007ffd213c5000 	C:\Windows\System32\KERNELBASE.dll
0x00007ffd20f00000 - 0x00007ffd21011000 	C:\Windows\System32\ucrtbase.dll
0x00007ffcf6830000 - 0x00007ffcf6849000 	D:\java sdk\jdk-17.0.8\bin\jli.dll
0x00007ffd053a0000 - 0x00007ffd053bb000 	D:\java sdk\jdk-17.0.8\bin\VCRUNTIME140.dll
0x00007ffd220d0000 - 0x00007ffd22181000 	C:\Windows\System32\ADVAPI32.dll
0x00007ffd234c0000 - 0x00007ffd23567000 	C:\Windows\System32\msvcrt.dll
0x00007ffd22020000 - 0x00007ffd220c6000 	C:\Windows\System32\sechost.dll
0x00007ffd21cd0000 - 0x00007ffd21de7000 	C:\Windows\System32\RPCRT4.dll
0x00007ffd22520000 - 0x00007ffd226ce000 	C:\Windows\System32\USER32.dll
0x00007ffd20ed0000 - 0x00007ffd20ef6000 	C:\Windows\System32\win32u.dll
0x00007ffcfa770000 - 0x00007ffcfaa03000 	C:\Windows\WinSxS\amd64_microsoft.windows.common-controls_6595b64144ccf1df_6.0.22621.2506_none_270c5ae97388e100\COMCTL32.dll
0x00007ffd22890000 - 0x00007ffd228b9000 	C:\Windows\System32\GDI32.dll
0x00007ffd213d0000 - 0x00007ffd214e9000 	C:\Windows\System32\gdi32full.dll
0x00007ffd214f0000 - 0x00007ffd2158a000 	C:\Windows\System32\msvcp_win.dll
0x00007ffd191b0000 - 0x00007ffd191ba000 	C:\Windows\SYSTEM32\VERSION.dll
0x00007ffd21760000 - 0x00007ffd21791000 	C:\Windows\System32\IMM32.DLL
0x00007ffd05f30000 - 0x00007ffd05f3c000 	D:\java sdk\jdk-17.0.8\bin\vcruntime140_1.dll
0x00007ffcbdd90000 - 0x00007ffcbde1e000 	D:\java sdk\jdk-17.0.8\bin\msvcp140.dll
0x00007ffca59d0000 - 0x00007ffca65ae000 	D:\java sdk\jdk-17.0.8\bin\server\jvm.dll
0x00007ffd236e0000 - 0x00007ffd236e8000 	C:\Windows\System32\PSAPI.DLL
0x00007ffd17bc0000 - 0x00007ffd17bf4000 	C:\Windows\SYSTEM32\WINMM.dll
0x00007ffd1e000000 - 0x00007ffd1e009000 	C:\Windows\SYSTEM32\WSOCK32.dll
0x00007ffd228c0000 - 0x00007ffd22931000 	C:\Windows\System32\WS2_32.dll
0x00007ffd1fd00000 - 0x00007ffd1fd18000 	C:\Windows\SYSTEM32\kernel.appcore.dll
0x00007ffd1dfa0000 - 0x00007ffd1dfaa000 	D:\java sdk\jdk-17.0.8\bin\jimage.dll
0x00007ffd19420000 - 0x00007ffd19653000 	C:\Windows\SYSTEM32\DBGHELP.DLL
0x00007ffd22190000 - 0x00007ffd22519000 	C:\Windows\System32\combase.dll
0x00007ffd23600000 - 0x00007ffd236d7000 	C:\Windows\System32\OLEAUT32.dll
0x00007ffd0c540000 - 0x00007ffd0c572000 	C:\Windows\SYSTEM32\dbgcore.DLL
0x00007ffd20d20000 - 0x00007ffd20d9a000 	C:\Windows\System32\bcryptPrimitives.dll
0x00007ffcf9d90000 - 0x00007ffcf9db5000 	D:\java sdk\jdk-17.0.8\bin\java.dll
0x00007ffcbb1a0000 - 0x00007ffcbb277000 	D:\java sdk\jdk-17.0.8\bin\jsvml.dll
0x00007ffd22a90000 - 0x00007ffd232e9000 	C:\Windows\System32\SHELL32.dll
0x00007ffd1ec20000 - 0x00007ffd1f514000 	C:\Windows\SYSTEM32\windows.storage.dll
0x00007ffd1eae0000 - 0x00007ffd1ec1e000 	C:\Windows\SYSTEM32\wintypes.dll
0x00007ffd23850000 - 0x00007ffd23943000 	C:\Windows\System32\SHCORE.dll
0x00007ffd217a0000 - 0x00007ffd217fe000 	C:\Windows\System32\shlwapi.dll
0x00007ffd20c50000 - 0x00007ffd20c76000 	C:\Windows\SYSTEM32\profapi.dll
0x00007ffcf9d70000 - 0x00007ffcf9d89000 	D:\java sdk\jdk-17.0.8\bin\net.dll
0x00007ffd1b680000 - 0x00007ffd1b7b7000 	C:\Windows\SYSTEM32\WINHTTP.dll
0x00007ffd20180000 - 0x00007ffd201e9000 	C:\Windows\system32\mswsock.dll
0x00007ffcf1100000 - 0x00007ffcf1116000 	D:\java sdk\jdk-17.0.8\bin\nio.dll
0x00007ffcf10e0000 - 0x00007ffcf10f8000 	D:\java sdk\jdk-17.0.8\bin\zip.dll
0x00007ffd1df90000 - 0x00007ffd1dfa0000 	D:\java sdk\jdk-17.0.8\bin\verify.dll

dbghelp: loaded successfully - version: 4.0.5 - missing functions: none
symbol engine: initialized successfully - sym options: 0x614 - pdb path: .;D:\java sdk\jdk-17.0.8\bin;C:\Windows\SYSTEM32;C:\Windows\WinSxS\amd64_microsoft.windows.common-controls_6595b64144ccf1df_6.0.22621.2506_none_270c5ae97388e100;D:\java sdk\jdk-17.0.8\bin\server

VM Arguments:
jvm_args: -Xmx64m -Xms64m -Dorg.gradle.appname=gradlew 
java_command: org.gradle.wrapper.GradleWrapperMain app:installDebug -PreactNativeDevServerPort=8081
java_class_path (initial): C:\Users\Admin\Desktop\openim-reactnative-demo\android\\gradle\wrapper\gradle-wrapper.jar
Launcher Type: SUN_STANDARD

[Global flags]
     intx CICompilerCount                          = 12                                        {product} {ergonomic}
     uint ConcGCThreads                            = 3                                         {product} {ergonomic}
     uint G1ConcRefinementThreads                  = 13                                        {product} {ergonomic}
   size_t G1HeapRegionSize                         = 1048576                                   {product} {ergonomic}
    uintx GCDrainStackTargetSize                   = 64                                        {product} {ergonomic}
   size_t InitialHeapSize                          = 67108864                                  {product} {command line}
   size_t MarkStackSize                            = 4194304                                   {product} {ergonomic}
   size_t MaxHeapSize                              = 67108864                                  {product} {command line}
   size_t MaxNewSize                               = 39845888                                  {product} {ergonomic}
   size_t MinHeapDeltaBytes                        = 1048576                                   {product} {ergonomic}
   size_t MinHeapSize                              = 67108864                                  {product} {command line}
    uintx NonNMethodCodeHeapSize                   = 7602480                                {pd product} {ergonomic}
    uintx NonProfiledCodeHeapSize                  = 122027880                              {pd product} {ergonomic}
    uintx ProfiledCodeHeapSize                     = 122027880                              {pd product} {ergonomic}
    uintx ReservedCodeCacheSize                    = 251658240                              {pd product} {ergonomic}
     bool SegmentedCodeCache                       = true                                      {product} {ergonomic}
   size_t SoftMaxHeapSize                          = 67108864                               {manageable} {ergonomic}
     bool UseCompressedClassPointers               = true                           {product lp64_product} {ergonomic}
     bool UseCompressedOops                        = true                           {product lp64_product} {ergonomic}
     bool UseG1GC                                  = true                                      {product} {ergonomic}
     bool UseLargePagesIndividualAllocation        = false                                  {pd product} {ergonomic}

Logging:
Log output configuration:
 #0: stdout all=warning uptime,level,tags
 #1: stderr all=off uptime,level,tags

Environment Variables:
CLASSPATH=C:\Users\Admin\Desktop\openim-reactnative-demo\android\\gradle\wrapper\gradle-wrapper.jar
PATH=C:\Users\Admin\Desktop\openim-reactnative-demo\node_modules\.bin;C:\Users\Admin\Desktop\openim-reactnative-demo\node_modules\.bin;C:\Users\Admin\Desktop\node_modules\.bin;C:\Users\Admin\node_modules\.bin;C:\Users\node_modules\.bin;C:\node_modules\.bin;C:\Program Files\nodejs\node_modules\npm\node_modules\@npmcli\run-script\lib\node-gyp-bin;C:\Users\Admin\AppData\Local\Temp\yarn--1700460591116-0.8162861929533369;C:\Users\Admin\Desktop\openim-reactnative-demo\node_modules\.bin;C:\Users\Admin\AppData\Local\Yarn\Data\link\node_modules\.bin;C:\Users\Admin\AppData\Local\Yarn\bin;C:\Program Files\libexec\lib\node_modules\npm\bin\node-gyp-bin;C:\Program Files\lib\node_modules\npm\bin\node-gyp-bin;C:\Program Files\nodejs\node_modules\npm\bin\node-gyp-bin;D:\software\vmware\bin\;C:\Windows\system32 w10zj.com;C:\Windows;C:\Windows\System32\Wbem;C:\Windows\System32\WindowsPowerShell\v1.0\;D:\go sdk\bin;D:\java sdk\jdk-17.0.8\bin;D:\MySQL\MySQL\bin;D:\go sdk\bin;C:\Windows\System32;C:\windows\System32;D:\software\Git\cmd;D:\software\Git\bin;C:\Program Files\nodejs\;C:\Program Files (x86)\NetSarang\Xshell 7\;C:\Users\Admin\AppData\Local\Microsoft\WindowsApps;D:\software\GoLand 2023.2\bin;;C:\Users\Admin\go\bin;C:\Program Files\RedPanda-Cpp\MinGW64\bin;D:\software\Git\bin;D:\software\GoLand 2023.2\bin;C:\Program Files (x86)\Tencent\QQGameTempest\Hall.57938\;C:\Users\Admin\AppData\Local\Programs\Microsoft VS Code\bin;C:\Users\Admin\AppData\Roaming\npm
USERNAME=Admin
OS=Windows_NT
PROCESSOR_IDENTIFIER=AMD64 Family 25 Model 80 Stepping 0, AuthenticAMD



---------------  S Y S T E M  ---------------

OS:
 Windows 11 , 64 bit Build 22621 (10.0.22621.2506)
OS uptime: 0 days 5:20 hours

CPU: total 16 (initial active 16) (16 cores per cpu, 2 threads per core) family 25 model 80 stepping 0 microcode 0x0, cx8, cmov, fxsr, ht, mmx, 3dnowpref, sse, sse2, sse3, ssse3, sse4a, sse4.1, sse4.2, popcnt, lzcnt, tsc, tscinvbit, avx, avx2, aes, erms, clmul, bmi1, bmi2, adx, sha, fma, vzeroupper, clflush, clflushopt

Memory: 4k page, system-wide physical 15763M (497M free)
TotalPageFile size 23955M (AvailPageFile size 53M)
current process WorkingSet (physical memory assigned to process): 65M, peak: 65M
current process commit charge ("private bytes"): 164M, peak: 164M

vm_info: Java HotSpot(TM) 64-Bit Server VM (17.0.8+9-LTS-211) for windows-amd64 JRE (17.0.8+9-LTS-211), built on Jun 14 2023 10:34:31 by "mach5one" with MS VC++ 17.1 (VS2022)

END.
