#
# There is insufficient memory for the Java Runtime Environment to continue.
# Native memory allocation (mmap) failed to map 71303168 bytes for G1 virtual space
# Possible reasons:
#   The system is out of physical RAM or swap space
#   The process is running with CompressedOops enabled, and the Java Heap may be blocking the growth of the native heap
# Possible solutions:
#   Reduce memory load on the system
#   Increase physical memory or swap space
#   Check if swap backing store is full
#   Decrease Java heap size (-Xmx/-Xms)
#   Decrease number of Java threads
#   Decrease Java thread stack sizes (-Xss)
#   Set larger code cache with -XX:ReservedCodeCacheSize=
#   JVM is running with Unscaled Compressed Oops mode in which the Java heap is
#     placed in the first 4GB address space. The Java Heap base address is the
#     maximum limit for the native heap growth. Please use -XX:HeapBaseMinAddress
#     to set the Java Heap base and to place the Java Heap above 4GB virtual address.
# This output file may be truncated or incomplete.
#
#  Out of Memory Error (os_windows.cpp:3769), pid=6952, tid=10920
#
# JRE version: OpenJDK Runtime Environment (17.0.6) (build 17.0.6+0-b2043.56-10027231)
# Java VM: OpenJDK 64-Bit Server VM (17.0.6+0-b2043.56-10027231, mixed mode, tiered, compressed oops, compressed class ptrs, g1 gc, windows-amd64)
# No core dump will be written. Minidumps are not enabled by default on client versions of Windows
#

---------------  S U M M A R Y ------------

Command Line: -XX:MaxMetaspaceSize=512m --add-opens=java.base/java.util=ALL-UNNAMED --add-opens=java.base/java.lang=ALL-UNNAMED --add-opens=java.base/java.lang.invoke=ALL-UNNAMED --add-opens=java.prefs/java.util.prefs=ALL-UNNAMED --add-opens=java.base/java.nio.charset=ALL-UNNAMED --add-opens=java.base/java.net=ALL-UNNAMED --add-opens=java.base/java.util.concurrent.atomic=ALL-UNNAMED -Xmx2048m -Dfile.encoding=GBK -Duser.country=CN -Duser.language=zh -Duser.variant org.gradle.launcher.daemon.bootstrap.GradleDaemon 8.0.1

Host: AMD Ryzen 7 5700G with Radeon Graphics         , 16 cores, 15G,  Windows 11 , 64 bit Build 22621 (10.0.22621.2506)
Time: Fri Nov 24 11:49:05 2023  Windows 11 , 64 bit Build 22621 (10.0.22621.2506) elapsed time: 10.899562 seconds (0d 0h 0m 10s)

---------------  T H R E A D  ---------------

Current thread (0x0000021aef4fe410):  VMThread "VM Thread" [stack: 0x000000d169900000,0x000000d169a00000] [id=10920]

Stack: [0x000000d169900000,0x000000d169a00000]
Native frames: (J=compiled Java code, j=interpreted, Vv=VM code, C=native code)
V  [jvm.dll+0x683c9a]
V  [jvm.dll+0x8427a4]
V  [jvm.dll+0x843f9e]
V  [jvm.dll+0x844603]
V  [jvm.dll+0x249b75]
V  [jvm.dll+0x680b69]
V  [jvm.dll+0x67505a]
V  [jvm.dll+0x309acb]
V  [jvm.dll+0x310f86]
V  [jvm.dll+0x3608ee]
V  [jvm.dll+0x360b1f]
V  [jvm.dll+0x2dfbf8]
V  [jvm.dll+0x2ddec4]
V  [jvm.dll+0x2dd4cc]
V  [jvm.dll+0x322261]
V  [jvm.dll+0x848ccb]
V  [jvm.dll+0x849a04]
V  [jvm.dll+0x849f1d]
V  [jvm.dll+0x84a2f4]
V  [jvm.dll+0x84a3c0]
V  [jvm.dll+0x7f274a]
V  [jvm.dll+0x682ad5]
C  [ucrtbase.dll+0x29363]
C  [KERNEL32.DLL+0x1257d]
C  [ntdll.dll+0x5aa58]

VM_Operation (0x000000d16b6f5140): G1TryInitiateConcMark, mode: safepoint, requested by thread 0x0000021af150fa40


---------------  P R O C E S S  ---------------

Threads class SMR info:
_java_thread_list=0x0000021afb721550, length=238, elements={
0x0000021ad4b09370, 0x0000021af004a7c0, 0x0000021af004b630, 0x0000021af0096150,
0x0000021af0097d80, 0x0000021af009a840, 0x0000021af009b1f0, 0x0000021af00c9330,
0x0000021af00d1de0, 0x0000021af00e33a0, 0x0000021af02151e0, 0x0000021af0217910,
0x0000021af0234210, 0x0000021af0259280, 0x0000021af150ff10, 0x0000021af1510d80,
0x0000021af150ebd0, 0x0000021af1511250, 0x0000021af150d890, 0x0000021af150e700,
0x0000021af150fa40, 0x0000021af150e230, 0x0000021af150f0a0, 0x0000021af150dd60,
0x0000021af150f570, 0x0000021af2765730, 0x0000021af27678e0, 0x0000021af2769f60,
0x0000021af27690f0, 0x0000021af2768280, 0x0000021af2765c00, 0x0000021af27660d0,
0x0000021af2763a50, 0x0000021af2763f20, 0x0000021af276add0, 0x0000021af27643f0,
0x0000021af2765260, 0x0000021af2767410, 0x0000021af2768750, 0x0000021af2767db0,
0x0000021af2769a90, 0x0000021af683eb20, 0x0000021af039f7d0, 0x0000021af683c4a0,
0x0000021af683c970, 0x0000021af683d7e0, 0x0000021af683ce40, 0x0000021af683eff0,
0x0000021af683bb00, 0x0000021af683bfd0, 0x0000021af683dcb0, 0x0000021af5de6000,
0x0000021af5de2fe0, 0x0000021af5de4320, 0x0000021af5de34b0, 0x0000021af5de47f0,
0x0000021af5de5b30, 0x0000021af5de5660, 0x0000021af5de3980, 0x0000021af5de3e50,
0x0000021af5de2640, 0x0000021af5de2b10, 0x0000021af5de5190, 0x0000021af5de4cc0,
0x0000021af60e78b0, 0x0000021af60e6570, 0x0000021af60e8250, 0x0000021af60e8720,
0x0000021af60e1d40, 0x0000021af60e4d60, 0x0000021af60e73e0, 0x0000021af60e5230,
0x0000021af60e5700, 0x0000021af60e8bf0, 0x0000021af60e90c0, 0x0000021af60f0e10,
0x0000021af60e5bd0, 0x0000021af60e1870, 0x0000021af60e2210, 0x0000021af60e60a0,
0x0000021af60e26e0, 0x0000021af60e6a40, 0x0000021af60e2bb0, 0x0000021af60e6f10,
0x0000021af334e4a0, 0x0000021af60e3ef0, 0x0000021af15108b0, 0x0000021afa4b2d70,
0x0000021afa4b4f20, 0x0000021afa4b8410, 0x0000021afa4b88e0, 0x0000021afa4b6c00,
0x0000021afa4b7a70, 0x0000021afa4b28a0, 0x0000021afa4b8db0, 0x0000021afa4b9280,
0x0000021afa4b9750, 0x0000021afa4b6260, 0x0000021afa4b9c20, 0x0000021afa4b23d0,
0x0000021afa4b6730, 0x0000021afa4b3240, 0x0000021afa4b3710, 0x0000021afa4b7f40,
0x0000021afa4b40b0, 0x0000021afa4b70d0, 0x0000021afa4b4580, 0x0000021afa4b4a50,
0x0000021afa4b53f0, 0x0000021afa4b58c0, 0x0000021afa4b5d90, 0x0000021afa4b75a0,
0x0000021af7374680, 0x0000021af7373ce0, 0x0000021af736efe0, 0x0000021af7371190,
0x0000021af7371660, 0x0000021af736fe50, 0x0000021af7371b30, 0x0000021af7373340,
0x0000021af7375020, 0x0000021af73741b0, 0x0000021af73724d0, 0x0000021af736f4b0,
0x0000021af7372000, 0x0000021af73707f0, 0x0000021af7372e70, 0x0000021af73759c0,
0x0000021af7375e90, 0x0000021af73754f0, 0x0000021af736eb10, 0x0000021af736f980,
0x0000021af7370cc0, 0x0000021afa2ed210, 0x0000021afa2ed6e0, 0x0000021afa2eba00,
0x0000021afa2ebed0, 0x0000021afa2ee550, 0x0000021afa2ee080, 0x0000021afa2ecd40,
0x0000021afa2eb060, 0x0000021afa2eea20, 0x0000021afa2ec3a0, 0x0000021afa2edbb0,
0x0000021afa2eb530, 0x0000021af56316e0, 0x0000021af5632a20, 0x0000021af562eb90,
0x0000021af5630870, 0x0000021af5631210, 0x0000021af5631bb0, 0x0000021af562f530,
0x0000021af5632080, 0x0000021af5634230, 0x0000021af562ceb0, 0x0000021af562d380,
0x0000021af5632550, 0x0000021af5633d60, 0x0000021af562fa00, 0x0000021af562c9e0,
0x0000021af562dd20, 0x0000021af562f060, 0x0000021af5630d40, 0x0000021af5632ef0,
0x0000021af56333c0, 0x0000021af562fed0, 0x0000021af56303a0, 0x0000021af5633890,
0x0000021af562d850, 0x0000021af562e1f0, 0x0000021af562e6c0, 0x0000021afa2ec870,
0x0000021af66e5ba0, 0x0000021af66e56d0, 0x0000021af66e4860, 0x0000021af66e6070,
0x0000021af66e5200, 0x0000021af66e6540, 0x0000021af66e3ec0, 0x0000021af66e73b0,
0x0000021af66e4d30, 0x0000021af66e4390, 0x0000021af66e6a10, 0x0000021af66e6ee0,
0x0000021af66e7880, 0x0000021afa2c0660, 0x0000021afa2c14d0, 0x0000021afa2bc7d0,
0x0000021afa2be980, 0x0000021afa2b9c80, 0x0000021afa2baaf0, 0x0000021afa2ba150,
0x0000021afa2bdfe0, 0x0000021afa2bdb10, 0x0000021afa2bcca0, 0x0000021afa2bd640,
0x0000021afa2c1000, 0x0000021afa2be4b0, 0x0000021afa2ba620, 0x0000021afa2bafc0,
0x0000021afa2bb490, 0x0000021afa2bb960, 0x0000021afa2bbe30, 0x0000021afa2bf320,
0x0000021afa2bc300, 0x0000021afa2bfcc0, 0x0000021afa2bd170, 0x0000021afa2bee50,
0x0000021afa2bf7f0, 0x0000021afa2c0190, 0x0000021afa2c0b30, 0x0000021af2ad16b0,
0x0000021af2ad1b80, 0x0000021af2ad0840, 0x0000021af2ad4ba0, 0x0000021af2ad3d30,
0x0000021af2ad2050, 0x0000021af2acfea0, 0x0000021af2ad5070, 0x0000021af2ace1c0,
0x0000021af2ad2520, 0x0000021af2ad5540, 0x0000021af2acdcf0, 0x0000021af2ad5a10,
0x0000021af2ad4200, 0x0000021af2acf030, 0x0000021af2ad0d10, 0x0000021af2acf9d0,
0x0000021af2ad29f0, 0x0000021af2ad0370, 0x0000021af2ad2ec0, 0x0000021af2ace690,
0x0000021af2ad3390, 0x0000021af2ad5ee0, 0x0000021af2ad3860, 0x0000021af2ad63b0,
0x0000021af2aceb60, 0x0000021af2ad6d50
}

Java Threads: ( => current thread )
  0x0000021ad4b09370 JavaThread "main" [_thread_blocked, id=8984, stack(0x000000d169300000,0x000000d169400000)]
  0x0000021af004a7c0 JavaThread "Reference Handler" daemon [_thread_blocked, id=4652, stack(0x000000d169a00000,0x000000d169b00000)]
  0x0000021af004b630 JavaThread "Finalizer" daemon [_thread_blocked, id=14764, stack(0x000000d169b00000,0x000000d169c00000)]
  0x0000021af0096150 JavaThread "Signal Dispatcher" daemon [_thread_blocked, id=17824, stack(0x000000d169c00000,0x000000d169d00000)]
  0x0000021af0097d80 JavaThread "Attach Listener" daemon [_thread_blocked, id=20264, stack(0x000000d169d00000,0x000000d169e00000)]
  0x0000021af009a840 JavaThread "Service Thread" daemon [_thread_blocked, id=15196, stack(0x000000d169e00000,0x000000d169f00000)]
  0x0000021af009b1f0 JavaThread "Monitor Deflation Thread" daemon [_thread_blocked, id=19744, stack(0x000000d169f00000,0x000000d16a000000)]
  0x0000021af00c9330 JavaThread "C2 CompilerThread0" daemon [_thread_blocked, id=15704, stack(0x000000d16a000000,0x000000d16a100000)]
  0x0000021af00d1de0 JavaThread "C1 CompilerThread0" daemon [_thread_blocked, id=19428, stack(0x000000d16a100000,0x000000d16a200000)]
  0x0000021af00e33a0 JavaThread "Sweeper thread" daemon [_thread_blocked, id=19972, stack(0x000000d16a200000,0x000000d16a300000)]
  0x0000021af02151e0 JavaThread "C1 CompilerThread1" daemon [_thread_blocked, id=19692, stack(0x000000d16a300000,0x000000d16a400000)]
  0x0000021af0217910 JavaThread "C1 CompilerThread2" daemon [_thread_blocked, id=5244, stack(0x000000d16a400000,0x000000d16a500000)]
  0x0000021af0234210 JavaThread "Common-Cleaner" daemon [_thread_blocked, id=13800, stack(0x000000d16a500000,0x000000d16a600000)]
  0x0000021af0259280 JavaThread "Notification Thread" daemon [_thread_blocked, id=8204, stack(0x000000d16a600000,0x000000d16a700000)]
  0x0000021af150ff10 JavaThread "Daemon health stats" [_thread_blocked, id=6120, stack(0x000000d16b000000,0x000000d16b100000)]
  0x0000021af1510d80 JavaThread "Incoming local TCP Connector on port 53394" [_thread_in_native, id=5656, stack(0x000000d16b100000,0x000000d16b200000)]
  0x0000021af150ebd0 JavaThread "Daemon periodic checks" [_thread_blocked, id=5288, stack(0x000000d16b200000,0x000000d16b300000)]
  0x0000021af1511250 JavaThread "Daemon" [_thread_blocked, id=20060, stack(0x000000d16b300000,0x000000d16b400000)]
  0x0000021af150d890 JavaThread "Handler for socket connection from /127.0.0.1:53394 to /127.0.0.1:53395" [_thread_in_native, id=7692, stack(0x000000d16b400000,0x000000d16b500000)]
  0x0000021af150e700 JavaThread "Cancel handler" [_thread_blocked, id=14224, stack(0x000000d16b500000,0x000000d16b600000)]
  0x0000021af150fa40 JavaThread "Daemon worker" [_thread_blocked, id=17060, stack(0x000000d16b600000,0x000000d16b700000)]
  0x0000021af150e230 JavaThread "Asynchronous log dispatcher for DefaultDaemonConnection: socket connection from /127.0.0.1:53394 to /127.0.0.1:53395" [_thread_blocked, id=19712, stack(0x000000d16b700000,0x000000d16b800000)]
  0x0000021af150f0a0 JavaThread "Stdin handler" [_thread_blocked, id=12672, stack(0x000000d16b800000,0x000000d16b900000)]
  0x0000021af150dd60 JavaThread "Daemon client event forwarder" [_thread_blocked, id=6648, stack(0x000000d16b900000,0x000000d16ba00000)]
  0x0000021af150f570 JavaThread "Cache worker for journal cache (C:\Users\Admin\.gradle\caches\journal-1)" [_thread_blocked, id=10528, stack(0x000000d16c400000,0x000000d16c500000)]
  0x0000021af2765730 JavaThread "File lock request listener" [_thread_in_native, id=11468, stack(0x000000d16c500000,0x000000d16c600000)]
  0x0000021af27678e0 JavaThread "Cache worker for file hash cache (C:\Users\Admin\.gradle\caches\8.0.1\fileHashes)" [_thread_blocked, id=2592, stack(0x000000d16c600000,0x000000d16c700000)]
  0x0000021af2769f60 JavaThread "File watcher server" daemon [_thread_in_native, id=16196, stack(0x000000d16c700000,0x000000d16c800000)]
  0x0000021af27690f0 JavaThread "File watcher consumer" daemon [_thread_blocked, id=15596, stack(0x000000d16c800000,0x000000d16c900000)]
  0x0000021af2768280 JavaThread "Cache worker for checksums cache (C:\Users\Admin\Desktop\openim-reactnative-demo\android\.gradle\8.0.1\checksums)" [_thread_blocked, id=19724, stack(0x000000d16c900000,0x000000d16ca00000)]
  0x0000021af2765c00 JavaThread "Cache worker for cache directory md-rule (C:\Users\Admin\.gradle\caches\8.0.1\md-rule)" [_thread_blocked, id=15260, stack(0x000000d16ca00000,0x000000d16cb00000)]
  0x0000021af27660d0 JavaThread "Cache worker for file content cache (C:\Users\Admin\.gradle\caches\8.0.1\fileContent)" [_thread_blocked, id=1460, stack(0x000000d16cb00000,0x000000d16cc00000)]
  0x0000021af2763a50 JavaThread "Cache worker for file hash cache (C:\Users\Admin\Desktop\openim-reactnative-demo\android\.gradle\8.0.1\fileHashes)" [_thread_blocked, id=4076, stack(0x000000d16cc00000,0x000000d16cd00000)]
  0x0000021af2763f20 JavaThread "Cache worker for cache directory md-supplier (C:\Users\Admin\.gradle\caches\8.0.1\md-supplier)" [_thread_blocked, id=18612, stack(0x000000d16cd00000,0x000000d16ce00000)]
  0x0000021af276add0 JavaThread "Cache worker for execution history cache (C:\Users\Admin\.gradle\caches\8.0.1\executionHistory)" [_thread_blocked, id=9368, stack(0x000000d16ce00000,0x000000d16cf00000)]
  0x0000021af27643f0 JavaThread "jar transforms" [_thread_blocked, id=19096, stack(0x000000d16cf00000,0x000000d16d000000)]
  0x0000021af2765260 JavaThread "jar transforms Thread 2" [_thread_blocked, id=19916, stack(0x000000d16d000000,0x000000d16d100000)]
  0x0000021af2767410 JavaThread "jar transforms Thread 3" [_thread_blocked, id=14168, stack(0x000000d16d100000,0x000000d16d200000)]
  0x0000021af2768750 JavaThread "jar transforms Thread 4" [_thread_blocked, id=10492, stack(0x000000d16d200000,0x000000d16d300000)]
  0x0000021af2767db0 JavaThread "jar transforms Thread 5" [_thread_blocked, id=14380, stack(0x000000d16d300000,0x000000d16d400000)]
  0x0000021af2769a90 JavaThread "jar transforms Thread 6" [_thread_blocked, id=20460, stack(0x000000d16d400000,0x000000d16d500000)]
  0x0000021af683eb20 JavaThread "File lock release action executor" [_thread_blocked, id=3440, stack(0x000000d16a800000,0x000000d16a900000)]
  0x0000021af039f7d0 JavaThread "C2 CompilerThread1" daemon [_thread_blocked, id=13760, stack(0x000000d16a900000,0x000000d16aa00000)]
  0x0000021af683c4a0 JavaThread "Cache worker for kotlin-dsl (C:\Users\Admin\.gradle\caches\8.0.1\kotlin-dsl)" [_thread_blocked, id=6328, stack(0x000000d16aa00000,0x000000d16ab00000)]
  0x0000021af683c970 JavaThread "jar transforms Thread 7" [_thread_blocked, id=6460, stack(0x000000d16af00000,0x000000d16b000000)]
  0x0000021af683d7e0 JavaThread "jar transforms Thread 8" [_thread_blocked, id=17920, stack(0x000000d16d500000,0x000000d16d600000)]
  0x0000021af683ce40 JavaThread "Cache worker for dependencies-accessors (C:\Users\Admin\Desktop\openim-reactnative-demo\android\.gradle\8.0.1\dependencies-accessors)" [_thread_blocked, id=6044, stack(0x000000d16d600000,0x000000d16d700000)]
  0x0000021af683eff0 JavaThread "Cache worker for Build Output Cleanup Cache (C:\Users\Admin\Desktop\openim-reactnative-demo\node_modules\@react-native\gradle-plugin\.gradle\buildOutputCleanup)" [_thread_blocked, id=14340, stack(0x000000d16d700000,0x000000d16d800000)]
  0x0000021af683bb00 JavaThread "jar transforms Thread 9" [_thread_blocked, id=5080, stack(0x000000d16d800000,0x000000d16d900000)]
  0x0000021af683bfd0 JavaThread "Unconstrained build operations" [_thread_blocked, id=10340, stack(0x000000d16d900000,0x000000d16da00000)]
  0x0000021af683dcb0 JavaThread "Unconstrained build operations Thread 2" [_thread_blocked, id=1836, stack(0x000000d16da00000,0x000000d16db00000)]
  0x0000021af5de6000 JavaThread "Unconstrained build operations Thread 3" [_thread_blocked, id=11200, stack(0x000000d16db00000,0x000000d16dc00000)]
  0x0000021af5de2fe0 JavaThread "Unconstrained build operations Thread 4" [_thread_blocked, id=1624, stack(0x000000d16dc00000,0x000000d16dd00000)]
  0x0000021af5de4320 JavaThread "Unconstrained build operations Thread 5" [_thread_blocked, id=5072, stack(0x000000d16dd00000,0x000000d16de00000)]
  0x0000021af5de34b0 JavaThread "Unconstrained build operations Thread 6" [_thread_blocked, id=19620, stack(0x000000d16de00000,0x000000d16df00000)]
  0x0000021af5de47f0 JavaThread "Unconstrained build operations Thread 7" [_thread_blocked, id=11776, stack(0x000000d16df00000,0x000000d16e000000)]
  0x0000021af5de5b30 JavaThread "Unconstrained build operations Thread 8" [_thread_blocked, id=8124, stack(0x000000d16e000000,0x000000d16e100000)]
  0x0000021af5de5660 JavaThread "Unconstrained build operations Thread 9" [_thread_blocked, id=18504, stack(0x000000d16e100000,0x000000d16e200000)]
  0x0000021af5de3980 JavaThread "Unconstrained build operations Thread 10" [_thread_blocked, id=19996, stack(0x000000d16e200000,0x000000d16e300000)]
  0x0000021af5de3e50 JavaThread "Unconstrained build operations Thread 11" [_thread_blocked, id=6180, stack(0x000000d16e300000,0x000000d16e400000)]
  0x0000021af5de2640 JavaThread "Unconstrained build operations Thread 12" [_thread_blocked, id=19432, stack(0x000000d16e400000,0x000000d16e500000)]
  0x0000021af5de2b10 JavaThread "Unconstrained build operations Thread 13" [_thread_blocked, id=15948, stack(0x000000d16e500000,0x000000d16e600000)]
  0x0000021af5de5190 JavaThread "Unconstrained build operations Thread 14" [_thread_blocked, id=12100, stack(0x000000d16e600000,0x000000d16e700000)]
  0x0000021af5de4cc0 JavaThread "Unconstrained build operations Thread 15" [_thread_blocked, id=8668, stack(0x000000d16e700000,0x000000d16e800000)]
  0x0000021af60e78b0 JavaThread "Unconstrained build operations Thread 16" [_thread_blocked, id=19424, stack(0x000000d16e800000,0x000000d16e900000)]
  0x0000021af60e6570 JavaThread "Unconstrained build operations Thread 17" [_thread_blocked, id=19980, stack(0x000000d16e900000,0x000000d16ea00000)]
  0x0000021af60e8250 JavaThread "Unconstrained build operations Thread 18" [_thread_blocked, id=11000, stack(0x000000d16ea00000,0x000000d16eb00000)]
  0x0000021af60e8720 JavaThread "Unconstrained build operations Thread 19" [_thread_blocked, id=19440, stack(0x000000d16eb00000,0x000000d16ec00000)]
  0x0000021af60e1d40 JavaThread "Unconstrained build operations Thread 20" [_thread_blocked, id=19332, stack(0x000000d16ec00000,0x000000d16ed00000)]
  0x0000021af60e4d60 JavaThread "Unconstrained build operations Thread 21" [_thread_blocked, id=20160, stack(0x000000d16ed00000,0x000000d16ee00000)]
  0x0000021af60e73e0 JavaThread "Unconstrained build operations Thread 22" [_thread_blocked, id=4752, stack(0x000000d16ee00000,0x000000d16ef00000)]
  0x0000021af60e5230 JavaThread "Unconstrained build operations Thread 23" [_thread_blocked, id=9048, stack(0x000000d16ef00000,0x000000d16f000000)]
  0x0000021af60e5700 JavaThread "Unconstrained build operations Thread 24" [_thread_blocked, id=20020, stack(0x000000d16f000000,0x000000d16f100000)]
  0x0000021af60e8bf0 JavaThread "Unconstrained build operations Thread 25" [_thread_blocked, id=19448, stack(0x000000d16f100000,0x000000d16f200000)]
  0x0000021af60e90c0 JavaThread "Unconstrained build operations Thread 26" [_thread_blocked, id=18840, stack(0x000000d16f200000,0x000000d16f300000)]
  0x0000021af60f0e10 JavaThread "C2 CompilerThread2" daemon [_thread_in_native, id=20316, stack(0x000000d16f300000,0x000000d16f400000)]
  0x0000021af60e5bd0 JavaThread "jar transforms Thread 10" [_thread_blocked, id=15736, stack(0x000000d16f400000,0x000000d16f500000)]
  0x0000021af60e1870 JavaThread "jar transforms Thread 11" [_thread_blocked, id=19388, stack(0x000000d16f500000,0x000000d16f600000)]
  0x0000021af60e2210 JavaThread "jar transforms Thread 12" [_thread_blocked, id=14876, stack(0x000000d16f600000,0x000000d16f700000)]
  0x0000021af60e60a0 JavaThread "jar transforms Thread 13" [_thread_blocked, id=1480, stack(0x000000d16f700000,0x000000d16f800000)]
  0x0000021af60e26e0 JavaThread "jar transforms Thread 14" [_thread_blocked, id=20468, stack(0x000000d16f800000,0x000000d16f900000)]
  0x0000021af60e6a40 JavaThread "jar transforms Thread 15" [_thread_blocked, id=19776, stack(0x000000d16f900000,0x000000d16fa00000)]
  0x0000021af60e2bb0 JavaThread "jar transforms Thread 16" [_thread_blocked, id=17840, stack(0x000000d16fa00000,0x000000d16fb00000)]
  0x0000021af60e6f10 JavaThread "Memory manager" [_thread_blocked, id=19248, stack(0x000000d16fb00000,0x000000d16fc00000)]
  0x0000021af334e4a0 JavaThread "C1 CompilerThread3" daemon [_thread_blocked, id=9576, stack(0x000000d16fc00000,0x000000d16fd00000)]
  0x0000021af60e3ef0 JavaThread "Cache worker for Build Output Cleanup Cache (C:\Users\Admin\Desktop\openim-reactnative-demo\android\.gradle\buildOutputCleanup)" [_thread_blocked, id=16620, stack(0x000000d16fd00000,0x000000d16fe00000)]
  0x0000021af15108b0 JavaThread "included builds" [_thread_blocked, id=18412, stack(0x000000d16fe00000,0x000000d16ff00000)]
  0x0000021afa4b2d70 JavaThread "Execution worker" [_thread_blocked, id=5652, stack(0x000000d16ff00000,0x000000d170000000)]
  0x0000021afa4b4f20 JavaThread "Execution worker Thread 2" [_thread_blocked, id=12136, stack(0x000000d170000000,0x000000d170100000)]
  0x0000021afa4b8410 JavaThread "Execution worker Thread 3" [_thread_blocked, id=4272, stack(0x000000d170100000,0x000000d170200000)]
  0x0000021afa4b88e0 JavaThread "Execution worker Thread 4" [_thread_blocked, id=15120, stack(0x000000d170200000,0x000000d170300000)]
  0x0000021afa4b6c00 JavaThread "Execution worker Thread 5" [_thread_blocked, id=5732, stack(0x000000d170300000,0x000000d170400000)]
  0x0000021afa4b7a70 JavaThread "Execution worker Thread 6" [_thread_blocked, id=3332, stack(0x000000d170400000,0x000000d170500000)]
  0x0000021afa4b28a0 JavaThread "Execution worker Thread 7" [_thread_blocked, id=15112, stack(0x000000d170500000,0x000000d170600000)]
  0x0000021afa4b8db0 JavaThread "Execution worker Thread 8" [_thread_blocked, id=13656, stack(0x000000d170600000,0x000000d170700000)]
  0x0000021afa4b9280 JavaThread "Execution worker Thread 9" [_thread_blocked, id=7420, stack(0x000000d170700000,0x000000d170800000)]
  0x0000021afa4b9750 JavaThread "Execution worker Thread 10" [_thread_blocked, id=5340, stack(0x000000d170800000,0x000000d170900000)]
  0x0000021afa4b6260 JavaThread "Execution worker Thread 11" [_thread_blocked, id=6892, stack(0x000000d170900000,0x000000d170a00000)]
  0x0000021afa4b9c20 JavaThread "Execution worker Thread 12" [_thread_blocked, id=8424, stack(0x000000d170a00000,0x000000d170b00000)]
  0x0000021afa4b23d0 JavaThread "Execution worker Thread 13" [_thread_blocked, id=5452, stack(0x000000d170b00000,0x000000d170c00000)]
  0x0000021afa4b6730 JavaThread "Execution worker Thread 14" [_thread_blocked, id=14520, stack(0x000000d170c00000,0x000000d170d00000)]
  0x0000021afa4b3240 JavaThread "Execution worker Thread 15" [_thread_blocked, id=17704, stack(0x000000d170d00000,0x000000d170e00000)]
  0x0000021afa4b3710 JavaThread "Cache worker for execution history cache (C:\Users\Admin\Desktop\openim-reactnative-demo\node_modules\@react-native\gradle-plugin\.gradle\8.0.1\executionHistory)" [_thread_blocked, id=7244, stack(0x000000d170e00000,0x000000d170f00000)]
  0x0000021afa4b7f40 JavaThread "Unconstrained build operations Thread 27" [_thread_blocked, id=15452, stack(0x000000d170f00000,0x000000d171000000)]
  0x0000021afa4b40b0 JavaThread "Unconstrained build operations Thread 28" [_thread_blocked, id=6556, stack(0x000000d171000000,0x000000d171100000)]
  0x0000021afa4b70d0 JavaThread "Unconstrained build operations Thread 29" [_thread_blocked, id=5644, stack(0x000000d171100000,0x000000d171200000)]
  0x0000021afa4b4580 JavaThread "Unconstrained build operations Thread 30" [_thread_blocked, id=15136, stack(0x000000d171200000,0x000000d171300000)]
  0x0000021afa4b4a50 JavaThread "Unconstrained build operations Thread 31" [_thread_blocked, id=3868, stack(0x000000d171300000,0x000000d171400000)]
  0x0000021afa4b53f0 JavaThread "Unconstrained build operations Thread 32" [_thread_blocked, id=3248, stack(0x000000d171400000,0x000000d171500000)]
  0x0000021afa4b58c0 JavaThread "Unconstrained build operations Thread 33" [_thread_blocked, id=4788, stack(0x000000d171500000,0x000000d171600000)]
  0x0000021afa4b5d90 JavaThread "Unconstrained build operations Thread 34" [_thread_blocked, id=7352, stack(0x000000d171600000,0x000000d171700000)]
  0x0000021afa4b75a0 JavaThread "Unconstrained build operations Thread 35" [_thread_blocked, id=16488, stack(0x000000d171700000,0x000000d171800000)]
  0x0000021af7374680 JavaThread "Unconstrained build operations Thread 36" [_thread_blocked, id=12184, stack(0x000000d171800000,0x000000d171900000)]
  0x0000021af7373ce0 JavaThread "Unconstrained build operations Thread 37" [_thread_blocked, id=17476, stack(0x000000d171900000,0x000000d171a00000)]
  0x0000021af736efe0 JavaThread "Unconstrained build operations Thread 38" [_thread_blocked, id=18164, stack(0x000000d171a00000,0x000000d171b00000)]
  0x0000021af7371190 JavaThread "Unconstrained build operations Thread 39" [_thread_blocked, id=6272, stack(0x000000d171b00000,0x000000d171c00000)]
  0x0000021af7371660 JavaThread "Unconstrained build operations Thread 40" [_thread_blocked, id=6072, stack(0x000000d171c00000,0x000000d171d00000)]
  0x0000021af736fe50 JavaThread "Unconstrained build operations Thread 41" [_thread_blocked, id=6048, stack(0x000000d171d00000,0x000000d171e00000)]
  0x0000021af7371b30 JavaThread "Unconstrained build operations Thread 42" [_thread_blocked, id=5280, stack(0x000000d171e00000,0x000000d171f00000)]
  0x0000021af7373340 JavaThread "Unconstrained build operations Thread 43" [_thread_blocked, id=8048, stack(0x000000d171f00000,0x000000d172000000)]
  0x0000021af7375020 JavaThread "Unconstrained build operations Thread 44" [_thread_blocked, id=13664, stack(0x000000d172000000,0x000000d172100000)]
  0x0000021af73741b0 JavaThread "Unconstrained build operations Thread 45" [_thread_blocked, id=6832, stack(0x000000d172100000,0x000000d172200000)]
  0x0000021af73724d0 JavaThread "Unconstrained build operations Thread 46" [_thread_blocked, id=15688, stack(0x000000d172200000,0x000000d172300000)]
  0x0000021af736f4b0 JavaThread "Unconstrained build operations Thread 47" [_thread_blocked, id=14392, stack(0x000000d172300000,0x000000d172400000)]
  0x0000021af7372000 JavaThread "Unconstrained build operations Thread 48" [_thread_blocked, id=9312, stack(0x000000d172400000,0x000000d172500000)]
  0x0000021af73707f0 JavaThread "Unconstrained build operations Thread 49" [_thread_blocked, id=18280, stack(0x000000d172500000,0x000000d172600000)]
  0x0000021af7372e70 JavaThread "Unconstrained build operations Thread 50" [_thread_blocked, id=10532, stack(0x000000d172600000,0x000000d172700000)]
  0x0000021af73759c0 JavaThread "Unconstrained build operations Thread 51" [_thread_blocked, id=8104, stack(0x000000d172700000,0x000000d172800000)]
  0x0000021af7375e90 JavaThread "Unconstrained build operations Thread 52" [_thread_blocked, id=16800, stack(0x000000d172800000,0x000000d172900000)]
  0x0000021af73754f0 JavaThread "Unconstrained build operations Thread 53" [_thread_blocked, id=14984, stack(0x000000d172900000,0x000000d172a00000)]
  0x0000021af736eb10 JavaThread "Unconstrained build operations Thread 54" [_thread_blocked, id=5176, stack(0x000000d172a00000,0x000000d172b00000)]
  0x0000021af736f980 JavaThread "Unconstrained build operations Thread 55" [_thread_blocked, id=17504, stack(0x000000d172b00000,0x000000d172c00000)]
  0x0000021af7370cc0 JavaThread "Unconstrained build operations Thread 56" [_thread_blocked, id=10288, stack(0x000000d172c00000,0x000000d172d00000)]
  0x0000021afa2ed210 JavaThread "Unconstrained build operations Thread 57" [_thread_blocked, id=5624, stack(0x000000d172d00000,0x000000d172e00000)]
  0x0000021afa2ed6e0 JavaThread "Unconstrained build operations Thread 58" [_thread_blocked, id=10464, stack(0x000000d172e00000,0x000000d172f00000)]
  0x0000021afa2eba00 JavaThread "Unconstrained build operations Thread 59" [_thread_blocked, id=4860, stack(0x000000d172f00000,0x000000d173000000)]
  0x0000021afa2ebed0 JavaThread "Unconstrained build operations Thread 60" [_thread_blocked, id=11124, stack(0x000000d173000000,0x000000d173100000)]
  0x0000021afa2ee550 JavaThread "Unconstrained build operations Thread 61" [_thread_blocked, id=17512, stack(0x000000d173100000,0x000000d173200000)]
  0x0000021afa2ee080 JavaThread "Unconstrained build operations Thread 62" [_thread_blocked, id=13968, stack(0x000000d173200000,0x000000d173300000)]
  0x0000021afa2ecd40 JavaThread "Unconstrained build operations Thread 63" [_thread_blocked, id=4304, stack(0x000000d173300000,0x000000d173400000)]
  0x0000021afa2eb060 JavaThread "Unconstrained build operations Thread 64" [_thread_blocked, id=16880, stack(0x000000d173400000,0x000000d173500000)]
  0x0000021afa2eea20 JavaThread "Unconstrained build operations Thread 65" [_thread_blocked, id=17516, stack(0x000000d173500000,0x000000d173600000)]
  0x0000021afa2ec3a0 JavaThread "Unconstrained build operations Thread 66" [_thread_blocked, id=10676, stack(0x000000d173600000,0x000000d173700000)]
  0x0000021afa2edbb0 JavaThread "Unconstrained build operations Thread 67" [_thread_blocked, id=9056, stack(0x000000d173700000,0x000000d173800000)]
  0x0000021afa2eb530 JavaThread "Unconstrained build operations Thread 68" [_thread_blocked, id=18140, stack(0x000000d173800000,0x000000d173900000)]
  0x0000021af56316e0 JavaThread "Unconstrained build operations Thread 69" [_thread_blocked, id=10868, stack(0x000000d173900000,0x000000d173a00000)]
  0x0000021af5632a20 JavaThread "Unconstrained build operations Thread 70" [_thread_blocked, id=15504, stack(0x000000d173a00000,0x000000d173b00000)]
  0x0000021af562eb90 JavaThread "Unconstrained build operations Thread 71" [_thread_blocked, id=13972, stack(0x000000d173b00000,0x000000d173c00000)]
  0x0000021af5630870 JavaThread "Unconstrained build operations Thread 72" [_thread_blocked, id=15644, stack(0x000000d173c00000,0x000000d173d00000)]
  0x0000021af5631210 JavaThread "Unconstrained build operations Thread 73" [_thread_blocked, id=2856, stack(0x000000d173d00000,0x000000d173e00000)]
  0x0000021af5631bb0 JavaThread "Unconstrained build operations Thread 74" [_thread_blocked, id=3124, stack(0x000000d173e00000,0x000000d173f00000)]
  0x0000021af562f530 JavaThread "Unconstrained build operations Thread 75" [_thread_blocked, id=12076, stack(0x000000d173f00000,0x000000d174000000)]
  0x0000021af5632080 JavaThread "Unconstrained build operations Thread 76" [_thread_blocked, id=14828, stack(0x000000d174000000,0x000000d174100000)]
  0x0000021af5634230 JavaThread "Unconstrained build operations Thread 77" [_thread_blocked, id=5796, stack(0x000000d174100000,0x000000d174200000)]
  0x0000021af562ceb0 JavaThread "Unconstrained build operations Thread 78" [_thread_blocked, id=8260, stack(0x000000d174200000,0x000000d174300000)]
  0x0000021af562d380 JavaThread "Unconstrained build operations Thread 79" [_thread_blocked, id=2916, stack(0x000000d174300000,0x000000d174400000)]
  0x0000021af5632550 JavaThread "Unconstrained build operations Thread 80" [_thread_blocked, id=17488, stack(0x000000d174400000,0x000000d174500000)]
  0x0000021af5633d60 JavaThread "Unconstrained build operations Thread 81" [_thread_blocked, id=12224, stack(0x000000d174500000,0x000000d174600000)]
  0x0000021af562fa00 JavaThread "Unconstrained build operations Thread 82" [_thread_blocked, id=7364, stack(0x000000d174600000,0x000000d174700000)]
  0x0000021af562c9e0 JavaThread "Unconstrained build operations Thread 83" [_thread_blocked, id=4496, stack(0x000000d174700000,0x000000d174800000)]
  0x0000021af562dd20 JavaThread "Unconstrained build operations Thread 84" [_thread_blocked, id=5912, stack(0x000000d174800000,0x000000d174900000)]
  0x0000021af562f060 JavaThread "Unconstrained build operations Thread 85" [_thread_blocked, id=12632, stack(0x000000d174900000,0x000000d174a00000)]
  0x0000021af5630d40 JavaThread "Unconstrained build operations Thread 86" [_thread_blocked, id=17636, stack(0x000000d174a00000,0x000000d174b00000)]
  0x0000021af5632ef0 JavaThread "Unconstrained build operations Thread 87" [_thread_blocked, id=2436, stack(0x000000d174b00000,0x000000d174c00000)]
  0x0000021af56333c0 JavaThread "Unconstrained build operations Thread 88" [_thread_blocked, id=2004, stack(0x000000d174c00000,0x000000d174d00000)]
  0x0000021af562fed0 JavaThread "Unconstrained build operations Thread 89" [_thread_blocked, id=11080, stack(0x000000d174d00000,0x000000d174e00000)]
  0x0000021af56303a0 JavaThread "Unconstrained build operations Thread 90" [_thread_blocked, id=9272, stack(0x000000d174e00000,0x000000d174f00000)]
  0x0000021af5633890 JavaThread "Unconstrained build operations Thread 91" [_thread_blocked, id=16208, stack(0x000000d174f00000,0x000000d175000000)]
  0x0000021af562d850 JavaThread "Unconstrained build operations Thread 92" [_thread_blocked, id=7784, stack(0x000000d175000000,0x000000d175100000)]
  0x0000021af562e1f0 JavaThread "Unconstrained build operations Thread 93" [_thread_blocked, id=1588, stack(0x000000d175100000,0x000000d175200000)]
  0x0000021af562e6c0 JavaThread "Unconstrained build operations Thread 94" [_thread_blocked, id=16824, stack(0x000000d175200000,0x000000d175300000)]
  0x0000021afa2ec870 JavaThread "Unconstrained build operations Thread 95" [_thread_blocked, id=8740, stack(0x000000d175300000,0x000000d175400000)]
  0x0000021af66e5ba0 JavaThread "Unconstrained build operations Thread 96" [_thread_blocked, id=18372, stack(0x000000d175400000,0x000000d175500000)]
  0x0000021af66e56d0 JavaThread "Unconstrained build operations Thread 97" [_thread_blocked, id=11800, stack(0x000000d175500000,0x000000d175600000)]
  0x0000021af66e4860 JavaThread "Unconstrained build operations Thread 98" [_thread_blocked, id=7836, stack(0x000000d175600000,0x000000d175700000)]
  0x0000021af66e6070 JavaThread "Unconstrained build operations Thread 99" [_thread_blocked, id=2184, stack(0x000000d175700000,0x000000d175800000)]
  0x0000021af66e5200 JavaThread "Unconstrained build operations Thread 100" [_thread_blocked, id=12236, stack(0x000000d175800000,0x000000d175900000)]
  0x0000021af66e6540 JavaThread "Unconstrained build operations Thread 101" [_thread_blocked, id=17800, stack(0x000000d175900000,0x000000d175a00000)]
  0x0000021af66e3ec0 JavaThread "Unconstrained build operations Thread 102" [_thread_blocked, id=18292, stack(0x000000d175a00000,0x000000d175b00000)]
  0x0000021af66e73b0 JavaThread "Unconstrained build operations Thread 103" [_thread_blocked, id=7064, stack(0x000000d175b00000,0x000000d175c00000)]
  0x0000021af66e4d30 JavaThread "Unconstrained build operations Thread 104" [_thread_blocked, id=13100, stack(0x000000d175c00000,0x000000d175d00000)]
  0x0000021af66e4390 JavaThread "Unconstrained build operations Thread 105" [_thread_blocked, id=17468, stack(0x000000d175d00000,0x000000d175e00000)]
  0x0000021af66e6a10 JavaThread "Unconstrained build operations Thread 106" [_thread_blocked, id=3308, stack(0x000000d175e00000,0x000000d175f00000)]
  0x0000021af66e6ee0 JavaThread "Unconstrained build operations Thread 107" [_thread_blocked, id=1156, stack(0x000000d175f00000,0x000000d176000000)]
  0x0000021af66e7880 JavaThread "Unconstrained build operations Thread 108" [_thread_blocked, id=13764, stack(0x000000d176000000,0x000000d176100000)]
  0x0000021afa2c0660 JavaThread "Unconstrained build operations Thread 109" [_thread_blocked, id=1228, stack(0x000000d176100000,0x000000d176200000)]
  0x0000021afa2c14d0 JavaThread "Unconstrained build operations Thread 110" [_thread_blocked, id=10768, stack(0x000000d176200000,0x000000d176300000)]
  0x0000021afa2bc7d0 JavaThread "Unconstrained build operations Thread 111" [_thread_blocked, id=2176, stack(0x000000d176300000,0x000000d176400000)]
  0x0000021afa2be980 JavaThread "Unconstrained build operations Thread 112" [_thread_blocked, id=15040, stack(0x000000d176400000,0x000000d176500000)]
  0x0000021afa2b9c80 JavaThread "Unconstrained build operations Thread 113" [_thread_blocked, id=4452, stack(0x000000d176500000,0x000000d176600000)]
  0x0000021afa2baaf0 JavaThread "Unconstrained build operations Thread 114" [_thread_blocked, id=13504, stack(0x000000d176600000,0x000000d176700000)]
  0x0000021afa2ba150 JavaThread "Unconstrained build operations Thread 115" [_thread_blocked, id=11004, stack(0x000000d176700000,0x000000d176800000)]
  0x0000021afa2bdfe0 JavaThread "Unconstrained build operations Thread 116" [_thread_blocked, id=10960, stack(0x000000d176800000,0x000000d176900000)]
  0x0000021afa2bdb10 JavaThread "Unconstrained build operations Thread 117" [_thread_blocked, id=2312, stack(0x000000d176900000,0x000000d176a00000)]
  0x0000021afa2bcca0 JavaThread "Unconstrained build operations Thread 118" [_thread_blocked, id=12116, stack(0x000000d176a00000,0x000000d176b00000)]
  0x0000021afa2bd640 JavaThread "Unconstrained build operations Thread 119" [_thread_blocked, id=14752, stack(0x000000d176b00000,0x000000d176c00000)]
  0x0000021afa2c1000 JavaThread "Unconstrained build operations Thread 120" [_thread_blocked, id=6468, stack(0x000000d176c00000,0x000000d176d00000)]
  0x0000021afa2be4b0 JavaThread "Unconstrained build operations Thread 121" [_thread_blocked, id=14768, stack(0x000000d176d00000,0x000000d176e00000)]
  0x0000021afa2ba620 JavaThread "Unconstrained build operations Thread 122" [_thread_blocked, id=15588, stack(0x000000d176e00000,0x000000d176f00000)]
  0x0000021afa2bafc0 JavaThread "Unconstrained build operations Thread 123" [_thread_blocked, id=16968, stack(0x000000d176f00000,0x000000d177000000)]
  0x0000021afa2bb490 JavaThread "Unconstrained build operations Thread 124" [_thread_blocked, id=10488, stack(0x000000d177000000,0x000000d177100000)]
  0x0000021afa2bb960 JavaThread "Unconstrained build operations Thread 125" [_thread_blocked, id=3840, stack(0x000000d177100000,0x000000d177200000)]
  0x0000021afa2bbe30 JavaThread "Unconstrained build operations Thread 126" [_thread_blocked, id=4804, stack(0x000000d177200000,0x000000d177300000)]
  0x0000021afa2bf320 JavaThread "Unconstrained build operations Thread 127" [_thread_blocked, id=3304, stack(0x000000d177300000,0x000000d177400000)]
  0x0000021afa2bc300 JavaThread "Unconstrained build operations Thread 128" [_thread_blocked, id=9024, stack(0x000000d177400000,0x000000d177500000)]
  0x0000021afa2bfcc0 JavaThread "Unconstrained build operations Thread 129" [_thread_blocked, id=16000, stack(0x000000d177500000,0x000000d177600000)]
  0x0000021afa2bd170 JavaThread "Unconstrained build operations Thread 130" [_thread_blocked, id=16948, stack(0x000000d177600000,0x000000d177700000)]
  0x0000021afa2bee50 JavaThread "Unconstrained build operations Thread 131" [_thread_blocked, id=8456, stack(0x000000d177700000,0x000000d177800000)]
  0x0000021afa2bf7f0 JavaThread "Unconstrained build operations Thread 132" [_thread_blocked, id=7528, stack(0x000000d177800000,0x000000d177900000)]
  0x0000021afa2c0190 JavaThread "Unconstrained build operations Thread 133" [_thread_blocked, id=6820, stack(0x000000d177900000,0x000000d177a00000)]
  0x0000021afa2c0b30 JavaThread "Unconstrained build operations Thread 134" [_thread_blocked, id=10380, stack(0x000000d177a00000,0x000000d177b00000)]
  0x0000021af2ad16b0 JavaThread "Unconstrained build operations Thread 135" [_thread_blocked, id=5144, stack(0x000000d177b00000,0x000000d177c00000)]
  0x0000021af2ad1b80 JavaThread "Unconstrained build operations Thread 136" [_thread_blocked, id=17288, stack(0x000000d177c00000,0x000000d177d00000)]
  0x0000021af2ad0840 JavaThread "Unconstrained build operations Thread 137" [_thread_blocked, id=14624, stack(0x000000d177d00000,0x000000d177e00000)]
  0x0000021af2ad4ba0 JavaThread "Unconstrained build operations Thread 138" [_thread_blocked, id=14540, stack(0x000000d177e00000,0x000000d177f00000)]
  0x0000021af2ad3d30 JavaThread "Unconstrained build operations Thread 139" [_thread_blocked, id=11824, stack(0x000000d177f00000,0x000000d178000000)]
  0x0000021af2ad2050 JavaThread "Unconstrained build operations Thread 140" [_thread_blocked, id=5648, stack(0x000000d178000000,0x000000d178100000)]
  0x0000021af2acfea0 JavaThread "Unconstrained build operations Thread 141" [_thread_blocked, id=12884, stack(0x000000d178100000,0x000000d178200000)]
  0x0000021af2ad5070 JavaThread "Unconstrained build operations Thread 142" [_thread_blocked, id=10580, stack(0x000000d178200000,0x000000d178300000)]
  0x0000021af2ace1c0 JavaThread "Unconstrained build operations Thread 143" [_thread_blocked, id=7868, stack(0x000000d178300000,0x000000d178400000)]
  0x0000021af2ad2520 JavaThread "Unconstrained build operations Thread 144" [_thread_blocked, id=13164, stack(0x000000d178400000,0x000000d178500000)]
  0x0000021af2ad5540 JavaThread "Unconstrained build operations Thread 145" [_thread_blocked, id=16540, stack(0x000000d178500000,0x000000d178600000)]
  0x0000021af2acdcf0 JavaThread "Unconstrained build operations Thread 146" [_thread_blocked, id=2988, stack(0x000000d178600000,0x000000d178700000)]
  0x0000021af2ad5a10 JavaThread "Unconstrained build operations Thread 147" [_thread_blocked, id=15044, stack(0x000000d178700000,0x000000d178800000)]
  0x0000021af2ad4200 JavaThread "Unconstrained build operations Thread 148" [_thread_blocked, id=10284, stack(0x000000d178800000,0x000000d178900000)]
  0x0000021af2acf030 JavaThread "Unconstrained build operations Thread 149" [_thread_blocked, id=18056, stack(0x000000d178900000,0x000000d178a00000)]
  0x0000021af2ad0d10 JavaThread "Unconstrained build operations Thread 150" [_thread_blocked, id=15060, stack(0x000000d178a00000,0x000000d178b00000)]
  0x0000021af2acf9d0 JavaThread "Unconstrained build operations Thread 151" [_thread_blocked, id=17136, stack(0x000000d178b00000,0x000000d178c00000)]
  0x0000021af2ad29f0 JavaThread "Unconstrained build operations Thread 152" [_thread_blocked, id=15316, stack(0x000000d178c00000,0x000000d178d00000)]
  0x0000021af2ad0370 JavaThread "Unconstrained build operations Thread 153" [_thread_blocked, id=5504, stack(0x000000d178d00000,0x000000d178e00000)]
  0x0000021af2ad2ec0 JavaThread "Unconstrained build operations Thread 154" [_thread_blocked, id=17480, stack(0x000000d178e00000,0x000000d178f00000)]
  0x0000021af2ace690 JavaThread "Unconstrained build operations Thread 155" [_thread_blocked, id=7672, stack(0x000000d178f00000,0x000000d179000000)]
  0x0000021af2ad3390 JavaThread "Unconstrained build operations Thread 156" [_thread_blocked, id=1988, stack(0x000000d179200000,0x000000d179300000)]
  0x0000021af2ad5ee0 JavaThread "Unconstrained build operations Thread 157" [_thread_blocked, id=7044, stack(0x000000d179300000,0x000000d179400000)]
  0x0000021af2ad3860 JavaThread "Unconstrained build operations Thread 158" [_thread_blocked, id=7612, stack(0x000000d179400000,0x000000d179500000)]
  0x0000021af2ad63b0 JavaThread "Unconstrained build operations Thread 159" [_thread_blocked, id=5948, stack(0x000000d179500000,0x000000d179600000)]
  0x0000021af2aceb60 JavaThread "Unconstrained build operations Thread 160" [_thread_blocked, id=17428, stack(0x000000d179600000,0x000000d179700000)]
  0x0000021af2ad6d50 JavaThread "build event listener" [_thread_blocked, id=4892, stack(0x000000d179700000,0x000000d179800000)]

Other Threads:
=>0x0000021aef4fe410 VMThread "VM Thread" [stack: 0x000000d169900000,0x000000d169a00000] [id=10920]
  0x0000021ad4b990c0 WatcherThread [stack: 0x000000d16a700000,0x000000d16a800000] [id=19636]
  0x0000021ad4b673e0 GCTaskThread "GC Thread#0" [stack: 0x000000d169400000,0x000000d169500000] [id=10716]
  0x0000021af127bfd0 GCTaskThread "GC Thread#1" [stack: 0x000000d16ab00000,0x000000d16ac00000] [id=18584]
  0x0000021af14661c0 GCTaskThread "GC Thread#2" [stack: 0x000000d16ac00000,0x000000d16ad00000] [id=20008]
  0x0000021af14d6420 GCTaskThread "GC Thread#3" [stack: 0x000000d16ad00000,0x000000d16ae00000] [id=18560]
  0x0000021af14d66d0 GCTaskThread "GC Thread#4" [stack: 0x000000d16ae00000,0x000000d16af00000] [id=6268]
  0x0000021af2a61030 GCTaskThread "GC Thread#5" [stack: 0x000000d16ba00000,0x000000d16bb00000] [id=20288]
  0x0000021af247f480 GCTaskThread "GC Thread#6" [stack: 0x000000d16bb00000,0x000000d16bc00000] [id=5044]
  0x0000021af34b9f40 GCTaskThread "GC Thread#7" [stack: 0x000000d16bc00000,0x000000d16bd00000] [id=13752]
  0x0000021af3969320 GCTaskThread "GC Thread#8" [stack: 0x000000d16bd00000,0x000000d16be00000] [id=7908]
  0x0000021af2a8afd0 GCTaskThread "GC Thread#9" [stack: 0x000000d16be00000,0x000000d16bf00000] [id=4800]
  0x0000021af2a68090 GCTaskThread "GC Thread#10" [stack: 0x000000d16bf00000,0x000000d16c000000] [id=17032]
  0x0000021af3ab5740 GCTaskThread "GC Thread#11" [stack: 0x000000d16c000000,0x000000d16c100000] [id=14840]
  0x0000021af3a5e200 GCTaskThread "GC Thread#12" [stack: 0x000000d16c100000,0x000000d16c200000] [id=9420]
  0x0000021ad4b78320 ConcurrentGCThread "G1 Main Marker" [stack: 0x000000d169500000,0x000000d169600000] [id=16500]
  0x0000021ad4b794d0 ConcurrentGCThread "G1 Conc#0" [stack: 0x000000d169600000,0x000000d169700000] [id=20140]
  0x0000021af3cc0a60 ConcurrentGCThread "G1 Conc#1" [stack: 0x000000d16c200000,0x000000d16c300000] [id=17104]
  0x0000021af24083d0 ConcurrentGCThread "G1 Conc#2" [stack: 0x000000d16c300000,0x000000d16c400000] [id=20368]
  0x0000021aef39c1c0 ConcurrentGCThread "G1 Refine#0" [stack: 0x000000d169700000,0x000000d169800000] [id=13940]
  0x0000021aef39caf0 ConcurrentGCThread "G1 Service" [stack: 0x000000d169800000,0x000000d169900000] [id=19800]

Threads with active compile tasks:
C2 CompilerThread0    10936 10022       4       org.objectweb.asm.Type::getType (122 bytes)
C2 CompilerThread1    10936 10223       4       org.gradle.internal.reflect.ClassInspector::inspectClass (179 bytes)
C2 CompilerThread2    10936 10030 %     4       org.gradle.internal.instantiation.generator.AbstractClassGenerator::inspectType @ 107 (560 bytes)

VM state: at safepoint (normal execution)

VM Mutex/Monitor currently owned by a thread:  ([mutex/lock_event])
[0x0000021ad4b03090] Threads_lock - owner thread: 0x0000021aef4fe410
[0x0000021ad4b03360] Heap_lock - owner thread: 0x0000021af150fa40

Heap address: 0x0000000080000000, size: 2048 MB, Compressed Oops mode: 32-bit

CDS archive(s) not mapped
Compressed class space mapped at: 0x0000000100000000-0x0000000119c00000, reserved size: 432013312
Narrow klass base: 0x0000000000000000, Narrow klass shift: 3, Narrow klass range: 0x119c00000

GC Precious Log:
 CPUs: 16 total, 16 available
 Memory: 15763M
 Large Page Support: Disabled
 NUMA Support: Disabled
 Compressed Oops: Enabled (32-bit)
 Heap Region Size: 1M
 Heap Min Capacity: 8M
 Heap Initial Capacity: 248M
 Heap Max Capacity: 2G
 Pre-touch: Disabled
 Parallel Workers: 13
 Concurrent Workers: 3
 Concurrent Refinement Workers: 13
 Periodic GC: Disabled

Heap:
 garbage-first heap   total 140288K, used 80527K [0x0000000080000000, 0x0000000100000000)
  region size 1024K, 2 young (2048K), 2 survivors (2048K)
 Metaspace       used 85506K, committed 86144K, reserved 503808K
  class space    used 11479K, committed 11776K, reserved 421888K

Heap Regions: E=young(eden), S=young(survivor), O=old, HS=humongous(starts), HC=humongous(continues), CS=collection set, F=free, OA=open archive, CA=closed archive, TAMS=top-at-mark-start (previous, next)
|   0|0x0000000080000000, 0x0000000080100000, 0x0000000080100000|100%|HS|  |TAMS 0x0000000080100000, 0x0000000080100000| Complete 
|   1|0x0000000080100000, 0x0000000080200000, 0x0000000080200000|100%|HC|  |TAMS 0x0000000080200000, 0x0000000080200000| Complete 
|   2|0x0000000080200000, 0x0000000080300000, 0x0000000080300000|100%|HC|  |TAMS 0x0000000080300000, 0x0000000080300000| Complete 
|   3|0x0000000080300000, 0x0000000080400000, 0x0000000080400000|100%|HC|  |TAMS 0x0000000080400000, 0x0000000080400000| Complete 
|   4|0x0000000080400000, 0x0000000080500000, 0x0000000080500000|100%| O|  |TAMS 0x0000000080500000, 0x0000000080500000| Untracked 
|   5|0x0000000080500000, 0x0000000080600000, 0x0000000080600000|100%| O|  |TAMS 0x0000000080600000, 0x0000000080600000| Untracked 
|   6|0x0000000080600000, 0x0000000080700000, 0x0000000080700000|100%| O|  |TAMS 0x0000000080700000, 0x0000000080700000| Untracked 
|   7|0x0000000080700000, 0x0000000080800000, 0x0000000080800000|100%| O|  |TAMS 0x0000000080800000, 0x0000000080800000| Untracked 
|   8|0x0000000080800000, 0x0000000080900000, 0x0000000080900000|100%| O|  |TAMS 0x0000000080900000, 0x0000000080900000| Untracked 
|   9|0x0000000080900000, 0x0000000080a00000, 0x0000000080a00000|100%| O|  |TAMS 0x0000000080a00000, 0x0000000080a00000| Untracked 
|  10|0x0000000080a00000, 0x0000000080b00000, 0x0000000080b00000|100%| O|  |TAMS 0x0000000080b00000, 0x0000000080b00000| Untracked 
|  11|0x0000000080b00000, 0x0000000080c00000, 0x0000000080c00000|100%| O|  |TAMS 0x0000000080b00000, 0x0000000080c00000| Untracked 
|  12|0x0000000080c00000, 0x0000000080d00000, 0x0000000080d00000|100%| O|  |TAMS 0x0000000080d00000, 0x0000000080d00000| Untracked 
|  13|0x0000000080d00000, 0x0000000080e00000, 0x0000000080e00000|100%| O|  |TAMS 0x0000000080e00000, 0x0000000080e00000| Untracked 
|  14|0x0000000080e00000, 0x0000000080f00000, 0x0000000080f00000|100%| O|  |TAMS 0x0000000080f00000, 0x0000000080f00000| Untracked 
|  15|0x0000000080f00000, 0x0000000081000000, 0x0000000081000000|100%| O|  |TAMS 0x0000000081000000, 0x0000000081000000| Untracked 
|  16|0x0000000081000000, 0x0000000081100000, 0x0000000081100000|100%| O|  |TAMS 0x0000000081100000, 0x0000000081100000| Untracked 
|  17|0x0000000081100000, 0x0000000081200000, 0x0000000081200000|100%| O|  |TAMS 0x0000000081200000, 0x0000000081200000| Untracked 
|  18|0x0000000081200000, 0x0000000081300000, 0x0000000081300000|100%| O|  |TAMS 0x0000000081300000, 0x0000000081300000| Untracked 
|  19|0x0000000081300000, 0x0000000081400000, 0x0000000081400000|100%| O|  |TAMS 0x0000000081400000, 0x0000000081400000| Untracked 
|  20|0x0000000081400000, 0x0000000081500000, 0x0000000081500000|100%| O|  |TAMS 0x0000000081500000, 0x0000000081500000| Untracked 
|  21|0x0000000081500000, 0x0000000081600000, 0x0000000081600000|100%| O|  |TAMS 0x0000000081600000, 0x0000000081600000| Untracked 
|  22|0x0000000081600000, 0x0000000081700000, 0x0000000081700000|100%| O|  |TAMS 0x0000000081700000, 0x0000000081700000| Untracked 
|  23|0x0000000081700000, 0x0000000081800000, 0x0000000081800000|100%| O|  |TAMS 0x0000000081800000, 0x0000000081800000| Untracked 
|  24|0x0000000081800000, 0x0000000081800000, 0x0000000081900000|  0%| F|  |TAMS 0x0000000081800000, 0x0000000081800000| Untracked 
|  25|0x0000000081900000, 0x0000000081a00000, 0x0000000081a00000|100%| O|  |TAMS 0x0000000081a00000, 0x0000000081a00000| Untracked 
|  26|0x0000000081a00000, 0x0000000081b00000, 0x0000000081b00000|100%| O|  |TAMS 0x0000000081b00000, 0x0000000081b00000| Untracked 
|  27|0x0000000081b00000, 0x0000000081c00000, 0x0000000081c00000|100%| O|  |TAMS 0x0000000081c00000, 0x0000000081c00000| Untracked 
|  28|0x0000000081c00000, 0x0000000081d00000, 0x0000000081d00000|100%| O|  |TAMS 0x0000000081d00000, 0x0000000081d00000| Untracked 
|  29|0x0000000081d00000, 0x0000000081e00000, 0x0000000081e00000|100%| O|  |TAMS 0x0000000081e00000, 0x0000000081e00000| Untracked 
|  30|0x0000000081e00000, 0x0000000081f00000, 0x0000000081f00000|100%| O|  |TAMS 0x0000000081f00000, 0x0000000081f00000| Untracked 
|  31|0x0000000081f00000, 0x0000000082000000, 0x0000000082000000|100%| O|  |TAMS 0x0000000082000000, 0x0000000082000000| Untracked 
|  32|0x0000000082000000, 0x0000000082100000, 0x0000000082100000|100%| O|  |TAMS 0x0000000082100000, 0x0000000082100000| Untracked 
|  33|0x0000000082100000, 0x0000000082200000, 0x0000000082200000|100%| O|  |TAMS 0x0000000082200000, 0x0000000082200000| Untracked 
|  34|0x0000000082200000, 0x0000000082300000, 0x0000000082300000|100%|HS|  |TAMS 0x0000000082300000, 0x0000000082300000| Complete 
|  35|0x0000000082300000, 0x0000000082400000, 0x0000000082400000|100%|HC|  |TAMS 0x0000000082400000, 0x0000000082400000| Complete 
|  36|0x0000000082400000, 0x0000000082500000, 0x0000000082500000|100%| O|  |TAMS 0x0000000082500000, 0x0000000082500000| Untracked 
|  37|0x0000000082500000, 0x0000000082600000, 0x0000000082600000|100%| O|  |TAMS 0x0000000082600000, 0x0000000082600000| Untracked 
|  38|0x0000000082600000, 0x0000000082700000, 0x0000000082700000|100%|HS|  |TAMS 0x0000000082700000, 0x0000000082700000| Complete 
|  39|0x0000000082700000, 0x0000000082800000, 0x0000000082800000|100%|HC|  |TAMS 0x0000000082800000, 0x0000000082800000| Complete 
|  40|0x0000000082800000, 0x0000000082900000, 0x0000000082900000|100%|HC|  |TAMS 0x0000000082900000, 0x0000000082900000| Complete 
|  41|0x0000000082900000, 0x0000000082a00000, 0x0000000082a00000|100%|HC|  |TAMS 0x0000000082a00000, 0x0000000082a00000| Complete 
|  42|0x0000000082a00000, 0x0000000082b00000, 0x0000000082b00000|100%| O|  |TAMS 0x0000000082b00000, 0x0000000082b00000| Untracked 
|  43|0x0000000082b00000, 0x0000000082c00000, 0x0000000082c00000|100%| O|  |TAMS 0x0000000082c00000, 0x0000000082c00000| Untracked 
|  44|0x0000000082c00000, 0x0000000082d00000, 0x0000000082d00000|100%| O|  |TAMS 0x0000000082d00000, 0x0000000082d00000| Untracked 
|  45|0x0000000082d00000, 0x0000000082e00000, 0x0000000082e00000|100%| O|  |TAMS 0x0000000082e00000, 0x0000000082e00000| Untracked 
|  46|0x0000000082e00000, 0x0000000082f00000, 0x0000000082f00000|100%| O|  |TAMS 0x0000000082f00000, 0x0000000082f00000| Untracked 
|  47|0x0000000082f00000, 0x0000000083000000, 0x0000000083000000|100%| O|  |TAMS 0x0000000083000000, 0x0000000083000000| Untracked 
|  48|0x0000000083000000, 0x0000000083100000, 0x0000000083100000|100%| O|  |TAMS 0x0000000083100000, 0x0000000083100000| Untracked 
|  49|0x0000000083100000, 0x0000000083200000, 0x0000000083200000|100%| O|  |TAMS 0x0000000083200000, 0x0000000083200000| Untracked 
|  50|0x0000000083200000, 0x0000000083300000, 0x0000000083300000|100%| O|  |TAMS 0x0000000083300000, 0x0000000083300000| Untracked 
|  51|0x0000000083300000, 0x0000000083400000, 0x0000000083400000|100%| O|  |TAMS 0x0000000083400000, 0x0000000083400000| Untracked 
|  52|0x0000000083400000, 0x0000000083500000, 0x0000000083500000|100%| O|  |TAMS 0x0000000083500000, 0x0000000083500000| Untracked 
|  53|0x0000000083500000, 0x0000000083600000, 0x0000000083600000|100%| O|  |TAMS 0x0000000083600000, 0x0000000083600000| Untracked 
|  54|0x0000000083600000, 0x0000000083700000, 0x0000000083700000|100%| O|  |TAMS 0x0000000083700000, 0x0000000083700000| Untracked 
|  55|0x0000000083700000, 0x0000000083800000, 0x0000000083800000|100%| O|  |TAMS 0x0000000083800000, 0x0000000083800000| Untracked 
|  56|0x0000000083800000, 0x0000000083900000, 0x0000000083900000|100%| O|  |TAMS 0x0000000083900000, 0x0000000083900000| Untracked 
|  57|0x0000000083900000, 0x0000000083a00000, 0x0000000083a00000|100%| O|  |TAMS 0x0000000083a00000, 0x0000000083a00000| Untracked 
|  58|0x0000000083a00000, 0x0000000083b00000, 0x0000000083b00000|100%| O|  |TAMS 0x0000000083b00000, 0x0000000083b00000| Untracked 
|  59|0x0000000083b00000, 0x0000000083c00000, 0x0000000083c00000|100%| O|  |TAMS 0x0000000083c00000, 0x0000000083c00000| Untracked 
|  60|0x0000000083c00000, 0x0000000083d00000, 0x0000000083d00000|100%| O|  |TAMS 0x0000000083d00000, 0x0000000083d00000| Untracked 
|  61|0x0000000083d00000, 0x0000000083e00000, 0x0000000083e00000|100%| O|  |TAMS 0x0000000083e00000, 0x0000000083e00000| Untracked 
|  62|0x0000000083e00000, 0x0000000083f00000, 0x0000000083f00000|100%|HS|  |TAMS 0x0000000083f00000, 0x0000000083f00000| Complete 
|  63|0x0000000083f00000, 0x0000000084000000, 0x0000000084000000|100%|HS|  |TAMS 0x0000000084000000, 0x0000000084000000| Complete 
|  64|0x0000000084000000, 0x0000000084100000, 0x0000000084100000|100%| O|  |TAMS 0x0000000084100000, 0x0000000084100000| Untracked 
|  65|0x0000000084100000, 0x0000000084200000, 0x0000000084200000|100%| O|  |TAMS 0x0000000084200000, 0x0000000084200000| Untracked 
|  66|0x0000000084200000, 0x0000000084300000, 0x0000000084300000|100%| O|  |TAMS 0x0000000084300000, 0x0000000084300000| Untracked 
|  67|0x0000000084300000, 0x0000000084400000, 0x0000000084400000|100%| O|  |TAMS 0x0000000084400000, 0x0000000084400000| Untracked 
|  68|0x0000000084400000, 0x0000000084500000, 0x0000000084500000|100%| O|  |TAMS 0x0000000084500000, 0x0000000084500000| Untracked 
|  69|0x0000000084500000, 0x0000000084600000, 0x0000000084600000|100%| O|  |TAMS 0x00000000845e2600, 0x0000000084600000| Untracked 
|  70|0x0000000084600000, 0x0000000084700000, 0x0000000084700000|100%| O|  |TAMS 0x0000000084600000, 0x0000000084700000| Untracked 
|  71|0x0000000084700000, 0x0000000084800000, 0x0000000084800000|100%| O|  |TAMS 0x0000000084700000, 0x0000000084800000| Untracked 
|  72|0x0000000084800000, 0x0000000084900000, 0x0000000084900000|100%| O|  |TAMS 0x0000000084800000, 0x0000000084900000| Untracked 
|  73|0x0000000084900000, 0x0000000084a00000, 0x0000000084a00000|100%| O|  |TAMS 0x0000000084900000, 0x0000000084a00000| Untracked 
|  74|0x0000000084a00000, 0x0000000084a35c00, 0x0000000084b00000| 20%| O|  |TAMS 0x0000000084a00000, 0x0000000084a35c00| Untracked 
|  75|0x0000000084b00000, 0x0000000084b00000, 0x0000000084c00000|  0%| F|  |TAMS 0x0000000084b00000, 0x0000000084b00000| Untracked 
|  76|0x0000000084c00000, 0x0000000084d00000, 0x0000000084d00000|100%| O|  |TAMS 0x0000000084c00000, 0x0000000084d00000| Untracked 
|  77|0x0000000084d00000, 0x0000000084e00000, 0x0000000084e00000|100%| O|  |TAMS 0x0000000084d00000, 0x0000000084e00000| Untracked 
|  78|0x0000000084e00000, 0x0000000084f00000, 0x0000000084f00000|100%| O|  |TAMS 0x0000000084e00000, 0x0000000084f00000| Untracked 
|  79|0x0000000084f00000, 0x0000000085000000, 0x0000000085000000|100%| O|  |TAMS 0x0000000084f00000, 0x0000000085000000| Untracked 
|  80|0x0000000085000000, 0x0000000085000000, 0x0000000085100000|  0%| F|  |TAMS 0x0000000085000000, 0x0000000085000000| Untracked 
|  81|0x0000000085100000, 0x0000000085100000, 0x0000000085200000|  0%| F|  |TAMS 0x0000000085100000, 0x0000000085100000| Untracked 
|  82|0x0000000085200000, 0x0000000085200000, 0x0000000085300000|  0%| F|  |TAMS 0x0000000085200000, 0x0000000085200000| Untracked 
|  83|0x0000000085300000, 0x0000000085300000, 0x0000000085400000|  0%| F|  |TAMS 0x0000000085300000, 0x0000000085300000| Untracked 
|  84|0x0000000085400000, 0x0000000085400000, 0x0000000085500000|  0%| F|  |TAMS 0x0000000085400000, 0x0000000085400000| Untracked 
|  85|0x0000000085500000, 0x0000000085500000, 0x0000000085600000|  0%| F|  |TAMS 0x0000000085500000, 0x0000000085500000| Untracked 
|  86|0x0000000085600000, 0x0000000085600000, 0x0000000085700000|  0%| F|  |TAMS 0x0000000085600000, 0x0000000085600000| Untracked 
|  87|0x0000000085700000, 0x0000000085700000, 0x0000000085800000|  0%| F|  |TAMS 0x0000000085700000, 0x0000000085700000| Untracked 
|  88|0x0000000085800000, 0x0000000085800000, 0x0000000085900000|  0%| F|  |TAMS 0x0000000085800000, 0x0000000085800000| Untracked 
|  89|0x0000000085900000, 0x0000000085900000, 0x0000000085a00000|  0%| F|  |TAMS 0x0000000085900000, 0x0000000085900000| Untracked 
|  90|0x0000000085a00000, 0x0000000085a00000, 0x0000000085b00000|  0%| F|  |TAMS 0x0000000085a00000, 0x0000000085a00000| Untracked 
|  91|0x0000000085b00000, 0x0000000085b00000, 0x0000000085c00000|  0%| F|  |TAMS 0x0000000085b00000, 0x0000000085b00000| Untracked 
|  92|0x0000000085c00000, 0x0000000085c00000, 0x0000000085d00000|  0%| F|  |TAMS 0x0000000085c00000, 0x0000000085c00000| Untracked 
|  93|0x0000000085d00000, 0x0000000085d00000, 0x0000000085e00000|  0%| F|  |TAMS 0x0000000085d00000, 0x0000000085d00000| Untracked 
|  94|0x0000000085e00000, 0x0000000085e00000, 0x0000000085f00000|  0%| F|  |TAMS 0x0000000085e00000, 0x0000000085e00000| Untracked 
|  95|0x0000000085f00000, 0x0000000085f00000, 0x0000000086000000|  0%| F|  |TAMS 0x0000000085f00000, 0x0000000085f00000| Untracked 
|  96|0x0000000086000000, 0x0000000086000000, 0x0000000086100000|  0%| F|  |TAMS 0x0000000086000000, 0x0000000086000000| Untracked 
|  97|0x0000000086100000, 0x0000000086100000, 0x0000000086200000|  0%| F|  |TAMS 0x0000000086100000, 0x0000000086100000| Untracked 
|  98|0x0000000086200000, 0x0000000086200000, 0x0000000086300000|  0%| F|  |TAMS 0x0000000086200000, 0x0000000086200000| Untracked 
|  99|0x0000000086300000, 0x0000000086300000, 0x0000000086400000|  0%| F|  |TAMS 0x0000000086300000, 0x0000000086300000| Untracked 
| 100|0x0000000086400000, 0x0000000086400000, 0x0000000086500000|  0%| F|  |TAMS 0x0000000086400000, 0x0000000086400000| Untracked 
| 101|0x0000000086500000, 0x0000000086500000, 0x0000000086600000|  0%| F|  |TAMS 0x0000000086500000, 0x0000000086500000| Untracked 
| 102|0x0000000086600000, 0x0000000086600000, 0x0000000086700000|  0%| F|  |TAMS 0x0000000086600000, 0x0000000086600000| Untracked 
| 103|0x0000000086700000, 0x0000000086700000, 0x0000000086800000|  0%| F|  |TAMS 0x0000000086700000, 0x0000000086700000| Untracked 
| 104|0x0000000086800000, 0x0000000086800000, 0x0000000086900000|  0%| F|  |TAMS 0x0000000086800000, 0x0000000086800000| Untracked 
| 105|0x0000000086900000, 0x0000000086900000, 0x0000000086a00000|  0%| F|  |TAMS 0x0000000086900000, 0x0000000086900000| Untracked 
| 106|0x0000000086a00000, 0x0000000086a00000, 0x0000000086b00000|  0%| F|  |TAMS 0x0000000086a00000, 0x0000000086a00000| Untracked 
| 107|0x0000000086b00000, 0x0000000086b00000, 0x0000000086c00000|  0%| F|  |TAMS 0x0000000086b00000, 0x0000000086b00000| Untracked 
| 108|0x0000000086c00000, 0x0000000086c00000, 0x0000000086d00000|  0%| F|  |TAMS 0x0000000086c00000, 0x0000000086c00000| Untracked 
| 109|0x0000000086d00000, 0x0000000086d00000, 0x0000000086e00000|  0%| F|  |TAMS 0x0000000086d00000, 0x0000000086d00000| Untracked 
| 110|0x0000000086e00000, 0x0000000086e00000, 0x0000000086f00000|  0%| F|  |TAMS 0x0000000086e00000, 0x0000000086e00000| Untracked 
| 111|0x0000000086f00000, 0x0000000086f00000, 0x0000000087000000|  0%| F|  |TAMS 0x0000000086f00000, 0x0000000086f00000| Untracked 
| 112|0x0000000087000000, 0x0000000087000000, 0x0000000087100000|  0%| F|  |TAMS 0x0000000087000000, 0x0000000087000000| Untracked 
| 113|0x0000000087100000, 0x0000000087100000, 0x0000000087200000|  0%| F|  |TAMS 0x0000000087100000, 0x0000000087100000| Untracked 
| 114|0x0000000087200000, 0x0000000087200000, 0x0000000087300000|  0%| F|  |TAMS 0x0000000087200000, 0x0000000087200000| Untracked 
| 115|0x0000000087300000, 0x0000000087300000, 0x0000000087400000|  0%| F|  |TAMS 0x0000000087300000, 0x0000000087300000| Untracked 
| 116|0x0000000087400000, 0x0000000087400000, 0x0000000087500000|  0%| F|  |TAMS 0x0000000087400000, 0x0000000087400000| Untracked 
| 117|0x0000000087500000, 0x000000008756e198, 0x0000000087600000| 43%| S|CS|TAMS 0x0000000087500000, 0x0000000087500000| Complete 
| 118|0x0000000087600000, 0x0000000087700000, 0x0000000087700000|100%| S|CS|TAMS 0x0000000087600000, 0x0000000087600000| Complete 
| 119|0x0000000087700000, 0x0000000087700000, 0x0000000087800000|  0%| F|  |TAMS 0x0000000087700000, 0x0000000087700000| Untracked 
| 120|0x0000000087800000, 0x0000000087800000, 0x0000000087900000|  0%| F|  |TAMS 0x0000000087800000, 0x0000000087800000| Untracked 
| 121|0x0000000087900000, 0x0000000087900000, 0x0000000087a00000|  0%| F|  |TAMS 0x0000000087900000, 0x0000000087900000| Untracked 
| 122|0x0000000087a00000, 0x0000000087a00000, 0x0000000087b00000|  0%| F|  |TAMS 0x0000000087a00000, 0x0000000087a00000| Untracked 
| 123|0x0000000087b00000, 0x0000000087b00000, 0x0000000087c00000|  0%| F|  |TAMS 0x0000000087b00000, 0x0000000087b00000| Untracked 
| 124|0x0000000087c00000, 0x0000000087c00000, 0x0000000087d00000|  0%| F|  |TAMS 0x0000000087c00000, 0x0000000087c00000| Untracked 
| 125|0x0000000087d00000, 0x0000000087d00000, 0x0000000087e00000|  0%| F|  |TAMS 0x0000000087d00000, 0x0000000087d00000| Untracked 
| 126|0x0000000087e00000, 0x0000000087e00000, 0x0000000087f00000|  0%| F|  |TAMS 0x0000000087e00000, 0x0000000087e00000| Untracked 
| 127|0x0000000087f00000, 0x0000000087f00000, 0x0000000088000000|  0%| F|  |TAMS 0x0000000087f00000, 0x0000000087f00000| Untracked 
| 196|0x000000008c400000, 0x000000008c400000, 0x000000008c500000|  0%| F|  |TAMS 0x000000008c400000, 0x000000008c400000| Untracked 
| 197|0x000000008c500000, 0x000000008c500000, 0x000000008c600000|  0%| F|  |TAMS 0x000000008c500000, 0x000000008c500000| Untracked 
| 198|0x000000008c600000, 0x000000008c600000, 0x000000008c700000|  0%| F|  |TAMS 0x000000008c600000, 0x000000008c600000| Untracked 
| 199|0x000000008c700000, 0x000000008c700000, 0x000000008c800000|  0%| F|  |TAMS 0x000000008c700000, 0x000000008c700000| Untracked 
| 200|0x000000008c800000, 0x000000008c800000, 0x000000008c900000|  0%| F|  |TAMS 0x000000008c800000, 0x000000008c800000| Untracked 
| 201|0x000000008c900000, 0x000000008c900000, 0x000000008ca00000|  0%| F|  |TAMS 0x000000008c900000, 0x000000008c900000| Untracked 
| 202|0x000000008ca00000, 0x000000008ca00000, 0x000000008cb00000|  0%| F|  |TAMS 0x000000008ca00000, 0x000000008ca00000| Untracked 
| 203|0x000000008cb00000, 0x000000008cb00000, 0x000000008cc00000|  0%| F|  |TAMS 0x000000008cb00000, 0x000000008cb00000| Untracked 
| 247|0x000000008f700000, 0x000000008f700000, 0x000000008f800000|  0%| F|  |TAMS 0x000000008f700000, 0x000000008f700000| Untracked 

Card table byte_map: [0x0000021ae7c60000,0x0000021ae8060000] _byte_map_base: 0x0000021ae7860000

Marking Bits (Prev, Next): (CMBitMap*) 0x0000021ad4b67a30, (CMBitMap*) 0x0000021ad4b679f0
 Prev Bits: [0x0000021aea460000, 0x0000021aec460000)
 Next Bits: [0x0000021ae8460000, 0x0000021aea460000)

Polling page: 0x0000021ad42d0000

Metaspace:

Usage:
  Non-class:     72.29 MB used.
      Class:     11.21 MB used.
       Both:     83.50 MB used.

Virtual space:
  Non-class space:       80.00 MB reserved,      72.62 MB ( 91%) committed,  10 nodes.
      Class space:      412.00 MB reserved,      11.50 MB (  3%) committed,  1 nodes.
             Both:      492.00 MB reserved,      84.12 MB ( 17%) committed. 

Chunk freelists:
   Non-Class:  3.08 MB
       Class:  519.00 KB
        Both:  3.58 MB

MaxMetaspaceSize: 512.00 MB
CompressedClassSpaceSize: 412.00 MB
Initial GC threshold: 21.00 MB
Current GC threshold: 133.88 MB
CDS: off
MetaspaceReclaimPolicy: balanced
 - commit_granule_bytes: 65536.
 - commit_granule_words: 8192.
 - virtual_space_node_default_size: 1048576.
 - enlarge_chunks_in_place: 1.
 - new_chunks_are_fully_committed: 0.
 - uncommit_free_chunks: 1.
 - use_allocation_guard: 0.
 - handle_deallocations: 1.


Internal statistics:

num_allocs_failed_limit: 6.
num_arena_births: 902.
num_arena_deaths: 0.
num_vsnodes_births: 11.
num_vsnodes_deaths: 0.
num_space_committed: 1346.
num_space_uncommitted: 0.
num_chunks_returned_to_freelist: 6.
num_chunks_taken_from_freelist: 4041.
num_chunk_merges: 6.
num_chunk_splits: 2659.
num_chunks_enlarged: 1758.
num_purges: 0.
num_inconsistent_stats: 0.

CodeHeap 'non-profiled nmethods': size=119168Kb used=4760Kb max_used=5181Kb free=114407Kb
 bounds [0x0000021adfb70000, 0x0000021ae0080000, 0x0000021ae6fd0000]
CodeHeap 'profiled nmethods': size=119104Kb used=17736Kb max_used=18737Kb free=101367Kb
 bounds [0x0000021ad7fd0000, 0x0000021ad9240000, 0x0000021adf420000]
CodeHeap 'non-nmethods': size=7488Kb used=4078Kb max_used=4143Kb free=3410Kb
 bounds [0x0000021adf420000, 0x0000021adf8a0000, 0x0000021adfb70000]
 total_blobs=9860 nmethods=8934 adapters=833
 compilation: enabled
              stopped_count=0, restarted_count=0
 full_count=0

Compilation events (20 events):
Event: 10.880 Thread 0x0000021af334e4a0 nmethod 10301 0x0000021ad8960290 code [0x0000021ad8960440, 0x0000021ad8960668]
Event: 10.880 Thread 0x0000021af334e4a0 10302       1       com.android.build.gradle.internal.api.DefaultAndroidSourceSet::getName (5 bytes)
Event: 10.881 Thread 0x0000021af334e4a0 nmethod 10302 0x0000021adfd2be10 code [0x0000021adfd2bfa0, 0x0000021adfd2c078]
Event: 10.881 Thread 0x0000021af334e4a0 10303       3       org.gradle.internal.event.DefaultListenerManager$EventBroadcast::getDispatch (16 bytes)
Event: 10.881 Thread 0x0000021af334e4a0 nmethod 10303 0x0000021ad85c4890 code [0x0000021ad85c4a20, 0x0000021ad85c4b98]
Event: 10.881 Thread 0x0000021af334e4a0 10304       3       org.gradle.api.internal.file.collections.FileCollectionAdapter::<init> (12 bytes)
Event: 10.881 Thread 0x0000021af334e4a0 nmethod 10304 0x0000021ad895fc90 code [0x0000021ad895fe40, 0x0000021ad8960178]
Event: 10.884 Thread 0x0000021af02151e0 nmethod 10268 0x0000021ad921c710 code [0x0000021ad921dc00, 0x0000021ad922f388]
Event: 10.886 Thread 0x0000021af02151e0 10305       3       java.security.PermissionCollection::<init> (5 bytes)
Event: 10.886 Thread 0x0000021af02151e0 nmethod 10305 0x0000021ad85ce410 code [0x0000021ad85ce5a0, 0x0000021ad85ce6f8]
Event: 10.890 Thread 0x0000021af02151e0 10306       3       java.net.URLConnection::setUseCaches (10 bytes)
Event: 10.890 Thread 0x0000021af0217910 10307       3       java.net.URLConnection::checkConnected (19 bytes)
Event: 10.890 Thread 0x0000021af00d1de0 10308       1       java.net.JarURLConnection::getEntryName (5 bytes)
Event: 10.890 Thread 0x0000021af00d1de0 nmethod 10308 0x0000021adfd2ba10 code [0x0000021adfd2bba0, 0x0000021adfd2bc78]
Event: 10.891 Thread 0x0000021af02151e0 nmethod 10306 0x0000021ad895f710 code [0x0000021ad895f8c0, 0x0000021ad895fb48]
Event: 10.891 Thread 0x0000021af0217910 nmethod 10307 0x0000021ad895f210 code [0x0000021ad895f3c0, 0x0000021ad895f5e8]
Event: 10.892 Thread 0x0000021af00d1de0 10310   !   3       java.nio.charset.CharsetDecoder::decode (275 bytes)
Event: 10.892 Thread 0x0000021af02151e0 10311       3       java.nio.HeapByteBuffer::compact (85 bytes)
Event: 10.892 Thread 0x0000021af02151e0 nmethod 10311 0x0000021ad8672010 code [0x0000021ad8672200, 0x0000021ad8672828]
Event: 10.893 Thread 0x0000021af00d1de0 nmethod 10310 0x0000021ad899ab90 code [0x0000021ad899aec0, 0x0000021ad899c3a8]

GC Heap History (20 events):
Event: 8.398 GC heap after
{Heap after GC invocations=25 (full 0):
 garbage-first heap   total 92160K, used 54429K [0x0000000080000000, 0x0000000100000000)
  region size 1024K, 3 young (3072K), 3 survivors (3072K)
 Metaspace       used 68652K, committed 69312K, reserved 487424K
  class space    used 9315K, committed 9600K, reserved 421888K
}
Event: 8.726 GC heap before
{Heap before GC invocations=26 (full 0):
 garbage-first heap   total 97280K, used 75933K [0x0000000080000000, 0x0000000100000000)
  region size 1024K, 24 young (24576K), 3 survivors (3072K)
 Metaspace       used 70121K, committed 70720K, reserved 487424K
  class space    used 9568K, committed 9856K, reserved 421888K
}
Event: 8.729 GC heap after
{Heap after GC invocations=27 (full 0):
 garbage-first heap   total 97280K, used 56007K [0x0000000080000000, 0x0000000100000000)
  region size 1024K, 3 young (3072K), 3 survivors (3072K)
 Metaspace       used 70121K, committed 70720K, reserved 487424K
  class space    used 9568K, committed 9856K, reserved 421888K
}
Event: 9.085 GC heap before
{Heap before GC invocations=27 (full 0):
 garbage-first heap   total 97280K, used 79559K [0x0000000080000000, 0x0000000100000000)
  region size 1024K, 26 young (26624K), 3 survivors (3072K)
 Metaspace       used 71307K, committed 71936K, reserved 487424K
  class space    used 9706K, committed 9984K, reserved 421888K
}
Event: 9.088 GC heap after
{Heap after GC invocations=28 (full 0):
 garbage-first heap   total 97280K, used 58991K [0x0000000080000000, 0x0000000100000000)
  region size 1024K, 4 young (4096K), 4 survivors (4096K)
 Metaspace       used 71307K, committed 71936K, reserved 487424K
  class space    used 9706K, committed 9984K, reserved 421888K
}
Event: 9.257 GC heap before
{Heap before GC invocations=29 (full 0):
 garbage-first heap   total 109568K, used 79471K [0x0000000080000000, 0x0000000100000000)
  region size 1024K, 24 young (24576K), 4 survivors (4096K)
 Metaspace       used 72088K, committed 72704K, reserved 487424K
  class space    used 9846K, committed 10112K, reserved 421888K
}
Event: 9.260 GC heap after
{Heap after GC invocations=30 (full 0):
 garbage-first heap   total 109568K, used 62140K [0x0000000080000000, 0x0000000100000000)
  region size 1024K, 3 young (3072K), 3 survivors (3072K)
 Metaspace       used 72088K, committed 72704K, reserved 487424K
  class space    used 9846K, committed 10112K, reserved 421888K
}
Event: 9.547 GC heap before
{Heap before GC invocations=30 (full 0):
 garbage-first heap   total 109568K, used 86716K [0x0000000080000000, 0x0000000100000000)
  region size 1024K, 28 young (28672K), 3 survivors (3072K)
 Metaspace       used 74548K, committed 75200K, reserved 487424K
  class space    used 10156K, committed 10432K, reserved 421888K
}
Event: 9.549 GC heap after
{Heap after GC invocations=31 (full 0):
 garbage-first heap   total 109568K, used 65585K [0x0000000080000000, 0x0000000100000000)
  region size 1024K, 4 young (4096K), 4 survivors (4096K)
 Metaspace       used 74548K, committed 75200K, reserved 487424K
  class space    used 10156K, committed 10432K, reserved 421888K
}
Event: 9.863 GC heap before
{Heap before GC invocations=32 (full 0):
 garbage-first heap   total 116736K, used 89137K [0x0000000080000000, 0x0000000100000000)
  region size 1024K, 26 young (26624K), 4 survivors (4096K)
 Metaspace       used 75369K, committed 76032K, reserved 495616K
  class space    used 10255K, committed 10560K, reserved 421888K
}
Event: 9.866 GC heap after
{Heap after GC invocations=33 (full 0):
 garbage-first heap   total 140288K, used 71000K [0x0000000080000000, 0x0000000100000000)
  region size 1024K, 4 young (4096K), 4 survivors (4096K)
 Metaspace       used 75369K, committed 76032K, reserved 495616K
  class space    used 10255K, committed 10560K, reserved 421888K
}
Event: 9.894 GC heap before
{Heap before GC invocations=33 (full 0):
 garbage-first heap   total 140288K, used 73048K [0x0000000080000000, 0x0000000100000000)
  region size 1024K, 6 young (6144K), 4 survivors (4096K)
 Metaspace       used 75618K, committed 76224K, reserved 495616K
  class space    used 10299K, committed 10560K, reserved 421888K
}
Event: 9.896 GC heap after
{Heap after GC invocations=34 (full 0):
 garbage-first heap   total 140288K, used 71182K [0x0000000080000000, 0x0000000100000000)
  region size 1024K, 1 young (1024K), 1 survivors (1024K)
 Metaspace       used 75618K, committed 76224K, reserved 495616K
  class space    used 10299K, committed 10560K, reserved 421888K
}
Event: 10.390 GC heap before
{Heap before GC invocations=34 (full 0):
 garbage-first heap   total 140288K, used 109070K [0x0000000080000000, 0x0000000100000000)
  region size 1024K, 38 young (38912K), 1 survivors (1024K)
 Metaspace       used 80764K, committed 81472K, reserved 495616K
  class space    used 10907K, committed 11264K, reserved 421888K
}
Event: 10.393 GC heap after
{Heap after GC invocations=35 (full 0):
 garbage-first heap   total 140288K, used 73877K [0x0000000080000000, 0x0000000100000000)
  region size 1024K, 4 young (4096K), 4 survivors (4096K)
 Metaspace       used 80764K, committed 81472K, reserved 495616K
  class space    used 10907K, committed 11264K, reserved 421888K
}
Event: 10.719 GC heap before
{Heap before GC invocations=36 (full 0):
 garbage-first heap   total 140288K, used 117909K [0x0000000080000000, 0x0000000100000000)
  region size 1024K, 40 young (40960K), 4 survivors (4096K)
 Metaspace       used 83877K, committed 84608K, reserved 495616K
  class space    used 11305K, committed 11648K, reserved 421888K
}
Event: 10.722 GC heap after
{Heap after GC invocations=37 (full 0):
 garbage-first heap   total 140288K, used 79565K [0x0000000080000000, 0x0000000100000000)
  region size 1024K, 5 young (5120K), 5 survivors (5120K)
 Metaspace       used 83877K, committed 84608K, reserved 495616K
  class space    used 11305K, committed 11648K, reserved 421888K
}
Event: 10.732 GC heap before
{Heap before GC invocations=37 (full 0):
 garbage-first heap   total 140288K, used 80589K [0x0000000080000000, 0x0000000100000000)
  region size 1024K, 6 young (6144K), 5 survivors (5120K)
 Metaspace       used 83952K, committed 84672K, reserved 495616K
  class space    used 11314K, committed 11648K, reserved 421888K
}
Event: 10.735 GC heap after
{Heap after GC invocations=38 (full 0):
 garbage-first heap   total 140288K, used 79603K [0x0000000080000000, 0x0000000100000000)
  region size 1024K, 1 young (1024K), 1 survivors (1024K)
 Metaspace       used 83952K, committed 84672K, reserved 495616K
  class space    used 11314K, committed 11648K, reserved 421888K
}
Event: 10.895 GC heap before
{Heap before GC invocations=38 (full 0):
 garbage-first heap   total 140288K, used 95987K [0x0000000080000000, 0x0000000100000000)
  region size 1024K, 18 young (18432K), 1 survivors (1024K)
 Metaspace       used 85506K, committed 86144K, reserved 503808K
  class space    used 11479K, committed 11776K, reserved 421888K
}

Dll operation events (2 events):
Event: 0.006 Loaded shared library C:\Program Files\Android\Android Studio\jbr\bin\java.dll
Event: 0.250 Loaded shared library C:\Program Files\Android\Android Studio\jbr\bin\verify.dll

Deoptimization events (20 events):
Event: 10.894 Thread 0x0000021af150fa40 DEOPT PACKING pc=0x0000021ad85097cb sp=0x000000d16b6f68e0
Event: 10.894 Thread 0x0000021af150fa40 DEOPT UNPACKING pc=0x0000021adf477143 sp=0x000000d16b6f5d90 mode 0
Event: 10.894 Thread 0x0000021af150fa40 DEOPT PACKING pc=0x0000021ad85097cb sp=0x000000d16b6f68e0
Event: 10.894 Thread 0x0000021af150fa40 DEOPT UNPACKING pc=0x0000021adf477143 sp=0x000000d16b6f5d90 mode 0
Event: 10.894 Thread 0x0000021af150fa40 DEOPT PACKING pc=0x0000021ad85097cb sp=0x000000d16b6f68e0
Event: 10.894 Thread 0x0000021af150fa40 DEOPT UNPACKING pc=0x0000021adf477143 sp=0x000000d16b6f5d90 mode 0
Event: 10.894 Thread 0x0000021af150fa40 DEOPT PACKING pc=0x0000021ad85097cb sp=0x000000d16b6f68e0
Event: 10.894 Thread 0x0000021af150fa40 DEOPT UNPACKING pc=0x0000021adf477143 sp=0x000000d16b6f5d90 mode 0
Event: 10.894 Thread 0x0000021af150fa40 DEOPT PACKING pc=0x0000021ad85097cb sp=0x000000d16b6f68e0
Event: 10.894 Thread 0x0000021af150fa40 DEOPT UNPACKING pc=0x0000021adf477143 sp=0x000000d16b6f5d90 mode 0
Event: 10.894 Thread 0x0000021af150fa40 DEOPT PACKING pc=0x0000021ad85097cb sp=0x000000d16b6f68e0
Event: 10.894 Thread 0x0000021af150fa40 DEOPT UNPACKING pc=0x0000021adf477143 sp=0x000000d16b6f5d90 mode 0
Event: 10.895 Thread 0x0000021af150fa40 DEOPT PACKING pc=0x0000021ad85097cb sp=0x000000d16b6f68e0
Event: 10.895 Thread 0x0000021af150fa40 DEOPT UNPACKING pc=0x0000021adf477143 sp=0x000000d16b6f5d90 mode 0
Event: 10.895 Thread 0x0000021af150fa40 DEOPT PACKING pc=0x0000021ad85097cb sp=0x000000d16b6f68e0
Event: 10.895 Thread 0x0000021af150fa40 DEOPT UNPACKING pc=0x0000021adf477143 sp=0x000000d16b6f5d90 mode 0
Event: 10.895 Thread 0x0000021af150fa40 DEOPT PACKING pc=0x0000021ad85097cb sp=0x000000d16b6f68e0
Event: 10.895 Thread 0x0000021af150fa40 DEOPT UNPACKING pc=0x0000021adf477143 sp=0x000000d16b6f5d90 mode 0
Event: 10.895 Thread 0x0000021af150fa40 DEOPT PACKING pc=0x0000021ad85097cb sp=0x000000d16b6f68e0
Event: 10.895 Thread 0x0000021af150fa40 DEOPT UNPACKING pc=0x0000021adf477143 sp=0x000000d16b6f5d90 mode 0

Classes unloaded (0 events):
No events

Classes redefined (0 events):
No events

Internal exceptions (20 events):
Event: 9.207 Thread 0x0000021afa4b8410 Exception <a 'java/lang/NoSuchMethodError'{0x0000000085979520}: 'java.lang.Object java.lang.invoke.Invokers$Holder.linkToTargetMethod(java.lang.Object, java.lang.Object, java.lang.Object, int, java.lang.Object, java.lang.Object)'> (0x0000000085979520) 
thrown [s\src\hotspot\share\interpreter\linkResolver.cpp, line 771]
Event: 9.216 Thread 0x0000021af15108b0 Exception <a 'java/lang/NoSuchMethodError'{0x00000000859e9030}: 'void java.lang.invoke.DirectMethodHandle$Holder.invokeInterface(java.lang.Object, java.lang.Object, java.lang.Object, java.lang.Object)'> (0x00000000859e9030) 
thrown [s\src\hotspot\share\interpreter\linkResolver.cpp, line 771]
Event: 9.234 Thread 0x0000021af150dd60 Exception <a 'java/lang/NoSuchMethodError'{0x00000000858c30d8}: static Lorg/gradle/internal/build/event/types/DefaultTaskStartedProgressEvent;.<clinit>()V> (0x00000000858c30d8) 
thrown [s\src\hotspot\share\prims\jni.cpp, line 1108]
Event: 9.235 Thread 0x0000021af150dd60 Exception <a 'java/lang/NoSuchMethodError'{0x00000000858e7158}: static Lorg/gradle/internal/build/event/types/DefaultTaskDescriptor;.<clinit>()V> (0x00000000858e7158) 
thrown [s\src\hotspot\share\prims\jni.cpp, line 1108]
Event: 9.264 Thread 0x0000021af15108b0 Exception <a 'java/lang/NoSuchMethodError'{0x000000008f711510}: 'int java.lang.invoke.DirectMethodHandle$Holder.invokeSpecial(java.lang.Object, java.lang.Object, java.lang.Object, java.lang.Object, java.lang.Object)'> (0x000000008f711510) 
thrown [s\src\hotspot\share\interpreter\linkResolver.cpp, line 771]
Event: 9.607 Thread 0x0000021af150dd60 Exception <a 'java/lang/NoSuchMethodError'{0x000000008c947d60}: static Lorg/gradle/internal/build/event/types/DefaultTaskFinishedProgressEvent;.<clinit>()V> (0x000000008c947d60) 
thrown [s\src\hotspot\share\prims\jni.cpp, line 1108]
Event: 9.608 Thread 0x0000021af150dd60 Exception <a 'java/lang/NoSuchMethodError'{0x000000008c9651d8}: static Lorg/gradle/internal/build/event/types/DefaultTaskSuccessResult;.<clinit>()V> (0x000000008c9651d8) 
thrown [s\src\hotspot\share\prims\jni.cpp, line 1108]
Event: 9.608 Thread 0x0000021af150dd60 Exception <a 'java/lang/NoSuchMethodError'{0x000000008c9668e0}: static Lorg/gradle/internal/build/event/types/AbstractTaskResult;.<clinit>()V> (0x000000008c9668e0) 
thrown [s\src\hotspot\share\prims\jni.cpp, line 1108]
Event: 9.609 Thread 0x0000021af15108b0 Exception <a 'sun/nio/fs/WindowsException'{0x000000008c96d560}> (0x000000008c96d560) 
thrown [s\src\hotspot\share\prims\jni.cpp, line 517]
Event: 9.611 Thread 0x0000021af15108b0 Exception <a 'sun/nio/fs/WindowsException'{0x000000008c96fd38}> (0x000000008c96fd38) 
thrown [s\src\hotspot\share\prims\jni.cpp, line 517]
Event: 9.611 Thread 0x0000021af15108b0 Exception <a 'sun/nio/fs/WindowsException'{0x000000008c9721e8}> (0x000000008c9721e8) 
thrown [s\src\hotspot\share\prims\jni.cpp, line 517]
Event: 9.611 Thread 0x0000021af15108b0 Exception <a 'sun/nio/fs/WindowsException'{0x000000008c9742e0}> (0x000000008c9742e0) 
thrown [s\src\hotspot\share\prims\jni.cpp, line 517]
Event: 9.615 Thread 0x0000021af150dd60 Exception <a 'java/lang/NoSuchMethodError'{0x000000008c9c17c0}: static Lorg/gradle/internal/build/event/types/DefaultTaskSkippedResult;.<clinit>()V> (0x000000008c9c17c0) 
thrown [s\src\hotspot\share\prims\jni.cpp, line 1108]
Event: 9.801 Thread 0x0000021af150fa40 Exception <a 'java/lang/ClassNotFoundException'{0x0000000085f517d8}: build_fnazc6zmjznduotgsrl0zcvsBeanInfo> (0x0000000085f517d8) 
thrown [s\src\hotspot\share\classfile\systemDictionary.cpp, line 256]
Event: 9.801 Thread 0x0000021af150fa40 Exception <a 'java/lang/ClassNotFoundException'{0x0000000085f582b0}: build_fnazc6zmjznduotgsrl0zcvsCustomizer> (0x0000000085f582b0) 
thrown [s\src\hotspot\share\classfile\systemDictionary.cpp, line 256]
Event: 9.826 Thread 0x0000021af150fa40 Exception <a 'java/lang/ClassNotFoundException'{0x0000000085eaab60}: build_5hdgx10vrl5aywrjxm9l1vtc2BeanInfo> (0x0000000085eaab60) 
thrown [s\src\hotspot\share\classfile\systemDictionary.cpp, line 256]
Event: 9.826 Thread 0x0000021af150fa40 Exception <a 'java/lang/ClassNotFoundException'{0x0000000085eb16b8}: build_5hdgx10vrl5aywrjxm9l1vtc2Customizer> (0x0000000085eb16b8) 
thrown [s\src\hotspot\share\classfile\systemDictionary.cpp, line 256]
Event: 10.424 Thread 0x0000021af150fa40 Implicit null exception at 0x0000021adfd5210c to 0x0000021adfd52242
Event: 10.539 Thread 0x0000021af150fa40 Exception <a 'sun/nio/fs/WindowsException'{0x00000000876093a8}> (0x00000000876093a8) 
thrown [s\src\hotspot\share\prims\jni.cpp, line 517]
Event: 10.871 Thread 0x0000021af150fa40 Implicit null exception at 0x0000021adfc50348 to 0x0000021adfc50408

VM Operations (20 events):
Event: 10.393 Executing VM operation: G1CollectForAllocation done
Event: 10.397 Executing VM operation: HandshakeAllThreads
Event: 10.397 Executing VM operation: HandshakeAllThreads done
Event: 10.426 Executing VM operation: G1Concurrent
Event: 10.429 Executing VM operation: G1Concurrent done
Event: 10.435 Executing VM operation: HandshakeAllThreads
Event: 10.435 Executing VM operation: HandshakeAllThreads done
Event: 10.435 Executing VM operation: HandshakeAllThreads
Event: 10.436 Executing VM operation: HandshakeAllThreads done
Event: 10.441 Executing VM operation: G1Concurrent
Event: 10.442 Executing VM operation: G1Concurrent done
Event: 10.470 Executing VM operation: HandshakeAllThreads
Event: 10.471 Executing VM operation: HandshakeAllThreads done
Event: 10.499 Executing VM operation: HandshakeAllThreads
Event: 10.499 Executing VM operation: HandshakeAllThreads done
Event: 10.718 Executing VM operation: G1CollectForAllocation
Event: 10.722 Executing VM operation: G1CollectForAllocation done
Event: 10.731 Executing VM operation: G1CollectForAllocation
Event: 10.735 Executing VM operation: G1CollectForAllocation done
Event: 10.895 Executing VM operation: G1TryInitiateConcMark

Events (20 events):
Event: 10.512 Thread 0x0000021af00e33a0 flushing nmethod 0x0000021ad8efbb10
Event: 10.512 Thread 0x0000021af00e33a0 flushing nmethod 0x0000021ad8f15e90
Event: 10.512 Thread 0x0000021af00e33a0 flushing nmethod 0x0000021ad8f1d710
Event: 10.512 Thread 0x0000021af00e33a0 flushing nmethod 0x0000021ad8f39090
Event: 10.512 Thread 0x0000021af00e33a0 flushing nmethod 0x0000021ad8f5bd90
Event: 10.512 Thread 0x0000021af00e33a0 flushing nmethod 0x0000021ad8f91c90
Event: 10.512 Thread 0x0000021af00e33a0 flushing nmethod 0x0000021ad8f9e190
Event: 10.512 Thread 0x0000021af00e33a0 flushing nmethod 0x0000021ad8fc0010
Event: 10.512 Thread 0x0000021af00e33a0 flushing nmethod 0x0000021ad9022990
Event: 10.513 Thread 0x0000021af00e33a0 flushing nmethod 0x0000021ad9197010
Event: 10.527 loading class java/security/KeyStore$ProtectionParameter
Event: 10.527 loading class java/security/KeyStore$ProtectionParameter done
Event: 10.775 loading class java/security/KeyStore
Event: 10.775 loading class java/security/KeyStore done
Event: 10.776 loading class java/security/KeyStore$1
Event: 10.776 loading class java/security/KeyStore$1 done
Event: 10.839 loading class javax/xml/stream/XMLStreamException
Event: 10.839 loading class javax/xml/stream/XMLStreamException done
Event: 10.855 loading class sun/reflect/annotation/AnnotationInvocationHandler$1
Event: 10.855 loading class sun/reflect/annotation/AnnotationInvocationHandler$1 done


Dynamic libraries:
0x00007ff79a0c0000 - 0x00007ff79a0ca000 	C:\Program Files\Android\Android Studio\jbr\bin\java.exe
0x00007ffa0f470000 - 0x00007ffa0f687000 	C:\Windows\SYSTEM32\ntdll.dll
0x00007ffa0e720000 - 0x00007ffa0e7e4000 	C:\Windows\System32\KERNEL32.DLL
0x00007ffa0c980000 - 0x00007ffa0cd25000 	C:\Windows\System32\KERNELBASE.dll
0x00007ffa0ced0000 - 0x00007ffa0cfe1000 	C:\Windows\System32\ucrtbase.dll
0x00007ff9dac50000 - 0x00007ff9dac67000 	C:\Program Files\Android\Android Studio\jbr\bin\jli.dll
0x00007ff9f3620000 - 0x00007ff9f363b000 	C:\Program Files\Android\Android Studio\jbr\bin\VCRUNTIME140.dll
0x00007ffa0f280000 - 0x00007ffa0f42e000 	C:\Windows\System32\USER32.dll
0x00007ffa0c950000 - 0x00007ffa0c976000 	C:\Windows\System32\win32u.dll
0x00007ff9f19d0000 - 0x00007ff9f1c63000 	C:\Windows\WinSxS\amd64_microsoft.windows.common-controls_6595b64144ccf1df_6.0.22621.2506_none_270c5ae97388e100\COMCTL32.dll
0x00007ffa0eb00000 - 0x00007ffa0eb29000 	C:\Windows\System32\GDI32.dll
0x00007ffa0e120000 - 0x00007ffa0e1c7000 	C:\Windows\System32\msvcrt.dll
0x00007ffa0cd30000 - 0x00007ffa0ce49000 	C:\Windows\System32\gdi32full.dll
0x00007ffa0d0b0000 - 0x00007ffa0d14a000 	C:\Windows\System32\msvcp_win.dll
0x00007ffa0f120000 - 0x00007ffa0f151000 	C:\Windows\System32\IMM32.DLL
0x00007ffa07b10000 - 0x00007ffa07b1c000 	C:\Program Files\Android\Android Studio\jbr\bin\vcruntime140_1.dll
0x00007ff9f3590000 - 0x00007ff9f361d000 	C:\Program Files\Android\Android Studio\jbr\bin\msvcp140.dll
0x00007ff9a2aa0000 - 0x00007ff9a370e000 	C:\Program Files\Android\Android Studio\jbr\bin\server\jvm.dll
0x00007ffa0e1e0000 - 0x00007ffa0e291000 	C:\Windows\System32\ADVAPI32.dll
0x00007ffa0d1c0000 - 0x00007ffa0d266000 	C:\Windows\System32\sechost.dll
0x00007ffa0f160000 - 0x00007ffa0f277000 	C:\Windows\System32\RPCRT4.dll
0x00007ffa04600000 - 0x00007ffa04634000 	C:\Windows\SYSTEM32\WINMM.dll
0x00007ff9ddb10000 - 0x00007ff9ddb19000 	C:\Windows\SYSTEM32\WSOCK32.dll
0x00007ffa048f0000 - 0x00007ffa048fa000 	C:\Windows\SYSTEM32\VERSION.dll
0x00007ffa0e850000 - 0x00007ffa0e8c1000 	C:\Windows\System32\WS2_32.dll
0x00007ffa0b7c0000 - 0x00007ffa0b7d8000 	C:\Windows\SYSTEM32\kernel.appcore.dll
0x00007ff9ddb00000 - 0x00007ff9ddb0a000 	C:\Program Files\Android\Android Studio\jbr\bin\jimage.dll
0x00007ffa05140000 - 0x00007ffa05373000 	C:\Windows\SYSTEM32\DBGHELP.DLL
0x00007ffa0dd00000 - 0x00007ffa0e089000 	C:\Windows\System32\combase.dll
0x00007ffa0e9d0000 - 0x00007ffa0eaa7000 	C:\Windows\System32\OLEAUT32.dll
0x00007ff9f6d70000 - 0x00007ff9f6da2000 	C:\Windows\SYSTEM32\dbgcore.DLL
0x00007ffa0ce50000 - 0x00007ffa0ceca000 	C:\Windows\System32\bcryptPrimitives.dll
0x00007ff9db810000 - 0x00007ff9db835000 	C:\Program Files\Android\Android Studio\jbr\bin\java.dll
0x00007ff9db7f0000 - 0x00007ff9db808000 	C:\Program Files\Android\Android Studio\jbr\bin\zip.dll
0x00007ffa0d270000 - 0x00007ffa0dac9000 	C:\Windows\System32\SHELL32.dll
0x00007ffa0a6e0000 - 0x00007ffa0afd4000 	C:\Windows\SYSTEM32\windows.storage.dll
0x00007ffa0a5a0000 - 0x00007ffa0a6de000 	C:\Windows\SYSTEM32\wintypes.dll
0x00007ffa0dad0000 - 0x00007ffa0dbc3000 	C:\Windows\System32\SHCORE.dll
0x00007ffa0dbd0000 - 0x00007ffa0dc2e000 	C:\Windows\System32\shlwapi.dll
0x00007ffa0c710000 - 0x00007ffa0c736000 	C:\Windows\SYSTEM32\profapi.dll
0x00007ff9db7d0000 - 0x00007ff9db7e9000 	C:\Program Files\Android\Android Studio\jbr\bin\net.dll
0x00007ffa05e60000 - 0x00007ffa05f97000 	C:\Windows\SYSTEM32\WINHTTP.dll
0x00007ffa0bc40000 - 0x00007ffa0bca9000 	C:\Windows\system32\mswsock.dll
0x00007ff9db7b0000 - 0x00007ff9db7c6000 	C:\Program Files\Android\Android Studio\jbr\bin\nio.dll
0x00007ff9dbfb0000 - 0x00007ff9dbfc0000 	C:\Program Files\Android\Android Studio\jbr\bin\verify.dll
0x00007ff9db950000 - 0x00007ff9db977000 	C:\Users\Admin\.gradle\native\68d5fa5c4cc2d200863cafc0d521ce42e7d3e7ee720ec0a83991735586a16f82\windows-amd64\native-platform.dll
0x00007ff99ab60000 - 0x00007ff99aca4000 	C:\Users\Admin\.gradle\native\e376f236ea51e6404a007f0833ffe2c6e607c4080706a723a18a27aeea778392\windows-amd64\native-platform-file-events.dll
0x00007ff9db6d0000 - 0x00007ff9db6d9000 	C:\Program Files\Android\Android Studio\jbr\bin\management.dll
0x00007ff9db6c0000 - 0x00007ff9db6cb000 	C:\Program Files\Android\Android Studio\jbr\bin\management_ext.dll
0x00007ffa0efa0000 - 0x00007ffa0efa8000 	C:\Windows\System32\PSAPI.DLL
0x00007ffa0be90000 - 0x00007ffa0beab000 	C:\Windows\SYSTEM32\CRYPTSP.dll
0x00007ffa0b720000 - 0x00007ffa0b755000 	C:\Windows\system32\rsaenh.dll
0x00007ffa0bd30000 - 0x00007ffa0bd5c000 	C:\Windows\SYSTEM32\USERENV.dll
0x00007ffa0c0a0000 - 0x00007ffa0c0c8000 	C:\Windows\SYSTEM32\bcrypt.dll
0x00007ffa0c090000 - 0x00007ffa0c09c000 	C:\Windows\SYSTEM32\CRYPTBASE.dll
0x00007ffa0b240000 - 0x00007ffa0b26d000 	C:\Windows\SYSTEM32\IPHLPAPI.DLL
0x00007ffa0ef90000 - 0x00007ffa0ef99000 	C:\Windows\System32\NSI.dll
0x00007ffa05d70000 - 0x00007ffa05d89000 	C:\Windows\SYSTEM32\dhcpcsvc6.DLL
0x00007ffa05d50000 - 0x00007ffa05d6f000 	C:\Windows\SYSTEM32\dhcpcsvc.DLL
0x00007ffa0b2b0000 - 0x00007ffa0b3a9000 	C:\Windows\SYSTEM32\DNSAPI.dll
0x00007ff9dac80000 - 0x00007ff9dac88000 	C:\Windows\system32\wshunix.dll

dbghelp: loaded successfully - version: 4.0.5 - missing functions: none
symbol engine: initialized successfully - sym options: 0x614 - pdb path: .;C:\Program Files\Android\Android Studio\jbr\bin;C:\Windows\SYSTEM32;C:\Windows\WinSxS\amd64_microsoft.windows.common-controls_6595b64144ccf1df_6.0.22621.2506_none_270c5ae97388e100;C:\Program Files\Android\Android Studio\jbr\bin\server;C:\Users\Admin\.gradle\native\68d5fa5c4cc2d200863cafc0d521ce42e7d3e7ee720ec0a83991735586a16f82\windows-amd64;C:\Users\Admin\.gradle\native\e376f236ea51e6404a007f0833ffe2c6e607c4080706a723a18a27aeea778392\windows-amd64

VM Arguments:
jvm_args: -XX:MaxMetaspaceSize=512m --add-opens=java.base/java.util=ALL-UNNAMED --add-opens=java.base/java.lang=ALL-UNNAMED --add-opens=java.base/java.lang.invoke=ALL-UNNAMED --add-opens=java.prefs/java.util.prefs=ALL-UNNAMED --add-opens=java.base/java.nio.charset=ALL-UNNAMED --add-opens=java.base/java.net=ALL-UNNAMED --add-opens=java.base/java.util.concurrent.atomic=ALL-UNNAMED -Xmx2048m -Dfile.encoding=GBK -Duser.country=CN -Duser.language=zh -Duser.variant 
java_command: org.gradle.launcher.daemon.bootstrap.GradleDaemon 8.0.1
java_class_path (initial): C:\Users\Admin\.gradle\wrapper\dists\gradle-8.0.1-all\aro4hu1c3oeioove7l0i4i14o\gradle-8.0.1\lib\gradle-launcher-8.0.1.jar
Launcher Type: SUN_STANDARD

[Global flags]
     intx CICompilerCount                          = 12                                        {product} {ergonomic}
   size_t CompressedClassSpaceSize                 = 432013312                                 {product} {ergonomic}
     uint ConcGCThreads                            = 3                                         {product} {ergonomic}
     uint G1ConcRefinementThreads                  = 13                                        {product} {ergonomic}
   size_t G1HeapRegionSize                         = 1048576                                   {product} {ergonomic}
    uintx GCDrainStackTargetSize                   = 64                                        {product} {ergonomic}
   size_t InitialHeapSize                          = 260046848                                 {product} {ergonomic}
   size_t MarkStackSize                            = 4194304                                   {product} {ergonomic}
   size_t MaxHeapSize                              = 2147483648                                {product} {command line}
   size_t MaxMetaspaceSize                         = 536870912                                 {product} {command line}
   size_t MaxNewSize                               = 1287651328                                {product} {ergonomic}
   size_t MinHeapDeltaBytes                        = 1048576                                   {product} {ergonomic}
   size_t MinHeapSize                              = 8388608                                   {product} {ergonomic}
    uintx NonNMethodCodeHeapSize                   = 7602480                                {pd product} {ergonomic}
    uintx NonProfiledCodeHeapSize                  = 122027880                              {pd product} {ergonomic}
    uintx ProfiledCodeHeapSize                     = 122027880                              {pd product} {ergonomic}
    uintx ReservedCodeCacheSize                    = 251658240                              {pd product} {ergonomic}
     bool SegmentedCodeCache                       = true                                      {product} {ergonomic}
   size_t SoftMaxHeapSize                          = 2147483648                             {manageable} {ergonomic}
     bool UseCompressedClassPointers               = true                           {product lp64_product} {ergonomic}
     bool UseCompressedOops                        = true                           {product lp64_product} {ergonomic}
     bool UseG1GC                                  = true                                      {product} {ergonomic}
     bool UseLargePagesIndividualAllocation        = false                                  {pd product} {ergonomic}

Logging:
Log output configuration:
 #0: stdout all=warning uptime,level,tags
 #1: stderr all=off uptime,level,tags

Environment Variables:
PATH=D:\software\vmware\bin\;C:\Windows\system32 w10zj.com;C:\Windows;C:\Windows\System32\Wbem;C:\Windows\System32\WindowsPowerShell\v1.0\;D:\go sdk\bin;D:\java sdk\jdk-17.0.8\bin;D:\MySQL\MySQL\bin;D:\go sdk\bin;C:\Windows\System32;C:\windows\System32;D:\software\Git\cmd;D:\software\Git\bin;C:\Program Files\nodejs\;C:\Program Files (x86)\NetSarang\Xshell 7\;C:\Users\Admin\AppData\Local\Microsoft\WindowsApps;D:\software\GoLand 2023.2\bin;;C:\Users\Admin\go\bin;C:\Program Files\RedPanda-Cpp\MinGW64\bin;D:\software\Git\bin;D:\software\GoLand 2023.2\bin;C:\Program Files (x86)\Tencent\QQGameTempest\Hall.57938\;C:\Users\Admin\AppData\Local\Programs\Microsoft VS Code\bin;C:\Users\Admin\AppData\Roaming\npm
USERNAME=Admin
OS=Windows_NT
PROCESSOR_IDENTIFIER=AMD64 Family 25 Model 80 Stepping 0, AuthenticAMD
TMP=C:\Users\Admin\AppData\Local\Temp
TEMP=C:\Users\Admin\AppData\Local\Temp


JNI global refs:
JNI global refs: 37, weak refs: 6

JNI global refs memory usage: 843, weak refs: 841


---------------  S Y S T E M  ---------------

OS:
 Windows 11 , 64 bit Build 22621 (10.0.22621.2506)
OS uptime: 0 days 0:48 hours

CPU: total 16 (initial active 16) (16 cores per cpu, 2 threads per core) family 25 model 80 stepping 0 microcode 0x0, cx8, cmov, fxsr, ht, mmx, 3dnowpref, sse, sse2, sse3, ssse3, sse4a, sse4.1, sse4.2, popcnt, lzcnt, tsc, tscinvbit, avx, avx2, aes, erms, clmul, bmi1, bmi2, adx, sha, fma, vzeroupper, clflush, clflushopt

Memory: 4k page, system-wide physical 15763M (494M free)
TotalPageFile size 23955M (AvailPageFile size 3M)
current process WorkingSet (physical memory assigned to process): 400M, peak: 405M
current process commit charge ("private bytes"): 451M, peak: 520M

vm_info: OpenJDK 64-Bit Server VM (17.0.6+0-b2043.56-10027231) for windows-amd64 JRE (17.0.6+0-b2043.56-10027231), built on Apr 28 2023 00:43:19 by "androidbuild" with MS VC++ 16.10 / 16.11 (VS2019)

END.
