#
# There is insufficient memory for the Java Runtime Environment to continue.
# Native memory allocation (mmap) failed to map 260046848 bytes for G1 virtual space
# Possible reasons:
#   The system is out of physical RAM or swap space
#   The process is running with CompressedOops enabled, and the Java Heap may be blocking the growth of the native heap
# Possible solutions:
#   Reduce memory load on the system
#   Increase physical memory or swap space
#   Check if swap backing store is full
#   Decrease Java heap size (-Xmx/-Xms)
#   Decrease number of Java threads
#   Decrease Java thread stack sizes (-Xss)
#   Set larger code cache with -XX:ReservedCodeCacheSize=
#   JVM is running with Zero Based Compressed Oops mode in which the Java heap is
#     placed in the first 32GB address space. The Java Heap base address is the
#     maximum limit for the native heap growth. Please use -XX:HeapBaseMinAddress
#     to set the Java Heap base and to place the Java Heap above 32GB virtual address.
# This output file may be truncated or incomplete.
#
#  Out of Memory Error (os_windows.cpp:3550), pid=19576, tid=19964
#
# JRE version:  (17.0.8+9) (build )
# Java VM: Java HotSpot(TM) 64-Bit Server VM (17.0.8+9-LTS-211, mixed mode, sharing, tiered, compressed oops, compressed class ptrs, g1 gc, windows-amd64)
# No core dump will be written. Minidumps are not enabled by default on client versions of Windows
#

---------------  S U M M A R Y ------------

Command Line: 

Host: AMD Ryzen 7 5700G with Radeon Graphics         , 16 cores, 15G,  Windows 11 , 64 bit Build 22621 (10.0.22621.2506)
Time: Mon Nov 20 14:40:32 2023  Windows 11 , 64 bit Build 22621 (10.0.22621.2506) elapsed time: 0.104822 seconds (0d 0h 0m 0s)

---------------  T H R E A D  ---------------

Current thread (0x000001d7862833d0):  JavaThread "Unknown thread" [_thread_in_vm, id=19964, stack(0x000000ace4f00000,0x000000ace5000000)]

Stack: [0x000000ace4f00000,0x000000ace5000000]
Native frames: (J=compiled Java code, j=interpreted, Vv=VM code, C=native code)
V  [jvm.dll+0x677d0a]
V  [jvm.dll+0x7d8c54]
V  [jvm.dll+0x7da3fe]
V  [jvm.dll+0x7daa63]
V  [jvm.dll+0x245c5f]
V  [jvm.dll+0x674bb9]
V  [jvm.dll+0x6694f2]
V  [jvm.dll+0x3031d6]
V  [jvm.dll+0x30a756]
V  [jvm.dll+0x359f9e]
V  [jvm.dll+0x35a1cf]
V  [jvm.dll+0x2da3e8]
V  [jvm.dll+0x2db354]
V  [jvm.dll+0x7aa711]
V  [jvm.dll+0x367b51]
V  [jvm.dll+0x789979]
V  [jvm.dll+0x3eb05f]
V  [jvm.dll+0x3ecae1]
C  [jli.dll+0x5297]
C  [ucrtbase.dll+0x29363]
C  [KERNEL32.DLL+0x1257d]
C  [ntdll.dll+0x5aa58]


---------------  P R O C E S S  ---------------

Threads class SMR info:
_java_thread_list=0x00007ffca64859d8, length=0, elements={
}

Java Threads: ( => current thread )

Other Threads:
  0x000001d7862ef940 GCTaskThread "GC Thread#0" [stack: 0x000000ace5000000,0x000000ace5100000] [id=12820]
  0x000001d7862ffed0 ConcurrentGCThread "G1 Main Marker" [stack: 0x000000ace5100000,0x000000ace5200000] [id=15284]
  0x000001d7863008e0 ConcurrentGCThread "G1 Conc#0" [stack: 0x000000ace5200000,0x000000ace5300000] [id=17380]

[error occurred during error reporting (printing all threads), id 0xc0000005, EXCEPTION_ACCESS_VIOLATION (0xc0000005) at pc=0x00007ffca5cbb047]

VM state: not at safepoint (not fully initialized)

VM Mutex/Monitor currently owned by a thread:  ([mutex/lock_event])
[0x000001d7862808d0] Heap_lock - owner thread: 0x000001d7862833d0

Heap address: 0x0000000709a00000, size: 3942 MB, Compressed Oops mode: Zero based, Oop shift amount: 3

CDS archive(s) mapped at: [0x0000000000000000-0x0000000000000000-0x0000000000000000), size 0, SharedBaseAddress: 0x0000000800000000, ArchiveRelocationMode: 1.
Narrow klass base: 0x0000000000000000, Narrow klass shift: 0, Narrow klass range: 0x0

GC Precious Log:
<Empty>

Heap:
 garbage-first heap   total 0K, used 0K [0x0000000709a00000, 0x0000000800000000)
  region size 2048K, 0 young (0K), 0 survivors (0K)

[error occurred during error reporting (printing heap information), id 0xc0000005, EXCEPTION_ACCESS_VIOLATION (0xc0000005) at pc=0x00007ffca60a1499]

GC Heap History (0 events):
No events

Deoptimization events (0 events):
No events

Classes unloaded (0 events):
No events

Classes redefined (0 events):
No events

Internal exceptions (0 events):
No events

VM Operations (0 events):
No events

Events (1 events):
Event: 0.030 Loaded shared library D:\java sdk\jdk-17.0.8\bin\java.dll


Dynamic libraries:
0x00007ff793d40000 - 0x00007ff793d50000 	D:\java sdk\jdk-17.0.8\bin\java.exe
0x00007ffd239b0000 - 0x00007ffd23bc7000 	C:\Windows\SYSTEM32\ntdll.dll
0x00007ffd233f0000 - 0x00007ffd234b4000 	C:\Windows\System32\KERNEL32.DLL
0x00007ffd21020000 - 0x00007ffd213c5000 	C:\Windows\System32\KERNELBASE.dll
0x00007ffd20f00000 - 0x00007ffd21011000 	C:\Windows\System32\ucrtbase.dll
0x00007ffd053a0000 - 0x00007ffd053bb000 	D:\java sdk\jdk-17.0.8\bin\VCRUNTIME140.dll
0x00007ffcf6830000 - 0x00007ffcf6849000 	D:\java sdk\jdk-17.0.8\bin\jli.dll
0x00007ffd220d0000 - 0x00007ffd22181000 	C:\Windows\System32\ADVAPI32.dll
0x00007ffd234c0000 - 0x00007ffd23567000 	C:\Windows\System32\msvcrt.dll
0x00007ffd22020000 - 0x00007ffd220c6000 	C:\Windows\System32\sechost.dll
0x00007ffd21cd0000 - 0x00007ffd21de7000 	C:\Windows\System32\RPCRT4.dll
0x00007ffd22520000 - 0x00007ffd226ce000 	C:\Windows\System32\USER32.dll
0x00007ffd20ed0000 - 0x00007ffd20ef6000 	C:\Windows\System32\win32u.dll
0x00007ffcfa770000 - 0x00007ffcfaa03000 	C:\Windows\WinSxS\amd64_microsoft.windows.common-controls_6595b64144ccf1df_6.0.22621.2506_none_270c5ae97388e100\COMCTL32.dll
0x00007ffd22890000 - 0x00007ffd228b9000 	C:\Windows\System32\GDI32.dll
0x00007ffd213d0000 - 0x00007ffd214e9000 	C:\Windows\System32\gdi32full.dll
0x00007ffd214f0000 - 0x00007ffd2158a000 	C:\Windows\System32\msvcp_win.dll
0x00007ffd191b0000 - 0x00007ffd191ba000 	C:\Windows\SYSTEM32\VERSION.dll
0x00007ffd21760000 - 0x00007ffd21791000 	C:\Windows\System32\IMM32.DLL
0x00007ffd05f30000 - 0x00007ffd05f3c000 	D:\java sdk\jdk-17.0.8\bin\vcruntime140_1.dll
0x00007ffcbdd90000 - 0x00007ffcbde1e000 	D:\java sdk\jdk-17.0.8\bin\msvcp140.dll
0x00007ffca59d0000 - 0x00007ffca65ae000 	D:\java sdk\jdk-17.0.8\bin\server\jvm.dll
0x00007ffd236e0000 - 0x00007ffd236e8000 	C:\Windows\System32\PSAPI.DLL
0x00007ffd1e000000 - 0x00007ffd1e009000 	C:\Windows\SYSTEM32\WSOCK32.dll
0x00007ffd228c0000 - 0x00007ffd22931000 	C:\Windows\System32\WS2_32.dll
0x00007ffd17bc0000 - 0x00007ffd17bf4000 	C:\Windows\SYSTEM32\WINMM.dll
0x00007ffd1fd00000 - 0x00007ffd1fd18000 	C:\Windows\SYSTEM32\kernel.appcore.dll
0x00007ffd1dfa0000 - 0x00007ffd1dfaa000 	D:\java sdk\jdk-17.0.8\bin\jimage.dll
0x00007ffd19420000 - 0x00007ffd19653000 	C:\Windows\SYSTEM32\DBGHELP.DLL
0x00007ffd22190000 - 0x00007ffd22519000 	C:\Windows\System32\combase.dll
0x00007ffd23600000 - 0x00007ffd236d7000 	C:\Windows\System32\OLEAUT32.dll
0x00007ffd0c540000 - 0x00007ffd0c572000 	C:\Windows\SYSTEM32\dbgcore.DLL
0x00007ffd20d20000 - 0x00007ffd20d9a000 	C:\Windows\System32\bcryptPrimitives.dll
0x00007ffcf9d90000 - 0x00007ffcf9db5000 	D:\java sdk\jdk-17.0.8\bin\java.dll

dbghelp: loaded successfully - version: 4.0.5 - missing functions: none
symbol engine: initialized successfully - sym options: 0x614 - pdb path: .;D:\java sdk\jdk-17.0.8\bin;C:\Windows\SYSTEM32;C:\Windows\WinSxS\amd64_microsoft.windows.common-controls_6595b64144ccf1df_6.0.22621.2506_none_270c5ae97388e100;D:\java sdk\jdk-17.0.8\bin\server

VM Arguments:
java_command: <unknown>
java_class_path (initial): <not set>
Launcher Type: SUN_STANDARD

[Global flags]
     intx CICompilerCount                          = 12                                        {product} {ergonomic}
     uint ConcGCThreads                            = 3                                         {product} {ergonomic}
     uint G1ConcRefinementThreads                  = 13                                        {product} {ergonomic}
   size_t G1HeapRegionSize                         = 2097152                                   {product} {ergonomic}
    uintx GCDrainStackTargetSize                   = 64                                        {product} {ergonomic}
   size_t InitialHeapSize                          = 260046848                                 {product} {ergonomic}
   size_t MarkStackSize                            = 4194304                                   {product} {ergonomic}
   size_t MaxHeapSize                              = 4133486592                                {product} {ergonomic}
   size_t MinHeapDeltaBytes                        = 2097152                                   {product} {ergonomic}
   size_t MinHeapSize                              = 8388608                                   {product} {ergonomic}
    uintx NonNMethodCodeHeapSize                   = 7602480                                {pd product} {ergonomic}
    uintx NonProfiledCodeHeapSize                  = 122027880                              {pd product} {ergonomic}
    uintx ProfiledCodeHeapSize                     = 122027880                              {pd product} {ergonomic}
    uintx ReservedCodeCacheSize                    = 251658240                              {pd product} {ergonomic}
     bool SegmentedCodeCache                       = true                                      {product} {ergonomic}
   size_t SoftMaxHeapSize                          = 4133486592                             {manageable} {ergonomic}
     bool UseCompressedClassPointers               = true                           {product lp64_product} {ergonomic}
     bool UseCompressedOops                        = true                           {product lp64_product} {ergonomic}
     bool UseG1GC                                  = true                                      {product} {ergonomic}
     bool UseLargePagesIndividualAllocation        = false                                  {pd product} {ergonomic}

Logging:
Log output configuration:
 #0: stdout all=warning uptime,level,tags
 #1: stderr all=off uptime,level,tags

Environment Variables:
PATH=C:\Users\Admin\Desktop\openim-reactnative-demo\node_modules\.bin;C:\Users\Admin\Desktop\openim-reactnative-demo\node_modules\.bin;C:\Users\Admin\Desktop\node_modules\.bin;C:\Users\Admin\node_modules\.bin;C:\Users\node_modules\.bin;C:\node_modules\.bin;C:\Program Files\nodejs\node_modules\npm\node_modules\@npmcli\run-script\lib\node-gyp-bin;C:\Users\Admin\AppData\Local\Temp\yarn--1700460591116-0.8162861929533369;C:\Users\Admin\Desktop\openim-reactnative-demo\node_modules\.bin;C:\Users\Admin\AppData\Local\Yarn\Data\link\node_modules\.bin;C:\Users\Admin\AppData\Local\Yarn\bin;C:\Program Files\libexec\lib\node_modules\npm\bin\node-gyp-bin;C:\Program Files\lib\node_modules\npm\bin\node-gyp-bin;C:\Program Files\nodejs\node_modules\npm\bin\node-gyp-bin;D:\software\vmware\bin\;C:\Windows\system32 w10zj.com;C:\Windows;C:\Windows\System32\Wbem;C:\Windows\System32\WindowsPowerShell\v1.0\;D:\go sdk\bin;D:\java sdk\jdk-17.0.8\bin;D:\MySQL\MySQL\bin;D:\go sdk\bin;C:\Windows\System32;C:\windows\System32;D:\software\Git\cmd;D:\software\Git\bin;C:\Program Files\nodejs\;C:\Program Files (x86)\NetSarang\Xshell 7\;C:\Users\Admin\AppData\Local\Microsoft\WindowsApps;D:\software\GoLand 2023.2\bin;;C:\Users\Admin\go\bin;C:\Program Files\RedPanda-Cpp\MinGW64\bin;D:\software\Git\bin;D:\software\GoLand 2023.2\bin;C:\Program Files (x86)\Tencent\QQGameTempest\Hall.57938\;C:\Users\Admin\AppData\Local\Programs\Microsoft VS Code\bin;C:\Users\Admin\AppData\Roaming\npm
USERNAME=Admin
OS=Windows_NT
PROCESSOR_IDENTIFIER=AMD64 Family 25 Model 80 Stepping 0, AuthenticAMD



---------------  S Y S T E M  ---------------

OS:
 Windows 11 , 64 bit Build 22621 (10.0.22621.2506)
OS uptime: 0 days 5:20 hours

CPU: total 16 (initial active 16) (16 cores per cpu, 2 threads per core) family 25 model 80 stepping 0 microcode 0x0, cx8, cmov, fxsr, ht, mmx, 3dnowpref, sse, sse2, sse3, ssse3, sse4a, sse4.1, sse4.2, popcnt, lzcnt, tsc, tscinvbit, avx, avx2, aes, erms, clmul, bmi1, bmi2, adx, sha, fma, vzeroupper, clflush, clflushopt

Memory: 4k page, system-wide physical 15763M (1337M free)
TotalPageFile size 23955M (AvailPageFile size 82M)
current process WorkingSet (physical memory assigned to process): 11M, peak: 11M
current process commit charge ("private bytes"): 71M, peak: 318M

vm_info: Java HotSpot(TM) 64-Bit Server VM (17.0.8+9-LTS-211) for windows-amd64 JRE (17.0.8+9-LTS-211), built on Jun 14 2023 10:34:31 by "mach5one" with MS VC++ 17.1 (VS2022)

END.
