#
# There is insufficient memory for the Java Runtime Environment to continue.
# Native memory allocation (mmap) failed to map 260046848 bytes for G1 virtual space
# Possible reasons:
#   The system is out of physical RAM or swap space
#   The process is running with CompressedOops enabled, and the Java Heap may be blocking the growth of the native heap
# Possible solutions:
#   Reduce memory load on the system
#   Increase physical memory or swap space
#   Check if swap backing store is full
#   Decrease Java heap size (-Xmx/-Xms)
#   Decrease number of Java threads
#   Decrease Java thread stack sizes (-Xss)
#   Set larger code cache with -XX:ReservedCodeCacheSize=
#   JVM is running with Zero Based Compressed Oops mode in which the Java heap is
#     placed in the first 32GB address space. The Java Heap base address is the
#     maximum limit for the native heap growth. Please use -XX:HeapBaseMinAddress
#     to set the Java Heap base and to place the Java Heap above 32GB virtual address.
# This output file may be truncated or incomplete.
#
#  Out of Memory Error (os_windows.cpp:3550), pid=20052, tid=13516
#
# JRE version:  (17.0.8+9) (build )
# Java VM: Java HotSpot(TM) 64-Bit Server VM (17.0.8+9-LTS-211, mixed mode, sharing, tiered, compressed oops, compressed class ptrs, g1 gc, windows-amd64)
# No core dump will be written. Minidumps are not enabled by default on client versions of Windows
#

---------------  S U M M A R Y ------------

Command Line: 

Host: AMD Ryzen 7 5700G with Radeon Graphics         , 16 cores, 15G,  Windows 11 , 64 bit Build 22621 (10.0.22621.2506)
Time: Wed Nov 15 18:29:28 2023  Windows 11 , 64 bit Build 22621 (10.0.22621.2506) elapsed time: 0.071607 seconds (0d 0h 0m 0s)

---------------  T H R E A D  ---------------

Current thread (0x00000238fd51fcf0):  JavaThread "Unknown thread" [_thread_in_vm, id=13516, stack(0x000000f179700000,0x000000f179800000)]

Stack: [0x000000f179700000,0x000000f179800000]
Native frames: (J=compiled Java code, j=interpreted, Vv=VM code, C=native code)
V  [jvm.dll+0x677d0a]
V  [jvm.dll+0x7d8c54]
V  [jvm.dll+0x7da3fe]
V  [jvm.dll+0x7daa63]
V  [jvm.dll+0x245c5f]
V  [jvm.dll+0x674bb9]
V  [jvm.dll+0x6694f2]
V  [jvm.dll+0x3031d6]
V  [jvm.dll+0x30a756]
V  [jvm.dll+0x359f9e]
V  [jvm.dll+0x35a1cf]
V  [jvm.dll+0x2da3e8]
V  [jvm.dll+0x2db354]
V  [jvm.dll+0x7aa711]
V  [jvm.dll+0x367b51]
V  [jvm.dll+0x789979]
V  [jvm.dll+0x3eb05f]
V  [jvm.dll+0x3ecae1]
C  [jli.dll+0x5297]
C  [ucrtbase.dll+0x29363]
C  [KERNEL32.DLL+0x1257d]
C  [ntdll.dll+0x5aa58]


---------------  P R O C E S S  ---------------

Threads class SMR info:
_java_thread_list=0x00007ffe58be59d8, length=0, elements={
}

Java Threads: ( => current thread )

Other Threads:
  0x00000238fd589310 GCTaskThread "GC Thread#0" [stack: 0x000000f179800000,0x000000f179900000] [id=11048]
  0x00000238fd59a8b0 ConcurrentGCThread "G1 Main Marker" [stack: 0x000000f179900000,0x000000f179a00000] [id=7672]
  0x00000238fd59d970 ConcurrentGCThread "G1 Conc#0" [stack: 0x000000f179a00000,0x000000f179b00000] [id=21148]

[error occurred during error reporting (printing all threads), id 0xc0000005, EXCEPTION_ACCESS_VIOLATION (0xc0000005) at pc=0x00007ffe5841b047]

VM state: not at safepoint (not fully initialized)

VM Mutex/Monitor currently owned by a thread:  ([mutex/lock_event])
[0x00000238fd51b9d0] Heap_lock - owner thread: 0x00000238fd51fcf0

Heap address: 0x0000000709a00000, size: 3942 MB, Compressed Oops mode: Zero based, Oop shift amount: 3

CDS archive(s) mapped at: [0x0000000000000000-0x0000000000000000-0x0000000000000000), size 0, SharedBaseAddress: 0x0000000800000000, ArchiveRelocationMode: 1.
Narrow klass base: 0x0000000000000000, Narrow klass shift: 0, Narrow klass range: 0x0

GC Precious Log:
<Empty>

Heap:
 garbage-first heap   total 0K, used 0K [0x0000000709a00000, 0x0000000800000000)
  region size 2048K, 0 young (0K), 0 survivors (0K)

[error occurred during error reporting (printing heap information), id 0xc0000005, EXCEPTION_ACCESS_VIOLATION (0xc0000005) at pc=0x00007ffe58801499]

GC Heap History (0 events):
No events

Deoptimization events (0 events):
No events

Classes unloaded (0 events):
No events

Classes redefined (0 events):
No events

Internal exceptions (0 events):
No events

VM Operations (0 events):
No events

Events (1 events):
Event: 0.066 Loaded shared library D:\java sdk\jdk-17.0.8\bin\java.dll


Dynamic libraries:
0x00007ff638290000 - 0x00007ff6382a0000 	D:\java sdk\jdk-17.0.8\bin\java.exe
0x00007ffeff770000 - 0x00007ffeff987000 	C:\Windows\SYSTEM32\ntdll.dll
0x00007ffefe8a0000 - 0x00007ffefe964000 	C:\Windows\System32\KERNEL32.DLL
0x00007ffefcb70000 - 0x00007ffefcf17000 	C:\Windows\System32\KERNELBASE.dll
0x00007ffefd2f0000 - 0x00007ffefd401000 	C:\Windows\System32\ucrtbase.dll
0x00007ffec7d50000 - 0x00007ffec7d6b000 	D:\java sdk\jdk-17.0.8\bin\VCRUNTIME140.dll
0x00007ffed2770000 - 0x00007ffed2789000 	D:\java sdk\jdk-17.0.8\bin\jli.dll
0x00007ffeff680000 - 0x00007ffeff730000 	C:\Windows\System32\ADVAPI32.dll
0x00007ffefe1b0000 - 0x00007ffefe257000 	C:\Windows\System32\msvcrt.dll
0x00007ffeff510000 - 0x00007ffeff5b6000 	C:\Windows\System32\sechost.dll
0x00007ffefe600000 - 0x00007ffefe717000 	C:\Windows\System32\RPCRT4.dll
0x00007ffefd7f0000 - 0x00007ffefd99e000 	C:\Windows\System32\USER32.dll
0x00007ffefcf20000 - 0x00007ffefcf46000 	C:\Windows\System32\win32u.dll
0x00007ffee18d0000 - 0x00007ffee1b63000 	C:\Windows\WinSxS\amd64_microsoft.windows.common-controls_6595b64144ccf1df_6.0.22621.2506_none_270c5ae97388e100\COMCTL32.dll
0x00007ffeff5c0000 - 0x00007ffeff5e9000 	C:\Windows\System32\GDI32.dll
0x00007ffefcff0000 - 0x00007ffefd109000 	C:\Windows\System32\gdi32full.dll
0x00007ffefcf50000 - 0x00007ffefcfea000 	C:\Windows\System32\msvcp_win.dll
0x00007ffef5190000 - 0x00007ffef519a000 	C:\Windows\SYSTEM32\VERSION.dll
0x00007ffefe7d0000 - 0x00007ffefe801000 	C:\Windows\System32\IMM32.DLL
0x00007ffef9d60000 - 0x00007ffef9d6c000 	D:\java sdk\jdk-17.0.8\bin\vcruntime140_1.dll
0x00007ffea9450000 - 0x00007ffea94de000 	D:\java sdk\jdk-17.0.8\bin\msvcp140.dll
0x00007ffe58130000 - 0x00007ffe58d0e000 	D:\java sdk\jdk-17.0.8\bin\server\jvm.dll
0x00007ffefe810000 - 0x00007ffefe818000 	C:\Windows\System32\PSAPI.DLL
0x00007ffef3410000 - 0x00007ffef3444000 	C:\Windows\SYSTEM32\WINMM.dll
0x00007ffee6b20000 - 0x00007ffee6b29000 	C:\Windows\SYSTEM32\WSOCK32.dll
0x00007ffefd520000 - 0x00007ffefd591000 	C:\Windows\System32\WS2_32.dll
0x00007ffefbad0000 - 0x00007ffefbae8000 	C:\Windows\SYSTEM32\kernel.appcore.dll
0x00007ffef8070000 - 0x00007ffef807a000 	D:\java sdk\jdk-17.0.8\bin\jimage.dll
0x00007ffef5370000 - 0x00007ffef55a3000 	C:\Windows\SYSTEM32\DBGHELP.DLL
0x00007ffefe270000 - 0x00007ffefe5f9000 	C:\Windows\System32\combase.dll
0x00007ffeff3c0000 - 0x00007ffeff497000 	C:\Windows\System32\OLEAUT32.dll
0x00007ffee7680000 - 0x00007ffee76b2000 	C:\Windows\SYSTEM32\dbgcore.DLL
0x00007ffefcaf0000 - 0x00007ffefcb6a000 	C:\Windows\System32\bcryptPrimitives.dll
0x00007ffeab7f0000 - 0x00007ffeab815000 	D:\java sdk\jdk-17.0.8\bin\java.dll

dbghelp: loaded successfully - version: 4.0.5 - missing functions: none
symbol engine: initialized successfully - sym options: 0x614 - pdb path: .;D:\java sdk\jdk-17.0.8\bin;C:\Windows\SYSTEM32;C:\Windows\WinSxS\amd64_microsoft.windows.common-controls_6595b64144ccf1df_6.0.22621.2506_none_270c5ae97388e100;D:\java sdk\jdk-17.0.8\bin\server

VM Arguments:
java_command: <unknown>
java_class_path (initial): <not set>
Launcher Type: SUN_STANDARD

[Global flags]
     intx CICompilerCount                          = 12                                        {product} {ergonomic}
     uint ConcGCThreads                            = 3                                         {product} {ergonomic}
     uint G1ConcRefinementThreads                  = 13                                        {product} {ergonomic}
   size_t G1HeapRegionSize                         = 2097152                                   {product} {ergonomic}
    uintx GCDrainStackTargetSize                   = 64                                        {product} {ergonomic}
   size_t InitialHeapSize                          = 260046848                                 {product} {ergonomic}
   size_t MarkStackSize                            = 4194304                                   {product} {ergonomic}
   size_t MaxHeapSize                              = 4133486592                                {product} {ergonomic}
   size_t MinHeapDeltaBytes                        = 2097152                                   {product} {ergonomic}
   size_t MinHeapSize                              = 8388608                                   {product} {ergonomic}
    uintx NonNMethodCodeHeapSize                   = 7602480                                {pd product} {ergonomic}
    uintx NonProfiledCodeHeapSize                  = 122027880                              {pd product} {ergonomic}
    uintx ProfiledCodeHeapSize                     = 122027880                              {pd product} {ergonomic}
    uintx ReservedCodeCacheSize                    = 251658240                              {pd product} {ergonomic}
     bool SegmentedCodeCache                       = true                                      {product} {ergonomic}
   size_t SoftMaxHeapSize                          = 4133486592                             {manageable} {ergonomic}
     bool UseCompressedClassPointers               = true                           {product lp64_product} {ergonomic}
     bool UseCompressedOops                        = true                           {product lp64_product} {ergonomic}
     bool UseG1GC                                  = true                                      {product} {ergonomic}
     bool UseLargePagesIndividualAllocation        = false                                  {pd product} {ergonomic}

Logging:
Log output configuration:
 #0: stdout all=warning uptime,level,tags
 #1: stderr all=off uptime,level,tags

Environment Variables:
PATH=C:\Users\Admin\Desktop\openim-reactnative-demo\node_modules\.bin;C:\Users\Admin\Desktop\openim-reactnative-demo\node_modules\.bin;C:\Users\Admin\Desktop\node_modules\.bin;C:\Users\Admin\node_modules\.bin;C:\Users\node_modules\.bin;C:\node_modules\.bin;C:\Program Files\nodejs\node_modules\npm\node_modules\@npmcli\run-script\lib\node-gyp-bin;C:\Users\Admin\Desktop\openim-reactnative-demo\node_modules\.bin;C:\Users\Admin\Desktop\openim-reactnative-demo\node_modules\.bin;C:\Users\Admin\Desktop\node_modules\.bin;C:\Users\Admin\node_modules\.bin;C:\Users\node_modules\.bin;C:\node_modules\.bin;C:\Program Files\nodejs\node_modules\npm\node_modules\@npmcli\run-script\lib\node-gyp-bin;D:\software\vmware\bin\;C:\Windows\system32 w10zj.com;C:\Windows;C:\Windows\System32\Wbem;C:\Windows\System32\WindowsPowerShell\v1.0\;D:\go sdk\bin;D:\java sdk\jdk-17.0.8\bin;D:\MySQL\MySQL\bin;D:\go sdk\bin;C:\Windows\System32;C:\windows\System32;D:\software\Git\cmd;D:\software\Git\bin;C:\Program Files\nodejs\;C:\Program Files (x86)\NetSarang\Xshell 7\;C:\Users\Admin\AppData\Local\Microsoft\WindowsApps;D:\software\GoLand 2023.2\bin;;C:\Users\Admin\go\bin;C:\Program Files\RedPanda-Cpp\MinGW64\bin;D:\software\Git\bin;D:\software\GoLand 2023.2\bin;C:\Program Files (x86)\Tencent\QQGameTempest\Hall.57938\;C:\Users\Admin\AppData\Local\Programs\Microsoft VS Code\bin;C:\Users\Admin\AppData\Roaming\npm
USERNAME=Admin
OS=Windows_NT
PROCESSOR_IDENTIFIER=AMD64 Family 25 Model 80 Stepping 0, AuthenticAMD



---------------  S Y S T E M  ---------------

OS:
 Windows 11 , 64 bit Build 22621 (10.0.22621.2506)
OS uptime: 1 days 0:19 hours

CPU: total 16 (initial active 16) (16 cores per cpu, 2 threads per core) family 25 model 80 stepping 0 microcode 0x0, cx8, cmov, fxsr, ht, mmx, 3dnowpref, sse, sse2, sse3, ssse3, sse4a, sse4.1, sse4.2, popcnt, lzcnt, tsc, tscinvbit, avx, avx2, aes, erms, clmul, bmi1, bmi2, adx, sha, fma, vzeroupper, clflush, clflushopt

Memory: 4k page, system-wide physical 15763M (375M free)
TotalPageFile size 23898M (AvailPageFile size 126M)
current process WorkingSet (physical memory assigned to process): 11M, peak: 11M
current process commit charge ("private bytes"): 70M, peak: 318M

vm_info: Java HotSpot(TM) 64-Bit Server VM (17.0.8+9-LTS-211) for windows-amd64 JRE (17.0.8+9-LTS-211), built on Jun 14 2023 10:34:31 by "mach5one" with MS VC++ 17.1 (VS2022)

END.
